ARM GAS  /tmp/cc2oEowq.s 			page 1


   1              		.cpu cortex-m0
   2              		.eabi_attribute 20, 1
   3              		.eabi_attribute 21, 1
   4              		.eabi_attribute 23, 3
   5              		.eabi_attribute 24, 1
   6              		.eabi_attribute 25, 1
   7              		.eabi_attribute 26, 1
   8              		.eabi_attribute 30, 2
   9              		.eabi_attribute 34, 0
  10              		.eabi_attribute 18, 4
  11              		.file	"crt1.c"
  12              		.file 1 "/usr/lib/gcc/arm-none-eabi/9.2.1/include/stdint.h"
  13              		.file 2 "../../../os/common/ext/ST/STM32F0xx/system_stm32f0xx.h"
  14              		.file 3 "../../../os/common/startup/ARMCMx/compilers/GCC/crt1.c"
  15              		.section	.gnu.debuglto_.debug_info,"e",%progbits
  16              	.Ldebug_info0:
  17              		.hidden	crt1.c.813d5d97
  18              		.weak	crt1.c.813d5d97
  19              	crt1.c.813d5d97:
  20 0000 17030000 		.4byte	0x317
  21 0004 0400     		.2byte	0x4
  22 0006 00000000 		.4byte	.Ldebug_abbrev0
  23 000a 04       		.byte	0x4
  24 000b 01       		.uleb128 0x1
  25 000c 5B020000 		.4byte	.LASF55
  26 0010 0C       		.byte	0xc
  27 0011 15020000 		.4byte	.LASF56
  28 0015 3D040000 		.4byte	.LASF57
  29 0019 00000000 		.4byte	.Ldebug_line0
  30 001d 02       		.uleb128 0x2
  31 001e 01       		.byte	0x1
  32 001f 06       		.byte	0x6
  33 0020 99000000 		.4byte	.LASF0
  34 0024 02       		.uleb128 0x2
  35 0025 02       		.byte	0x2
  36 0026 05       		.byte	0x5
  37 0027 8B030000 		.4byte	.LASF1
  38 002b 02       		.uleb128 0x2
  39 002c 04       		.byte	0x4
  40 002d 05       		.byte	0x5
  41 002e B4000000 		.4byte	.LASF2
  42 0032 02       		.uleb128 0x2
  43 0033 08       		.byte	0x8
  44 0034 05       		.byte	0x5
  45 0035 8B000000 		.4byte	.LASF3
  46 0039 03       		.uleb128 0x3
  47 003a BC040000 		.4byte	.LASF6
  48 003e 01       		.byte	0x1
  49 003f 2E       		.byte	0x2e
  50 0040 18       		.byte	0x18
  51 0041 4A000000 		.4byte	0x4a
  52 0045 04       		.uleb128 0x4
  53 0046 39000000 		.4byte	0x39
  54 004a 02       		.uleb128 0x2
  55 004b 01       		.byte	0x1
  56 004c 08       		.byte	0x8
  57 004d 6A030000 		.4byte	.LASF4
ARM GAS  /tmp/cc2oEowq.s 			page 2


  58 0051 02       		.uleb128 0x2
  59 0052 02       		.byte	0x2
  60 0053 07       		.byte	0x7
  61 0054 78010000 		.4byte	.LASF5
  62 0058 03       		.uleb128 0x3
  63 0059 C2030000 		.4byte	.LASF7
  64 005d 01       		.byte	0x1
  65 005e 34       		.byte	0x34
  66 005f 19       		.byte	0x19
  67 0060 64000000 		.4byte	0x64
  68 0064 02       		.uleb128 0x2
  69 0065 04       		.byte	0x4
  70 0066 07       		.byte	0x7
  71 0067 4B010000 		.4byte	.LASF8
  72 006b 02       		.uleb128 0x2
  73 006c 08       		.byte	0x8
  74 006d 07       		.byte	0x7
  75 006e 65000000 		.4byte	.LASF9
  76 0072 05       		.uleb128 0x5
  77 0073 04       		.byte	0x4
  78 0074 05       		.byte	0x5
  79 0075 696E7400 		.ascii	"int\000"
  80 0079 02       		.uleb128 0x2
  81 007a 04       		.byte	0x4
  82 007b 07       		.byte	0x7
  83 007c 1B010000 		.4byte	.LASF10
  84 0080 06       		.uleb128 0x6
  85 0081 28010000 		.4byte	.LASF11
  86 0085 02       		.byte	0x2
  87 0086 4A       		.byte	0x4a
  88 0087 11       		.byte	0x11
  89 0088 58000000 		.4byte	0x58
  90 008c 07       		.uleb128 0x7
  91 008d 45000000 		.4byte	0x45
  92 0091 9C000000 		.4byte	0x9c
  93 0095 08       		.uleb128 0x8
  94 0096 79000000 		.4byte	0x79
  95 009a 0F       		.byte	0xf
  96 009b 00       		.byte	0
  97 009c 04       		.uleb128 0x4
  98 009d 8C000000 		.4byte	0x8c
  99 00a1 06       		.uleb128 0x6
 100 00a2 C9010000 		.4byte	.LASF12
 101 00a6 02       		.byte	0x2
 102 00a7 4B       		.byte	0x4b
 103 00a8 16       		.byte	0x16
 104 00a9 9C000000 		.4byte	0x9c
 105 00ad 07       		.uleb128 0x7
 106 00ae 45000000 		.4byte	0x45
 107 00b2 BD000000 		.4byte	0xbd
 108 00b6 08       		.uleb128 0x8
 109 00b7 79000000 		.4byte	0x79
 110 00bb 07       		.byte	0x7
 111 00bc 00       		.byte	0
 112 00bd 04       		.uleb128 0x4
 113 00be AD000000 		.4byte	0xad
 114 00c2 06       		.uleb128 0x6
ARM GAS  /tmp/cc2oEowq.s 			page 3


 115 00c3 3D000000 		.4byte	.LASF13
 116 00c7 02       		.byte	0x2
 117 00c8 4C       		.byte	0x4c
 118 00c9 16       		.byte	0x16
 119 00ca BD000000 		.4byte	0xbd
 120 00ce 09       		.uleb128 0x9
 121 00cf 10       		.byte	0x10
 122 00d0 03       		.byte	0x3
 123 00d1 35       		.byte	0x35
 124 00d2 09       		.byte	0x9
 125 00d3 0C010000 		.4byte	0x10c
 126 00d7 0A       		.uleb128 0xa
 127 00d8 DB030000 		.4byte	.LASF14
 128 00dc 03       		.byte	0x3
 129 00dd 36       		.byte	0x36
 130 00de 1A       		.byte	0x1a
 131 00df 0C010000 		.4byte	0x10c
 132 00e3 00       		.byte	0
 133 00e4 0A       		.uleb128 0xa
 134 00e5 52030000 		.4byte	.LASF15
 135 00e9 03       		.byte	0x3
 136 00ea 37       		.byte	0x37
 137 00eb 1A       		.byte	0x1a
 138 00ec 0C010000 		.4byte	0x10c
 139 00f0 04       		.byte	0x4
 140 00f1 0A       		.uleb128 0xa
 141 00f2 32000000 		.4byte	.LASF16
 142 00f6 03       		.byte	0x3
 143 00f7 38       		.byte	0x38
 144 00f8 1A       		.byte	0x1a
 145 00f9 0C010000 		.4byte	0x10c
 146 00fd 08       		.byte	0x8
 147 00fe 0A       		.uleb128 0xa
 148 00ff A0040000 		.4byte	.LASF17
 149 0103 03       		.byte	0x3
 150 0104 39       		.byte	0x39
 151 0105 1A       		.byte	0x1a
 152 0106 0C010000 		.4byte	0x10c
 153 010a 0C       		.byte	0xc
 154 010b 00       		.byte	0
 155 010c 0B       		.uleb128 0xb
 156 010d 04       		.byte	0x4
 157 010e 58000000 		.4byte	0x58
 158 0112 03       		.uleb128 0x3
 159 0113 22000000 		.4byte	.LASF18
 160 0117 03       		.byte	0x3
 161 0118 3A       		.byte	0x3a
 162 0119 03       		.byte	0x3
 163 011a CE000000 		.4byte	0xce
 164 011e 04       		.uleb128 0x4
 165 011f 12010000 		.4byte	0x112
 166 0123 06       		.uleb128 0x6
 167 0124 78030000 		.4byte	.LASF19
 168 0128 03       		.byte	0x3
 169 0129 41       		.byte	0x41
 170 012a 11       		.byte	0x11
 171 012b 58000000 		.4byte	0x58
ARM GAS  /tmp/cc2oEowq.s 			page 4


 172 012f 06       		.uleb128 0x6
 173 0130 0D010000 		.4byte	.LASF20
 174 0134 03       		.byte	0x3
 175 0135 41       		.byte	0x41
 176 0136 25       		.byte	0x25
 177 0137 58000000 		.4byte	0x58
 178 013b 06       		.uleb128 0x6
 179 013c 7C000000 		.4byte	.LASF21
 180 0140 03       		.byte	0x3
 181 0141 41       		.byte	0x41
 182 0142 34       		.byte	0x34
 183 0143 58000000 		.4byte	0x58
 184 0147 06       		.uleb128 0x6
 185 0148 B2030000 		.4byte	.LASF22
 186 014c 03       		.byte	0x3
 187 014d 41       		.byte	0x41
 188 014e 44       		.byte	0x44
 189 014f 58000000 		.4byte	0x58
 190 0153 06       		.uleb128 0x6
 191 0154 EA030000 		.4byte	.LASF23
 192 0158 03       		.byte	0x3
 193 0159 44       		.byte	0x44
 194 015a 11       		.byte	0x11
 195 015b 58000000 		.4byte	0x58
 196 015f 06       		.uleb128 0x6
 197 0160 C4040000 		.4byte	.LASF24
 198 0164 03       		.byte	0x3
 199 0165 44       		.byte	0x44
 200 0166 25       		.byte	0x25
 201 0167 58000000 		.4byte	0x58
 202 016b 06       		.uleb128 0x6
 203 016c DA000000 		.4byte	.LASF25
 204 0170 03       		.byte	0x3
 205 0171 44       		.byte	0x44
 206 0172 34       		.byte	0x34
 207 0173 58000000 		.4byte	0x58
 208 0177 06       		.uleb128 0x6
 209 0178 42030000 		.4byte	.LASF26
 210 017c 03       		.byte	0x3
 211 017d 44       		.byte	0x44
 212 017e 44       		.byte	0x44
 213 017f 58000000 		.4byte	0x58
 214 0183 06       		.uleb128 0x6
 215 0184 38010000 		.4byte	.LASF27
 216 0188 03       		.byte	0x3
 217 0189 47       		.byte	0x47
 218 018a 11       		.byte	0x11
 219 018b 58000000 		.4byte	0x58
 220 018f 06       		.uleb128 0x6
 221 0190 95030000 		.4byte	.LASF28
 222 0194 03       		.byte	0x3
 223 0195 47       		.byte	0x47
 224 0196 25       		.byte	0x25
 225 0197 58000000 		.4byte	0x58
 226 019b 06       		.uleb128 0x6
 227 019c 8B010000 		.4byte	.LASF29
 228 01a0 03       		.byte	0x3
ARM GAS  /tmp/cc2oEowq.s 			page 5


 229 01a1 47       		.byte	0x47
 230 01a2 34       		.byte	0x34
 231 01a3 58000000 		.4byte	0x58
 232 01a7 06       		.uleb128 0x6
 233 01a8 CB030000 		.4byte	.LASF30
 234 01ac 03       		.byte	0x3
 235 01ad 47       		.byte	0x47
 236 01ae 44       		.byte	0x44
 237 01af 58000000 		.4byte	0x58
 238 01b3 06       		.uleb128 0x6
 239 01b4 C7000000 		.4byte	.LASF31
 240 01b8 03       		.byte	0x3
 241 01b9 4A       		.byte	0x4a
 242 01ba 11       		.byte	0x11
 243 01bb 58000000 		.4byte	0x58
 244 01bf 06       		.uleb128 0x6
 245 01c0 6A010000 		.4byte	.LASF32
 246 01c4 03       		.byte	0x3
 247 01c5 4A       		.byte	0x4a
 248 01c6 25       		.byte	0x25
 249 01c7 58000000 		.4byte	0x58
 250 01cb 06       		.uleb128 0x6
 251 01cc 4C020000 		.4byte	.LASF33
 252 01d0 03       		.byte	0x3
 253 01d1 4A       		.byte	0x4a
 254 01d2 34       		.byte	0x34
 255 01d3 58000000 		.4byte	0x58
 256 01d7 06       		.uleb128 0x6
 257 01d8 A9010000 		.4byte	.LASF34
 258 01dc 03       		.byte	0x3
 259 01dd 4A       		.byte	0x4a
 260 01de 44       		.byte	0x44
 261 01df 58000000 		.4byte	0x58
 262 01e3 06       		.uleb128 0x6
 263 01e4 17040000 		.4byte	.LASF35
 264 01e8 03       		.byte	0x3
 265 01e9 4D       		.byte	0x4d
 266 01ea 11       		.byte	0x11
 267 01eb 58000000 		.4byte	0x58
 268 01ef 06       		.uleb128 0x6
 269 01f0 5C030000 		.4byte	.LASF36
 270 01f4 03       		.byte	0x3
 271 01f5 4D       		.byte	0x4d
 272 01f6 25       		.byte	0x25
 273 01f7 58000000 		.4byte	0x58
 274 01fb 06       		.uleb128 0x6
 275 01fc A3030000 		.4byte	.LASF37
 276 0200 03       		.byte	0x3
 277 0201 4D       		.byte	0x4d
 278 0202 34       		.byte	0x34
 279 0203 58000000 		.4byte	0x58
 280 0207 06       		.uleb128 0x6
 281 0208 B9010000 		.4byte	.LASF38
 282 020c 03       		.byte	0x3
 283 020d 4D       		.byte	0x4d
 284 020e 44       		.byte	0x44
 285 020f 58000000 		.4byte	0x58
ARM GAS  /tmp/cc2oEowq.s 			page 6


 286 0213 06       		.uleb128 0x6
 287 0214 0F000000 		.4byte	.LASF39
 288 0218 03       		.byte	0x3
 289 0219 50       		.byte	0x50
 290 021a 11       		.byte	0x11
 291 021b 58000000 		.4byte	0x58
 292 021f 06       		.uleb128 0x6
 293 0220 57000000 		.4byte	.LASF40
 294 0224 03       		.byte	0x3
 295 0225 50       		.byte	0x50
 296 0226 25       		.byte	0x25
 297 0227 58000000 		.4byte	0x58
 298 022b 06       		.uleb128 0x6
 299 022c AD040000 		.4byte	.LASF41
 300 0230 03       		.byte	0x3
 301 0231 50       		.byte	0x50
 302 0232 34       		.byte	0x34
 303 0233 58000000 		.4byte	0x58
 304 0237 06       		.uleb128 0x6
 305 0238 D7010000 		.4byte	.LASF42
 306 023c 03       		.byte	0x3
 307 023d 50       		.byte	0x50
 308 023e 44       		.byte	0x44
 309 023f 58000000 		.4byte	0x58
 310 0243 06       		.uleb128 0x6
 311 0244 E9000000 		.4byte	.LASF43
 312 0248 03       		.byte	0x3
 313 0249 53       		.byte	0x53
 314 024a 11       		.byte	0x11
 315 024b 58000000 		.4byte	0x58
 316 024f 06       		.uleb128 0x6
 317 0250 09040000 		.4byte	.LASF44
 318 0254 03       		.byte	0x3
 319 0255 53       		.byte	0x53
 320 0256 25       		.byte	0x25
 321 0257 58000000 		.4byte	0x58
 322 025b 06       		.uleb128 0x6
 323 025c 00000000 		.4byte	.LASF45
 324 0260 03       		.byte	0x3
 325 0261 53       		.byte	0x53
 326 0262 34       		.byte	0x34
 327 0263 58000000 		.4byte	0x58
 328 0267 06       		.uleb128 0x6
 329 0268 E7010000 		.4byte	.LASF46
 330 026c 03       		.byte	0x3
 331 026d 53       		.byte	0x53
 332 026e 44       		.byte	0x44
 333 026f 58000000 		.4byte	0x58
 334 0273 06       		.uleb128 0x6
 335 0274 2A040000 		.4byte	.LASF47
 336 0278 03       		.byte	0x3
 337 0279 56       		.byte	0x56
 338 027a 11       		.byte	0x11
 339 027b 58000000 		.4byte	0x58
 340 027f 06       		.uleb128 0x6
 341 0280 07020000 		.4byte	.LASF48
 342 0284 03       		.byte	0x3
ARM GAS  /tmp/cc2oEowq.s 			page 7


 343 0285 56       		.byte	0x56
 344 0286 25       		.byte	0x25
 345 0287 58000000 		.4byte	0x58
 346 028b 06       		.uleb128 0x6
 347 028c A5000000 		.4byte	.LASF49
 348 0290 03       		.byte	0x3
 349 0291 56       		.byte	0x56
 350 0292 34       		.byte	0x34
 351 0293 58000000 		.4byte	0x58
 352 0297 06       		.uleb128 0x6
 353 0298 F7010000 		.4byte	.LASF50
 354 029c 03       		.byte	0x3
 355 029d 56       		.byte	0x56
 356 029e 44       		.byte	0x44
 357 029f 58000000 		.4byte	0x58
 358 02a3 07       		.uleb128 0x7
 359 02a4 1E010000 		.4byte	0x11e
 360 02a8 B3020000 		.4byte	0x2b3
 361 02ac 08       		.uleb128 0x8
 362 02ad 79000000 		.4byte	0x79
 363 02b1 07       		.byte	0x7
 364 02b2 00       		.byte	0
 365 02b3 04       		.uleb128 0x4
 366 02b4 A3020000 		.4byte	0x2a3
 367 02b8 0C       		.uleb128 0xc
 368 02b9 BD000000 		.4byte	.LASF51
 369 02bd 03       		.byte	0x3
 370 02be 5D       		.byte	0x5d
 371 02bf 1E       		.byte	0x1e
 372 02c0 B3020000 		.4byte	0x2b3
 373 02c4 0D       		.uleb128 0xd
 374 02c5 FC000000 		.4byte	.LASF58
 375 02c9 03       		.byte	0x3
 376 02ca C1       		.byte	0xc1
 377 02cb 06       		.byte	0x6
 378 02cc F4020000 		.4byte	0x2f4
 379 02d0 0E       		.uleb128 0xe
 380 02d1 72617000 		.ascii	"rap\000"
 381 02d5 03       		.byte	0x3
 382 02d6 C3       		.byte	0xc3
 383 02d7 1A       		.byte	0x1a
 384 02d8 F4020000 		.4byte	0x2f4
 385 02dc 0F       		.uleb128 0xf
 386 02dd 0E       		.uleb128 0xe
 387 02de 747000   		.ascii	"tp\000"
 388 02e1 03       		.byte	0x3
 389 02e2 C6       		.byte	0xc6
 390 02e3 0F       		.byte	0xf
 391 02e4 0C010000 		.4byte	0x10c
 392 02e8 0E       		.uleb128 0xe
 393 02e9 7000     		.ascii	"p\000"
 394 02eb 03       		.byte	0x3
 395 02ec C7       		.byte	0xc7
 396 02ed 0F       		.byte	0xf
 397 02ee 0C010000 		.4byte	0x10c
 398 02f2 00       		.byte	0
 399 02f3 00       		.byte	0
ARM GAS  /tmp/cc2oEowq.s 			page 8


 400 02f4 0B       		.uleb128 0xb
 401 02f5 04       		.byte	0x4
 402 02f6 1E010000 		.4byte	0x11e
 403 02fa 10       		.uleb128 0x10
 404 02fb 9A010000 		.4byte	.LASF59
 405 02ff 03       		.byte	0x3
 406 0300 B7       		.byte	0xb7
 407 0301 06       		.byte	0x6
 408 0302 11       		.uleb128 0x11
 409 0303 4B000000 		.4byte	.LASF52
 410 0307 03       		.byte	0x3
 411 0308 AA       		.byte	0xaa
 412 0309 06       		.byte	0x6
 413 030a 11       		.uleb128 0x11
 414 030b 5D010000 		.4byte	.LASF53
 415 030f 03       		.byte	0x3
 416 0310 9C       		.byte	0x9c
 417 0311 06       		.byte	0x6
 418 0312 11       		.uleb128 0x11
 419 0313 FD030000 		.4byte	.LASF54
 420 0317 03       		.byte	0x3
 421 0318 89       		.byte	0x89
 422 0319 06       		.byte	0x6
 423 031a 00       		.byte	0
 424              		.section	.gnu.debuglto_.debug_abbrev,"e",%progbits
 425              	.Ldebug_abbrev0:
 426 0000 01       		.uleb128 0x1
 427 0001 11       		.uleb128 0x11
 428 0002 01       		.byte	0x1
 429 0003 25       		.uleb128 0x25
 430 0004 0E       		.uleb128 0xe
 431 0005 13       		.uleb128 0x13
 432 0006 0B       		.uleb128 0xb
 433 0007 03       		.uleb128 0x3
 434 0008 0E       		.uleb128 0xe
 435 0009 1B       		.uleb128 0x1b
 436 000a 0E       		.uleb128 0xe
 437 000b 10       		.uleb128 0x10
 438 000c 17       		.uleb128 0x17
 439 000d 00       		.byte	0
 440 000e 00       		.byte	0
 441 000f 02       		.uleb128 0x2
 442 0010 24       		.uleb128 0x24
 443 0011 00       		.byte	0
 444 0012 0B       		.uleb128 0xb
 445 0013 0B       		.uleb128 0xb
 446 0014 3E       		.uleb128 0x3e
 447 0015 0B       		.uleb128 0xb
 448 0016 03       		.uleb128 0x3
 449 0017 0E       		.uleb128 0xe
 450 0018 00       		.byte	0
 451 0019 00       		.byte	0
 452 001a 03       		.uleb128 0x3
 453 001b 16       		.uleb128 0x16
 454 001c 00       		.byte	0
 455 001d 03       		.uleb128 0x3
 456 001e 0E       		.uleb128 0xe
ARM GAS  /tmp/cc2oEowq.s 			page 9


 457 001f 3A       		.uleb128 0x3a
 458 0020 0B       		.uleb128 0xb
 459 0021 3B       		.uleb128 0x3b
 460 0022 0B       		.uleb128 0xb
 461 0023 39       		.uleb128 0x39
 462 0024 0B       		.uleb128 0xb
 463 0025 49       		.uleb128 0x49
 464 0026 13       		.uleb128 0x13
 465 0027 00       		.byte	0
 466 0028 00       		.byte	0
 467 0029 04       		.uleb128 0x4
 468 002a 26       		.uleb128 0x26
 469 002b 00       		.byte	0
 470 002c 49       		.uleb128 0x49
 471 002d 13       		.uleb128 0x13
 472 002e 00       		.byte	0
 473 002f 00       		.byte	0
 474 0030 05       		.uleb128 0x5
 475 0031 24       		.uleb128 0x24
 476 0032 00       		.byte	0
 477 0033 0B       		.uleb128 0xb
 478 0034 0B       		.uleb128 0xb
 479 0035 3E       		.uleb128 0x3e
 480 0036 0B       		.uleb128 0xb
 481 0037 03       		.uleb128 0x3
 482 0038 08       		.uleb128 0x8
 483 0039 00       		.byte	0
 484 003a 00       		.byte	0
 485 003b 06       		.uleb128 0x6
 486 003c 34       		.uleb128 0x34
 487 003d 00       		.byte	0
 488 003e 03       		.uleb128 0x3
 489 003f 0E       		.uleb128 0xe
 490 0040 3A       		.uleb128 0x3a
 491 0041 0B       		.uleb128 0xb
 492 0042 3B       		.uleb128 0x3b
 493 0043 0B       		.uleb128 0xb
 494 0044 39       		.uleb128 0x39
 495 0045 0B       		.uleb128 0xb
 496 0046 49       		.uleb128 0x49
 497 0047 13       		.uleb128 0x13
 498 0048 3F       		.uleb128 0x3f
 499 0049 19       		.uleb128 0x19
 500 004a 3C       		.uleb128 0x3c
 501 004b 19       		.uleb128 0x19
 502 004c 00       		.byte	0
 503 004d 00       		.byte	0
 504 004e 07       		.uleb128 0x7
 505 004f 01       		.uleb128 0x1
 506 0050 01       		.byte	0x1
 507 0051 49       		.uleb128 0x49
 508 0052 13       		.uleb128 0x13
 509 0053 01       		.uleb128 0x1
 510 0054 13       		.uleb128 0x13
 511 0055 00       		.byte	0
 512 0056 00       		.byte	0
 513 0057 08       		.uleb128 0x8
ARM GAS  /tmp/cc2oEowq.s 			page 10


 514 0058 21       		.uleb128 0x21
 515 0059 00       		.byte	0
 516 005a 49       		.uleb128 0x49
 517 005b 13       		.uleb128 0x13
 518 005c 2F       		.uleb128 0x2f
 519 005d 0B       		.uleb128 0xb
 520 005e 00       		.byte	0
 521 005f 00       		.byte	0
 522 0060 09       		.uleb128 0x9
 523 0061 13       		.uleb128 0x13
 524 0062 01       		.byte	0x1
 525 0063 0B       		.uleb128 0xb
 526 0064 0B       		.uleb128 0xb
 527 0065 3A       		.uleb128 0x3a
 528 0066 0B       		.uleb128 0xb
 529 0067 3B       		.uleb128 0x3b
 530 0068 0B       		.uleb128 0xb
 531 0069 39       		.uleb128 0x39
 532 006a 0B       		.uleb128 0xb
 533 006b 01       		.uleb128 0x1
 534 006c 13       		.uleb128 0x13
 535 006d 00       		.byte	0
 536 006e 00       		.byte	0
 537 006f 0A       		.uleb128 0xa
 538 0070 0D       		.uleb128 0xd
 539 0071 00       		.byte	0
 540 0072 03       		.uleb128 0x3
 541 0073 0E       		.uleb128 0xe
 542 0074 3A       		.uleb128 0x3a
 543 0075 0B       		.uleb128 0xb
 544 0076 3B       		.uleb128 0x3b
 545 0077 0B       		.uleb128 0xb
 546 0078 39       		.uleb128 0x39
 547 0079 0B       		.uleb128 0xb
 548 007a 49       		.uleb128 0x49
 549 007b 13       		.uleb128 0x13
 550 007c 38       		.uleb128 0x38
 551 007d 0B       		.uleb128 0xb
 552 007e 00       		.byte	0
 553 007f 00       		.byte	0
 554 0080 0B       		.uleb128 0xb
 555 0081 0F       		.uleb128 0xf
 556 0082 00       		.byte	0
 557 0083 0B       		.uleb128 0xb
 558 0084 0B       		.uleb128 0xb
 559 0085 49       		.uleb128 0x49
 560 0086 13       		.uleb128 0x13
 561 0087 00       		.byte	0
 562 0088 00       		.byte	0
 563 0089 0C       		.uleb128 0xc
 564 008a 34       		.uleb128 0x34
 565 008b 00       		.byte	0
 566 008c 03       		.uleb128 0x3
 567 008d 0E       		.uleb128 0xe
 568 008e 3A       		.uleb128 0x3a
 569 008f 0B       		.uleb128 0xb
 570 0090 3B       		.uleb128 0x3b
ARM GAS  /tmp/cc2oEowq.s 			page 11


 571 0091 0B       		.uleb128 0xb
 572 0092 39       		.uleb128 0x39
 573 0093 0B       		.uleb128 0xb
 574 0094 49       		.uleb128 0x49
 575 0095 13       		.uleb128 0x13
 576 0096 00       		.byte	0
 577 0097 00       		.byte	0
 578 0098 0D       		.uleb128 0xd
 579 0099 2E       		.uleb128 0x2e
 580 009a 01       		.byte	0x1
 581 009b 3F       		.uleb128 0x3f
 582 009c 19       		.uleb128 0x19
 583 009d 03       		.uleb128 0x3
 584 009e 0E       		.uleb128 0xe
 585 009f 3A       		.uleb128 0x3a
 586 00a0 0B       		.uleb128 0xb
 587 00a1 3B       		.uleb128 0x3b
 588 00a2 0B       		.uleb128 0xb
 589 00a3 39       		.uleb128 0x39
 590 00a4 0B       		.uleb128 0xb
 591 00a5 27       		.uleb128 0x27
 592 00a6 19       		.uleb128 0x19
 593 00a7 01       		.uleb128 0x1
 594 00a8 13       		.uleb128 0x13
 595 00a9 00       		.byte	0
 596 00aa 00       		.byte	0
 597 00ab 0E       		.uleb128 0xe
 598 00ac 34       		.uleb128 0x34
 599 00ad 00       		.byte	0
 600 00ae 03       		.uleb128 0x3
 601 00af 08       		.uleb128 0x8
 602 00b0 3A       		.uleb128 0x3a
 603 00b1 0B       		.uleb128 0xb
 604 00b2 3B       		.uleb128 0x3b
 605 00b3 0B       		.uleb128 0xb
 606 00b4 39       		.uleb128 0x39
 607 00b5 0B       		.uleb128 0xb
 608 00b6 49       		.uleb128 0x49
 609 00b7 13       		.uleb128 0x13
 610 00b8 00       		.byte	0
 611 00b9 00       		.byte	0
 612 00ba 0F       		.uleb128 0xf
 613 00bb 0B       		.uleb128 0xb
 614 00bc 01       		.byte	0x1
 615 00bd 00       		.byte	0
 616 00be 00       		.byte	0
 617 00bf 10       		.uleb128 0x10
 618 00c0 2E       		.uleb128 0x2e
 619 00c1 00       		.byte	0
 620 00c2 3F       		.uleb128 0x3f
 621 00c3 19       		.uleb128 0x19
 622 00c4 03       		.uleb128 0x3
 623 00c5 0E       		.uleb128 0xe
 624 00c6 3A       		.uleb128 0x3a
 625 00c7 0B       		.uleb128 0xb
 626 00c8 3B       		.uleb128 0x3b
 627 00c9 0B       		.uleb128 0xb
ARM GAS  /tmp/cc2oEowq.s 			page 12


 628 00ca 39       		.uleb128 0x39
 629 00cb 0B       		.uleb128 0xb
 630 00cc 27       		.uleb128 0x27
 631 00cd 19       		.uleb128 0x19
 632 00ce 8701     		.uleb128 0x87
 633 00d0 19       		.uleb128 0x19
 634 00d1 00       		.byte	0
 635 00d2 00       		.byte	0
 636 00d3 11       		.uleb128 0x11
 637 00d4 2E       		.uleb128 0x2e
 638 00d5 00       		.byte	0
 639 00d6 3F       		.uleb128 0x3f
 640 00d7 19       		.uleb128 0x19
 641 00d8 03       		.uleb128 0x3
 642 00d9 0E       		.uleb128 0xe
 643 00da 3A       		.uleb128 0x3a
 644 00db 0B       		.uleb128 0xb
 645 00dc 3B       		.uleb128 0x3b
 646 00dd 0B       		.uleb128 0xb
 647 00de 39       		.uleb128 0x39
 648 00df 0B       		.uleb128 0xb
 649 00e0 27       		.uleb128 0x27
 650 00e1 19       		.uleb128 0x19
 651 00e2 00       		.byte	0
 652 00e3 00       		.byte	0
 653 00e4 00       		.byte	0
 654              		.section	.gnu.debuglto_.debug_line,"e",%progbits
 655              	.Ldebug_line0:
 656 0000 C3000000 		.4byte	.LELT0-.LSLT0
 657              	.LSLT0:
 658 0004 0400     		.2byte	0x4
 659 0006 BD000000 		.4byte	.LELTP0-.LASLTP0
 660              	.LASLTP0:
 661 000a 01       		.byte	0x1
 662 000b 01       		.byte	0x1
 663 000c 01       		.byte	0x1
 664 000d F6       		.byte	0xf6
 665 000e F2       		.byte	0xf2
 666 000f 0D       		.byte	0xd
 667 0010 00       		.byte	0
 668 0011 01       		.byte	0x1
 669 0012 01       		.byte	0x1
 670 0013 01       		.byte	0x1
 671 0014 01       		.byte	0x1
 672 0015 00       		.byte	0
 673 0016 00       		.byte	0
 674 0017 00       		.byte	0
 675 0018 01       		.byte	0x1
 676 0019 00       		.byte	0
 677 001a 00       		.byte	0
 678 001b 01       		.byte	0x1
 679 001c 2E2E2F2E 		.ascii	"../../../os/common/ext/ST/STM32F0xx"
 679      2E2F2E2E 
 679      2F6F732F 
 679      636F6D6D 
 679      6F6E2F65 
 680 003f 00       		.byte	0
ARM GAS  /tmp/cc2oEowq.s 			page 13


 681 0040 2E2E2F2E 		.ascii	"../../../os/common/startup/ARMCMx/compilers/GCC"
 681      2E2F2E2E 
 681      2F6F732F 
 681      636F6D6D 
 681      6F6E2F73 
 682 006f 00       		.byte	0
 683 0070 2F757372 		.ascii	"/usr/lib/gcc/arm-none-eabi/9.2.1/include"
 683      2F6C6962 
 683      2F676363 
 683      2F61726D 
 683      2D6E6F6E 
 684 0098 00       		.byte	0
 685 0099 00       		.byte	0
 686 009a 73746469 		.ascii	"stdint.h\000"
 686      6E742E68 
 686      00
 687 00a3 03       		.uleb128 0x3
 688 00a4 00       		.uleb128 0
 689 00a5 00       		.uleb128 0
 690 00a6 73797374 		.ascii	"system_stm32f0xx.h\000"
 690      656D5F73 
 690      746D3332 
 690      66307878 
 690      2E6800
 691 00b9 01       		.uleb128 0x1
 692 00ba 00       		.uleb128 0
 693 00bb 00       		.uleb128 0
 694 00bc 63727431 		.ascii	"crt1.c\000"
 694      2E6300
 695 00c3 02       		.uleb128 0x2
 696 00c4 00       		.uleb128 0
 697 00c5 00       		.uleb128 0
 698 00c6 00       		.byte	0
 699              	.LELTP0:
 700              	.LELT0:
 701              		.section	.gnu.debuglto_.debug_str,"eMS",%progbits,1
 702              	.LASF45:
 703 0000 5F5F7261 		.ascii	"__ram6_clear__\000"
 703      6D365F63 
 703      6C656172 
 703      5F5F00
 704              	.LASF39:
 705 000f 5F5F7261 		.ascii	"__ram5_init_text__\000"
 705      6D355F69 
 705      6E69745F 
 705      74657874 
 705      5F5F00
 706              	.LASF18:
 707 0022 72616D5F 		.ascii	"ram_init_area_t\000"
 707      696E6974 
 707      5F617265 
 707      615F7400 
 708              	.LASF16:
 709 0032 636C6561 		.ascii	"clear_area\000"
 709      725F6172 
 709      656100
 710              	.LASF13:
ARM GAS  /tmp/cc2oEowq.s 			page 14


 711 003d 41504250 		.ascii	"APBPrescTable\000"
 711      72657363 
 711      5461626C 
 711      6500
 712              	.LASF52:
 713 004b 5F5F6C61 		.ascii	"__late_init\000"
 713      74655F69 
 713      6E697400 
 714              	.LASF40:
 715 0057 5F5F7261 		.ascii	"__ram5_init__\000"
 715      6D355F69 
 715      6E69745F 
 715      5F00
 716              	.LASF9:
 717 0065 6C6F6E67 		.ascii	"long long unsigned int\000"
 717      206C6F6E 
 717      6720756E 
 717      7369676E 
 717      65642069 
 718              	.LASF21:
 719 007c 5F5F7261 		.ascii	"__ram0_clear__\000"
 719      6D305F63 
 719      6C656172 
 719      5F5F00
 720              	.LASF3:
 721 008b 6C6F6E67 		.ascii	"long long int\000"
 721      206C6F6E 
 721      6720696E 
 721      7400
 722              	.LASF0:
 723 0099 7369676E 		.ascii	"signed char\000"
 723      65642063 
 723      68617200 
 724              	.LASF49:
 725 00a5 5F5F7261 		.ascii	"__ram7_clear__\000"
 725      6D375F63 
 725      6C656172 
 725      5F5F00
 726              	.LASF2:
 727 00b4 6C6F6E67 		.ascii	"long int\000"
 727      20696E74 
 727      00
 728              	.LASF51:
 729 00bd 72616D5F 		.ascii	"ram_areas\000"
 729      61726561 
 729      7300
 730              	.LASF31:
 731 00c7 5F5F7261 		.ascii	"__ram3_init_text__\000"
 731      6D335F69 
 731      6E69745F 
 731      74657874 
 731      5F5F00
 732              	.LASF25:
 733 00da 5F5F7261 		.ascii	"__ram1_clear__\000"
 733      6D315F63 
 733      6C656172 
 733      5F5F00
ARM GAS  /tmp/cc2oEowq.s 			page 15


 734              	.LASF43:
 735 00e9 5F5F7261 		.ascii	"__ram6_init_text__\000"
 735      6D365F69 
 735      6E69745F 
 735      74657874 
 735      5F5F00
 736              	.LASF58:
 737 00fc 5F5F696E 		.ascii	"__init_ram_areas\000"
 737      69745F72 
 737      616D5F61 
 737      72656173 
 737      00
 738              	.LASF20:
 739 010d 5F5F7261 		.ascii	"__ram0_init__\000"
 739      6D305F69 
 739      6E69745F 
 739      5F00
 740              	.LASF10:
 741 011b 756E7369 		.ascii	"unsigned int\000"
 741      676E6564 
 741      20696E74 
 741      00
 742              	.LASF11:
 743 0128 53797374 		.ascii	"SystemCoreClock\000"
 743      656D436F 
 743      7265436C 
 743      6F636B00 
 744              	.LASF27:
 745 0138 5F5F7261 		.ascii	"__ram2_init_text__\000"
 745      6D325F69 
 745      6E69745F 
 745      74657874 
 745      5F5F00
 746              	.LASF8:
 747 014b 6C6F6E67 		.ascii	"long unsigned int\000"
 747      20756E73 
 747      69676E65 
 747      6420696E 
 747      7400
 748              	.LASF53:
 749 015d 5F5F6561 		.ascii	"__early_init\000"
 749      726C795F 
 749      696E6974 
 749      00
 750              	.LASF32:
 751 016a 5F5F7261 		.ascii	"__ram3_init__\000"
 751      6D335F69 
 751      6E69745F 
 751      5F00
 752              	.LASF5:
 753 0178 73686F72 		.ascii	"short unsigned int\000"
 753      7420756E 
 753      7369676E 
 753      65642069 
 753      6E7400
 754              	.LASF29:
 755 018b 5F5F7261 		.ascii	"__ram2_clear__\000"
ARM GAS  /tmp/cc2oEowq.s 			page 16


 755      6D325F63 
 755      6C656172 
 755      5F5F00
 756              	.LASF59:
 757 019a 5F5F6465 		.ascii	"__default_exit\000"
 757      6661756C 
 757      745F6578 
 757      697400
 758              	.LASF34:
 759 01a9 5F5F7261 		.ascii	"__ram3_noinit__\000"
 759      6D335F6E 
 759      6F696E69 
 759      745F5F00 
 760              	.LASF38:
 761 01b9 5F5F7261 		.ascii	"__ram4_noinit__\000"
 761      6D345F6E 
 761      6F696E69 
 761      745F5F00 
 762              	.LASF12:
 763 01c9 41484250 		.ascii	"AHBPrescTable\000"
 763      72657363 
 763      5461626C 
 763      6500
 764              	.LASF42:
 765 01d7 5F5F7261 		.ascii	"__ram5_noinit__\000"
 765      6D355F6E 
 765      6F696E69 
 765      745F5F00 
 766              	.LASF46:
 767 01e7 5F5F7261 		.ascii	"__ram6_noinit__\000"
 767      6D365F6E 
 767      6F696E69 
 767      745F5F00 
 768              	.LASF50:
 769 01f7 5F5F7261 		.ascii	"__ram7_noinit__\000"
 769      6D375F6E 
 769      6F696E69 
 769      745F5F00 
 770              	.LASF48:
 771 0207 5F5F7261 		.ascii	"__ram7_init__\000"
 771      6D375F69 
 771      6E69745F 
 771      5F00
 772              	.LASF56:
 773 0215 2E2E2F2E 		.ascii	"../../../os/common/startup/ARMCMx/compilers/GCC/crt"
 773      2E2F2E2E 
 773      2F6F732F 
 773      636F6D6D 
 773      6F6E2F73 
 774 0248 312E6300 		.ascii	"1.c\000"
 775              	.LASF33:
 776 024c 5F5F7261 		.ascii	"__ram3_clear__\000"
 776      6D335F63 
 776      6C656172 
 776      5F5F00
 777              	.LASF55:
 778 025b 474E5520 		.ascii	"GNU C17 9.2.1 20191025 (release) [ARM/arm-9-branch "
ARM GAS  /tmp/cc2oEowq.s 			page 17


 778      43313720 
 778      392E322E 
 778      31203230 
 778      31393130 
 779 028e 72657669 		.ascii	"revision 277599] -mcpu=cortex-m0 -mthumb -mfloat-ab"
 779      73696F6E 
 779      20323737 
 779      3539395D 
 779      202D6D63 
 780 02c1 693D736F 		.ascii	"i=soft -march=armv6s-m -ggdb -O2 -fomit-frame-point"
 780      6674202D 
 780      6D617263 
 780      683D6172 
 780      6D763673 
 781 02f4 6572202D 		.ascii	"er -falign-functions=16 -ffunction-sections -fdata-"
 781      66616C69 
 781      676E2D66 
 781      756E6374 
 781      696F6E73 
 782 0327 73656374 		.ascii	"sections -fno-common -flto\000"
 782      696F6E73 
 782      202D666E 
 782      6F2D636F 
 782      6D6D6F6E 
 783              	.LASF26:
 784 0342 5F5F7261 		.ascii	"__ram1_noinit__\000"
 784      6D315F6E 
 784      6F696E69 
 784      745F5F00 
 785              	.LASF15:
 786 0352 696E6974 		.ascii	"init_area\000"
 786      5F617265 
 786      6100
 787              	.LASF36:
 788 035c 5F5F7261 		.ascii	"__ram4_init__\000"
 788      6D345F69 
 788      6E69745F 
 788      5F00
 789              	.LASF4:
 790 036a 756E7369 		.ascii	"unsigned char\000"
 790      676E6564 
 790      20636861 
 790      7200
 791              	.LASF19:
 792 0378 5F5F7261 		.ascii	"__ram0_init_text__\000"
 792      6D305F69 
 792      6E69745F 
 792      74657874 
 792      5F5F00
 793              	.LASF1:
 794 038b 73686F72 		.ascii	"short int\000"
 794      7420696E 
 794      7400
 795              	.LASF28:
 796 0395 5F5F7261 		.ascii	"__ram2_init__\000"
 796      6D325F69 
 796      6E69745F 
ARM GAS  /tmp/cc2oEowq.s 			page 18


 796      5F00
 797              	.LASF37:
 798 03a3 5F5F7261 		.ascii	"__ram4_clear__\000"
 798      6D345F63 
 798      6C656172 
 798      5F5F00
 799              	.LASF22:
 800 03b2 5F5F7261 		.ascii	"__ram0_noinit__\000"
 800      6D305F6E 
 800      6F696E69 
 800      745F5F00 
 801              	.LASF7:
 802 03c2 75696E74 		.ascii	"uint32_t\000"
 802      33325F74 
 802      00
 803              	.LASF30:
 804 03cb 5F5F7261 		.ascii	"__ram2_noinit__\000"
 804      6D325F6E 
 804      6F696E69 
 804      745F5F00 
 805              	.LASF14:
 806 03db 696E6974 		.ascii	"init_text_area\000"
 806      5F746578 
 806      745F6172 
 806      656100
 807              	.LASF23:
 808 03ea 5F5F7261 		.ascii	"__ram1_init_text__\000"
 808      6D315F69 
 808      6E69745F 
 808      74657874 
 808      5F5F00
 809              	.LASF54:
 810 03fd 5F5F636F 		.ascii	"__core_init\000"
 810      72655F69 
 810      6E697400 
 811              	.LASF44:
 812 0409 5F5F7261 		.ascii	"__ram6_init__\000"
 812      6D365F69 
 812      6E69745F 
 812      5F00
 813              	.LASF35:
 814 0417 5F5F7261 		.ascii	"__ram4_init_text__\000"
 814      6D345F69 
 814      6E69745F 
 814      74657874 
 814      5F5F00
 815              	.LASF47:
 816 042a 5F5F7261 		.ascii	"__ram7_init_text__\000"
 816      6D375F69 
 816      6E69745F 
 816      74657874 
 816      5F5F00
 817              	.LASF57:
 818 043d 2F686F6D 		.ascii	"/home/fangzhou/Documents/BLDC_Controller/Firmware/i"
 818      652F6661 
 818      6E677A68 
 818      6F752F44 
ARM GAS  /tmp/cc2oEowq.s 			page 19


 818      6F63756D 
 819 0470 6E636C2F 		.ascii	"ncl/ChibiOS/demos/STM32/RT-STM32F030R8-NUCLEO64\000"
 819      43686962 
 819      694F532F 
 819      64656D6F 
 819      732F5354 
 820              	.LASF17:
 821 04a0 6E6F5F69 		.ascii	"no_init_area\000"
 821      6E69745F 
 821      61726561 
 821      00
 822              	.LASF41:
 823 04ad 5F5F7261 		.ascii	"__ram5_clear__\000"
 823      6D355F63 
 823      6C656172 
 823      5F5F00
 824              	.LASF6:
 825 04bc 75696E74 		.ascii	"uint8_t\000"
 825      385F7400 
 826              	.LASF24:
 827 04c4 5F5F7261 		.ascii	"__ram1_init__\000"
 827      6D315F69 
 827      6E69745F 
 827      5F00
 828              		.text
 829              		.section	.gnu.lto_.profile.9bec6e106da05ca5,"e",%progbits
 830 0000 789CE360 		.ascii	"x\234\343``\004B \000\000\000]\000\013"
 830      60044220 
 830      0000005D 
 830      000B
 831              		.text
 832              		.section	.gnu.lto_.icf.9bec6e106da05ca5,"e",%progbits
 833 0000 789CE360 		.ascii	"x\234\343``dPc@\0006\206\327\377^\177dg\004\223L`\222"
 833      60645063 
 833      40003686 
 833      D7FF5E7F 
 833      64670493 
 834 0017 79C6FFF3 		.ascii	"y\306\377\363kyY\272/\264.gg\235\177n^\013\017\003\000"
 834      6B7959BA 
 834      2FB42E67 
 834      679D7F6E 
 834      5E0B0F03 
 835 002c A9CA13F2 		.ascii	"\251\312\023\362"
 836              		.text
 837              		.section	.gnu.lto_.jmpfuncs.9bec6e106da05ca5,"e",%progbits
 838 0000 789CE360 		.ascii	"x\234\343``d\020d@\000V fd``b``f``\001r\000\003\320"
 838      60641064 
 838      40005620 
 838      66646060 
 838      62606066 
 839 001b 002A     		.ascii	"\000*"
 840              		.text
 841              		.section	.gnu.lto_.inline.9bec6e106da05ca5,"e",%progbits
 842 0000 789CE360 		.ascii	"x\234\343``d\330\310\200\000\254\014\014\314\015@\300"
 842      6064D8C8 
 842      8000AC0C 
 842      0CCC0D40 
ARM GAS  /tmp/cc2oEowq.s 			page 20


 842      C0
 843 0011 94C2C8C0 		.ascii	"\224\302\310\300\304\300\320\010d\32610\260A\204\230"
 843      C4C0D008 
 843      64D63130 
 843      B0418498 
 844 0021 40420C40 		.ascii	"@B\014@\035\004\2250\021V\302\014\244\300\022\310JX"
 844      1D049530 
 844      1156C20C 
 844      A4C012C8 
 844      4A58
 845 0033 200CA812 		.ascii	" \014\250\022\026\006\221\025\307\326md\316\001*Q\002"
 845      16069115 
 845      C7D66D64 
 845      CE012A51 
 845      02
 846 0044 B23630E7 		.ascii	"\26260\347\000MY\202l\012\003\000\332\\'\251"
 846      004D5982 
 846      6C0A0300 
 846      DA5C27A9 
 847              		.text
 848              		.section	.gnu.lto_.pureconst.9bec6e106da05ca5,"e",%progbits
 849 0000 789CE360 		.ascii	"x\234\343``d\020````e\230\301\3028\203\205i\006\013"
 849      60641060 
 849      60606065 
 849      98C1C238 
 849      83856906 
 850 0015 F3161696 		.ascii	"\363\026\026\226Y,\000\033\226\003S"
 850      592C001B 
 850      960353
 851              		.text
 852              		.section	.gnu.lto___core_init.9bec6e106da05ca5,"e",%progbits
 853 0000 789CE360 		.ascii	"x\234\343``d\230\306\300\300`\011\304\262@\314\310\314"
 853      606498C6 
 853      C0C06009 
 853      C4B240CC 
 853      C8CC
 854 0012 C0C8D4D0 		.ascii	"\300\310\324\320\320\340\300\336\310\301\304\310\010"
 854      D0E0C0DE 
 854      C8C1C4C8 
 854      08
 855 001f 66357030 		.ascii	"f5p02\32431\3263\3663Ogf<\324\376l'\223\346r\240L\303"
 855      32D43331 
 855      D633F633 
 855      4F67663C 
 855      D4FE6C27 
 856 0039 81E99BB8 		.ascii	"\201\351\233\270\332\032Z%\346330\314\004b\010`\334"
 856      DA1A5A25 
 856      E6333330 
 856      CC046208 
 856      60DC
 857 004b C5A8C9C0 		.ascii	"\305\250\311\300\000T\371h\343\277\251\274l,P)\306\335"
 857      0054F968 
 857      E3BFA9BC 
 857      6C2C5029 
 857      C6DD
 858 005d 8C6C40CB 		.ascii	"\214l@\313\030\030\326_b=\320\360\357\177{\303\201#"
 858      1818D65F 
ARM GAS  /tmp/cc2oEowq.s 			page 21


 858      623DD0F0 
 858      EF7F7BC3 
 858      8123
 859 006f 8B19F77B 		.ascii	"\213\031\367{110t33\200\214cal8\300\300\320\303\314"
 859      31313074 
 859      3333808C 
 859      63616C38 
 859      C0C0D0C3 
 860 0084 04E13402 		.ascii	"\004\3414\0029\317\030\033\224\300\032\33716)\200\031"
 860      39CF181B 
 860      94C01ADF 
 860      31362980 
 860      19
 861 0095 20D0CDCC 		.ascii	" \320\315\314\210P\317\300`\256\247\247\017A\371\305"
 861      8850CFC0 
 861      60AEA7A7 
 861      0F41F9C5 
 862 00a5 FAC9F9B9 		.ascii	"\372\311\371\271\271\371y\372\305%\211E%\245\005\372"
 862      B9F979FA 
 862      C5258945 
 862      25A505FA 
 863 00b5 8E41BECE 		.ascii	"\216A\276\316\276\025 \321\202\314\234\324\242b}wgg"
 863      BE1520D1 
 863      82CC9CD4 
 863      A2627D77 
 863      6767
 864 00c7 FDE4A212 		.ascii	"\375\344\242\022C\275d\006\000\327\301C\264"
 864      43BD6406 
 864      00D7C143 
 864      B4
 865              		.text
 866              		.section	.gnu.lto___early_init.9bec6e106da05ca5,"e",%progbits
 867 0000 789CE360 		.ascii	"x\234\343``d\230\316\300\300`\011\304\262@\314\310\314"
 867      606498CE 
 867      C0C06009 
 867      C4B240CC 
 867      C8CC
 868 0012 C0C8D4D0 		.ascii	"\300\310\324\320\320\340\300\336\310\301\304\310\010"
 868      D0E0C0DE 
 868      C8C1C4C8 
 868      08
 869 001f 66357030 		.ascii	"f5p02\32431\3263\3663Ogf<\324\376l'\223\346r\240L\303"
 869      32D43331 
 869      D633F633 
 869      4F67663C 
 869      D4FE6C27 
 870 0039 81E93FB8 		.ascii	"\201\351?\270\332\032Z%\346330\314\004b\010`\334\305"
 870      DA1A5A25 
 870      E6333330 
 870      CC046208 
 870      60DCC5
 871 004c A8C9C000 		.ascii	"\250\311\300\000T\371h\343\277\251\274l,P)\306\335\214"
 871      54F968E3 
 871      BFA9BC6C 
 871      2C5029C6 
 871      DD8C
 872 005e 6C40CB18 		.ascii	"l@\313\030\030\326_b=\320\360\357\177{\303\2013\312"
ARM GAS  /tmp/cc2oEowq.s 			page 22


 872      18D65F62 
 872      3DD0F0EF 
 872      7F7BC381 
 872      33CA
 873 0070 CC4C0C0C 		.ascii	"\314L\014\014\335\314\014 \303X\030\033\01600\36403"
 873      DDCC0C20 
 873      C358181B 
 873      0E3030F4 
 873      3033
 874 0082 41388D40 		.ascii	"A8\215@\3163\306\206E\257\030\301\032\33716-`\003\263"
 874      CE33C686 
 874      45AF18C1 
 874      1ADF3136 
 874      2D6003B3 
 875 0096 40A09B99 		.ascii	"@\240\233\231\021\241\205\201\301\\OO\037\202\362\213"
 875      11A18581 
 875      C15C4F4F 
 875      1F82F28B 
 876 00a6 F593F373 		.ascii	"\365\223\363ss\363\363\364\213K\022\213JJ\013\364\035"
 876      73F3F3F4 
 876      8B4B128B 
 876      4A4A0BF4 
 876      1D
 877 00b7 837C9D7D 		.ascii	"\203|\235}+@\242\005\2319\251E\305\372\356\316\316\372"
 877      2B40A205 
 877      9939A945 
 877      C5FAEECE 
 877      CEFA
 878 00c9 C9452586 		.ascii	"\311E%\206z\311\014\000>\200Dm"
 878      7AC90C00 
 878      3E80446D 
 879              		.text
 880              		.section	.gnu.lto___late_init.9bec6e106da05ca5,"e",%progbits
 881 0000 789CE360 		.ascii	"x\234\343``d\230\316\300\300`\011\304\262@\314\310\314"
 881      606498CE 
 881      C0C06009 
 881      C4B240CC 
 881      C8CC
 882 0012 C0C8D4D0 		.ascii	"\300\310\324\320\320\340\300\336\310\301\304\310\010"
 882      D0E0C0DE 
 882      C8C1C4C8 
 882      08
 883 001f 66357030 		.ascii	"f5p02\32431\3263\3663Ogf<\324\376l'\223\346r\240L\303"
 883      32D43331 
 883      D633F633 
 883      4F67663C 
 883      D4FE6C27 
 884 0039 81E95BB8 		.ascii	"\201\351[\270\333\032Z%\346330\314\004b\010`\334\305"
 884      DB1A5A25 
 884      E6333330 
 884      CC046208 
 884      60DCC5
 885 004c A8C9C000 		.ascii	"\250\311\300\000T\371h\343\277\251\274l,P)\306\335\214"
 885      54F968E3 
 885      BFA9BC6C 
 885      2C5029C6 
 885      DD8C
ARM GAS  /tmp/cc2oEowq.s 			page 23


 886 005e 6C40CB18 		.ascii	"l@\313\030\030\326_b=\320\360\357\177{\303\201#\312"
 886      18D65F62 
 886      3DD0F0EF 
 886      7F7BC381 
 886      23CA
 887 0070 CC4C0C0C 		.ascii	"\314L\014\014\335\314\014 \303X\030\033\01600\36403"
 887      DDCC0C20 
 887      C358181B 
 887      0E3030F4 
 887      3033
 888 0082 41388D40 		.ascii	"A8\215@\3163\306\206E\317\030\301\032\33716-`\003\263"
 888      CE33C686 
 888      45CF18C1 
 888      1ADF3136 
 888      2D6003B3 
 889 0096 40A09B99 		.ascii	"@\240\233\231\021\241\205\201\301\\OO\037\202\362\213"
 889      11A18581 
 889      C15C4F4F 
 889      1F82F28B 
 890 00a6 F593F373 		.ascii	"\365\223\363ss\363\363\364\213K\022\213JJ\013\364\035"
 890      73F3F3F4 
 890      8B4B128B 
 890      4A4A0BF4 
 890      1D
 891 00b7 837C9D7D 		.ascii	"\203|\235}+@\242\005\2319\251E\305\372\356\316\316\372"
 891      2B40A205 
 891      9939A945 
 891      C5FAEECE 
 891      CEFA
 892 00c9 C9452586 		.ascii	"\311E%\206z\311\014\000\007UD\036"
 892      7AC90C00 
 892      0755441E 
 893              		.text
 894              		.section	.gnu.lto___default_exit.9bec6e106da05ca5,"e",%progbits
 895 0000 789CE360 		.ascii	"x\234\343``d\330\314\300\300`\011\304\266@\314\310\312"
 895      6064D8CC 
 895      C0C06009 
 895      C4B640CC 
 895      C8CA
 896 0012 C0C8D4D0 		.ascii	"\300\310\324\320\320\340\300\336\310\301\304\310\014"
 896      D0E0C0DE 
 896      C8C1C4C8 
 896      0C
 897 001f 653133B2 		.ascii	"e13\262@Y,P1GF\206z&f\026F \301\000\007\375\314\323"
 897      40592C50 
 897      31474686 
 897      7A266616 
 897      4620C100 
 898 0037 99190FB5 		.ascii	"\231\031\017\265?\333\311\244\271\034\250\252\341\300"
 898      3FDBC9A4 
 898      B91CA8AA 
 898      E1C0
 899 0045 F47BDC6D 		.ascii	"\364{\334m\015\255\022\363\201jf\302\3251\356b\324d"
 899      0DAD12F3 
 899      816A66C2 
 899      D531EE62 
 899      D464
ARM GAS  /tmp/cc2oEowq.s 			page 24


 900 0057 6000AA7C 		.ascii	"`\000\252|\264\361\337T^6\026\250\024\343nF6\240c\030"
 900      B4F1DF54 
 900      5E3616A8 
 900      14E36E46 
 900      36A06318 
 901 006b 18D65F62 		.ascii	"\030\326_b=\320\360\357\177{\303\201;\213\031\177z\003"
 901      3DD0F0EF 
 901      7F7BC381 
 901      3B8B197F 
 901      7A03
 902 007d 85BA9919 		.ascii	"\205\272\231\031\336\035ccl8\000b2\201\230\215@f\017"
 902      DE1D6363 
 902      6C380062 
 902      3281988D 
 902      40660F
 903 0090 33C8290D 		.ascii	"3\310)\015, \016\3433\306\206E\257\201f\202\014\001"
 903      2C200EE3 
 903      33C68645 
 903      AF816682 
 903      0C01
 904 00a2 B1DF8AC3 		.ascii	"\261\337\212\303\231\257\247K\202\331 \315,\020\035"
 904      99AFA74B 
 904      82D920CD 
 904      2C101D
 905 00b1 8C402623 		.ascii	"\214@&#\003;\310Zs==}\010\312/\326O\316\317\315\315"
 905      033BC85A 
 905      733D3D7D 
 905      08CA2FD6 
 905      4FCECFCD 
 906 00c6 CFD32F2E 		.ascii	"\317\323/.I,*)-\320w\014\362u\366\255\000\211\026d\346"
 906      492C2A29 
 906      2DD0770C 
 906      F275F6AD 
 906      00891664 
 907 00db A41615EB 		.ascii	"\244\026\025\353\273;;\353'\027\225\030\352%3\000\000"
 907      BB3B3BEB 
 907      27179518 
 907      EA253300 
 907      00
 908 00ec 37EC536E 		.ascii	"7\354Sn"
 909              		.text
 910              		.section	.gnu.lto___init_ram_areas.9bec6e106da05ca5,"e",%progbits
 911 0000 789C9555 		.ascii	"x\234\225U\335OTW\020?s\317\275{\357\356\336\335l\300"
 911      DD4F5457 
 911      103F73CF 
 911      BD7BEFEE 
 911      DEDD6CC0 
 912 0014 87B658CB 		.ascii	"\207\266X\313\013\017\246\011+6\215\333>\230\032\036"
 912      0B0FA609 
 912      2B368DDB 
 912      3E981A1E 
 913 0024 DA17D3B4 		.ascii	"\332\027\323\264\375\013\014\366\241I-\004h\322\247"
 913      FD0B0CF6 
 913      A1492D04 
 913      68D2A7
 914 0033 7A5816AD 		.ascii	"zX\026\255\322hcZ\277\302f\021b\260i\004m\232\250 \260"
 914      D268635A 
ARM GAS  /tmp/cc2oEowq.s 			page 25


 914      BFC26611 
 914      62B06904 
 914      6D9AA820 
 915 0048 EBFA017E 		.ascii	"\353\372\001~\"U)\0104\261\025\032H\252R\324\226\030"
 915      22552908 
 915      34B1151A 
 915      48AA52D4 
 915      9618
 916 005a E8CCECD9 		.ascii	"\350\314\354\331\345c\373\271\331=;\367\234\371\370"
 916      E563FBB9 
 916      D93D3BF7 
 916      9CF9F8
 917 0069 CD6FE6CC 		.ascii	"\315o\346\314u\004\210Z[\210\367\204\020i\374A@\200"
 917      7504885A 
 917      5B88F784 
 917      1069FC41 
 917      4080
 918 007b A1947AC3 		.ascii	"\241\224z\303\256s\014\220Z\222`i\311\324R\312\261\014"
 918      AE730C90 
 918      5A926069 
 918      C9D452CA 
 918      B10C
 919 008d 73F0E15C 		.ascii	"s\360\341\\\304T>\177\373\336\006\333T\256\037\034>"
 919      C4543E7F 
 919      FBDE06DB 
 919      54AE1F1C 
 919      3E
 920 009e 035B0B29 		.ascii	"\003[\013)\3071l\255\344\325J^\303\3053\332\361\341"
 920      C7316CAD 
 920      E4D54A5E 
 920      C3C533DA 
 920      F1E1
 921 00b0 BF833BAE 		.ascii	"\277\203;\256\016\263\311\007\300\202r@l7\244i\371m"
 921      0EB3C907 
 921      C0827240 
 921      6C37A469 
 921      F96D
 922 00c2 C7EBFA60 		.ascii	"\307\353\372`\273)\005$Mt\233[\004\177,\221\3738\213"
 922      BB290524 
 922      4D749B5B 
 922      047F2C91 
 922      FB388B
 923 00d5 E25E7940 		.ascii	"\342^y@\302\271\235\023g\214\265m\350O%\017\354\013"
 923      C2B99D13 
 923      678CB56D 
 923      E84F250F 
 923      EC0B
 924 00e7 EE500DCF 		.ascii	"\356P\015\317%\244\020\207dV\013:a\255\020\2509\036"
 924      25A41087 
 924      64560B3A 
 924      61AD10A8 
 924      391E
 925 00f9 8DFFEEEE 		.ascii	"\215\377\356\356\221\011\011`\342\343\227\227\277\353"
 925      91090960 
 925      E2E39797 
 925      BFEB
 926 0107 F7D1A301 		.ascii	"\367\321\243\001\305\370\030K\034\3530\345\353@\232"
ARM GAS  /tmp/cc2oEowq.s 			page 26


 926      C5F8184B 
 926      1CEB30E5 
 926      EB409A
 927 0116 4F1B4FCE 		.ascii	"O\033O\316\271%\255JEUr\374\364\252\326z\325\247\314"
 927      B925AD4A 
 927      455572FC 
 927      F4AAD67A 
 927      D5A7CC
 928 0129 8494D00D 		.ascii	"\204\224\320\015\022\035\303Y(\202.(\"\357\033\007,"
 928      121DC359 
 928      28822E28 
 928      22EF1B07 
 928      2C
 929 013a B2B87772 		.ascii	"\262\270wr\376\253\200\307\204\036(\321\241\241\027"
 929      FEAB80C7 
 929      841E28D1 
 929      A1A117
 930 0149 3C802757 		.ascii	"<\200'W\223\273:|\362m\366;4\361\370\236\255\375\316"
 930      93BB3A7C 
 930      F26DF63B 
 930      34F1F89E 
 930      ADFDCE
 931 015c 9F5E7344 		.ascii	"\237^sD\3735!\231\357\367\027\366{\376\376\263A\277"
 931      FB352199 
 931      EFF717F6 
 931      7BFEFEB3 
 931      41BF
 932 016e 7C87ADA3 		.ascii	"|\207\255\2437g\037\033\332z&rX%c\305d{.\337vl\031\246"
 932      37671F1B 
 932      DA7A2672 
 932      582563C5 
 932      647B2EDF 
 933 0186 3494400A 		.ascii	"4\224@\012q\021\"\261q\324\022p\036\241\011!\011m\366"
 933      711122B1 
 933      71D41270 
 933      1EA10921 
 933      096DF6
 934 0199 B463D04A 		.ascii	"\264c\320J\252\371\205\235*y=\322=;Z\270\012DBZ\006"
 934      AAF9859D 
 934      2A793DD2 
 934      3D3B5AB8 
 934      0A44425A 
 935 01ae 2E58135C 		.ascii	".X\023\\LA\332h\213\372\036A\0266\257.\357\004X\016"
 935      4C41DA68 
 935      8BFA1E41 
 935      1636AF2E 
 935      EF04580E 
 936 01c2 B24E88E5 		.ascii	"\262N\210\345\002^\013\371T\210F)\216cW\200J\012\361"
 936      025E0BF9 
 936      54884629 
 936      8E635780 
 936      4A0AF1
 937 01d5 B93458AE 		.ascii	"\2714X\256Cy\002TKG\223dd\023\020m\236\002\246\015\275"
 937      43790254 
 937      4B479364 
 937      6413106D 
 937      9E02A60D 
ARM GAS  /tmp/cc2oEowq.s 			page 27


 938 01ea 20FE3DF5 		.ascii	" \376=\365\017\306\035*\220\207\323\357\232\355\236"
 938      0FC61D2A 
 938      9087D3EF 
 938      9AED9E
 939 01f9 F2C6205A 		.ascii	"\362\306 Z\207\365\365\264\022\307\270\371\243\232\271"
 939      87F5F5B4 
 939      12C7B8F9 
 939      A39AB9
 940 0208 E63B0AAD 		.ascii	"\346;\012\255u\241\204\264\341\"\304\000.\020\011x\364"
 940      75A184B4 
 940      E122C400 
 940      2E100978 
 940      F4
 941 0219 DBE4851E 		.ascii	"\333\344\205\036\207\364\017*\325\334b\220\233Kp\024"
 941      87F40F2A 
 941      D5DC6290 
 941      9B4B7014 
 942 0229 F3863E54 		.ascii	"\363\206>T\023\004D>\234;\026\321@\014\006\037\227&"
 942      1304443E 
 942      9C3B16D1 
 942      400C061F 
 942      9726
 943 023b 833A9503 		.ascii	"\203:\225\003\245Z\272\232,bLLA\364l\377K$\306\245\273"
 943      A55ABA9A 
 943      2C624C4C 
 943      41F46CFF 
 943      4B24C6A5 
 944 0250 149F647C 		.ascii	"\024\237d|\311\221\023\303A\202\202\235\330\334C\364"
 944      C99113C3 
 944      4182829D 
 944      D8DC43F4 
 945 0260 39E80DFA 		.ascii	"9\350\015\3725\234\366Sm7\002\353\332\325\027Ja\331"
 945      359CF653 
 945      6D3702EB 
 945      DAD5174A 
 945      61D9
 946 0272 BC7019B1 		.ascii	"\274p\031\261\034\314t\312\025X\307\331\177\312\205"
 946      1CCC74CA 
 946      1558C7D9 
 946      7FCA85
 947 0281 49130A97 		.ascii	"I\023\012\227#\367\376E\344\300\312P\235\377\032\352"
 947      23F7FE45 
 947      E4C0CA50 
 947      9DFF1AEA 
 948 0291 2A87A294 		.ascii	"*\207\242\224\341\332\262P)\012\025\340P\323:\224x\302"
 948      E1DAB250 
 948      290A15E0 
 948      50D33A94 
 948      78C2
 949 02a3 97234736 		.ascii	"\227#G6\221\327\321\364V\226r\270\216\334\031\203\301"
 949      91D7D1F4 
 949      569672B8 
 949      8EDC1983 
 949      C1
 950 02b4 B80CBA9D 		.ascii	"\270\014\272\235\323)@\022\315\306\206\241K2W\316\007"
 950      D3294012 
 950      CDC686A1 
ARM GAS  /tmp/cc2oEowq.s 			page 28


 950      4B3257CE 
 950      07
 951 02c5 4D7616F3 		.ascii	"Mv\026\363\376\306~\231\001\015K\3512\363\350B\224\276"
 951      FEC67E99 
 951      010D4BE9 
 951      32F3E842 
 951      94BE
 952 02d7 B8B4E006 		.ascii	"\270\264\340\006%\000\003T%4\037\337\3755\233\257Lx"
 952      25000354 
 952      25341FDF 
 952      FD359BAF 
 952      4C78
 953 02e9 0D6B7BB4 		.ascii	"\015k{\264\366M\324\306\000\034\373\321j\035\272\376"
 953      F64DD4C6 
 953      001CFBD1 
 953      6A1DBAFE 
 954 02f9 DB1DBB74 		.ascii	"\333\035\273t\350\002R\245\213\201i\027/f]\300\006O"
 954      E80252A5 
 954      8B816917 
 954      2F665DC0 
 954      064F
 955 030b 7360D1E2 		.ascii	"s`\321\342\220\266($(\313,\270$\205\3342\326\263\205"
 955      90B62824 
 955      28CB2CB8 
 955      2485DC32 
 955      D6B385
 956 031e 8505B9D8 		.ascii	"\205\005\271\3303\354\314\223\221Y\315\322t\026-V\356"
 956      33ECCC93 
 956      9159CDD2 
 956      74162D56 
 956      EE
 957 032f E58C5F23 		.ascii	"\345\214_#?\353\177,\333 \227\315 \326\277\307\262\335"
 957      3FEB7F2C 
 957      DB2097CD 
 957      20D6BFC7 
 957      B2DD
 958 0341 87D8587A 		.ascii	"\207\330Xz\024\264/\012*\250Z\0266\213\034\371\351\017"
 958      14B42F0A 
 958      2AA85A16 
 958      368B1CF9 
 958      E90F
 959 0353 24A1D0EC 		.ascii	"$\241\320\354\234\354\207'\334%r\216\267\012\314\303"
 959      9CEC8727 
 959      DC25728E 
 959      B70ACCC3 
 960 0363 9358A546 		.ascii	"\223X\245F\351\347V\247z\331\373\226\325\353\233x\256"
 960      E9E756A7 
 960      7AD9FB96 
 960      D5EB9B78 
 960      AE
 961 0374 5E337D2F 		.ascii	"^3}/\374=\337\266\346\373\026\242ZZM\037\010\270\315"
 961      FC3DDFB6 
 961      E6FB16A2 
 961      5A5A4D1F 
 961      08B8CD
 962 0387 64A996E3 		.ascii	"d\251\226\343/\346\363\037\"\323|\376C\314&\275=\224"
 962      2FE6F31F 
ARM GAS  /tmp/cc2oEowq.s 			page 29


 962      22D37CFE 
 962      43CC26BD 
 962      3D94
 963 0399 B9824D9B 		.ascii	"\271\202M\233}\265\305\363\031\224\377\223\301;\314"
 963      7DB5C5F3 
 963      1994FF93 
 963      C13BCC
 964 03a8 20F7EDD0 		.ascii	" \367\355\320J\006%\005b\006mDc\317M\245\220.\217\237"
 964      4A062505 
 964      62066D44 
 964      63CF4DA5 
 964      902E8F9F 
 965 03bc 50791F2D 		.ascii	"Py\037-\216\005\034\005q+?+\274\000tM\216\334\036\210"
 965      8E051C05 
 965      712B3F2B 
 965      BC00744D 
 965      8EDC1E88 
 966 03d0 42E69512 		.ascii	"B\346\225\022\202\037\226&\311\263$\230\271\305\361"
 966      821F9626 
 966      C9B32498 
 966      B9C5F1
 967 03df E7799660 		.ascii	"\347y\226`\370\273\351\325$\342\011\032\367.\354\357"
 967      F8BBE9D5 
 967      24E2091A 
 967      F72EECEF 
 968 03ef 35C9185F 		.ascii	"5\311\030_\247\377m\276\215,\235o\237\015\374|\306\277"
 968      A7FF6DBE 
 968      8D2C9D6F 
 968      9F0DFC7C 
 968      C6BF
 969 0401 FE04258B 		.ascii	"\376\004%\213s\023\231\200\273\230.\014g\336\001\250"
 969      73139980 
 969      BB982E0C 
 969      67DE01A8 
 970 0411 B07BF8CA 		.ascii	"\260{\370\312X\356\016\267\000\315\251QX\217\\\214e"
 970      58EE0EB7 
 970      00CDA951 
 970      588F5C8C 
 970      65
 971 0422 E61F8D65 		.ascii	"\346\037\215e7=\335Z\306m\341k\317\016\345_q>L\306y"
 971      373DDD5A 
 971      C66DE16B 
 971      CF0EE55F 
 971      713E4CC6 
 972 0437 126B2D68 		.ascii	"\022k-h\317\016o!6\224\226\2063\337\312\232pE\345\266"
 972      CF0E6F21 
 972      36949686 
 972      33DFCA9A 
 972      7045E5B6 
 973 044b 6D951F85 		.ascii	"m\225\037\205kj\267T\327~\\\025\336\364\356\346\362"
 973      6B6AB754 
 973      D77E5C15 
 973      DEF4EEE6 
 973      F2
 974 045c CD9FD06E 		.ascii	"\315\237\320n\325\007\037\276_]\023~\263\274<\\Q][V"
 974      D5071FBE 
 974      5F5D137E 
ARM GAS  /tmp/cc2oEowq.s 			page 30


 974      B3BC3C5C 
 974      515D5B56 
 975 0470 5A2164F5 		.ascii	"Z!d\365\226\252PF.\215\224\275\262\365\325\255\257m"
 975      96AA5046 
 975      2E8D94BD 
 975      B2F5D5AD 
 975      AF6D
 976 0482 105065D4 		.ascii	"\020Pe\324V\375\011)n\224}"
 976      56FD0929 
 976      6E947D
 977              		.text
 978              		.section	.gnu.lto_ram_areas.9bec6e106da05ca5,"e",%progbits
 979 0000 789C75D0 		.ascii	"x\234u\320IK[Q\030\306\361\363\346\2308\324\251\326"
 979      494B5B51 
 979      18C6F1F3 
 979      E69838D4 
 979      A9D6
 980 0012 6A6DB47E 		.ascii	"jm\264~\203\\tS\262\263d\341J\204~\203\022\\\024\252"
 980      835C7453 
 980      B2B364E1 
 980      4A847E83 
 980      125C14AA 
 981 0026 91248274 		.ascii	"\221$\202tu\015\"\242\030\\\251YH\002q\321E\301e\304"
 981      750D22A2 
 981      185CA959 
 981      480271D1 
 981      45C165C4 
 982 003a 38B475A8 		.ascii	"8\264u\250m\235\255\363\320h\035\212\333n\004\027z\274"
 982      6D9DADF3 
 982      D0681D8A 
 982      DB6E0417 
 982      7ABC
 983 004c E7D978F5 		.ascii	"\347\331x\365\015!\177\270\017\367\345Gr\004\211\016"
 983      0D217FB8 
 983      0FF7E547 
 983      7204890E 
 984 005c A7105EA1 		.ascii	"\247\020^\241?\203\222\206?-\336\344vR\244\243\3334"
 984      3F839286 
 984      3F2DDEE4 
 984      7652A4A3 
 984      DB34
 985 006e 33BD97F2 		.ascii	"3\275\227\362c\\\212\244|\270%\316\035\326B\217,d-\216"
 985      635C8AA4 
 985      7CB825CE 
 985      1DD6428F 
 985      2C642D8E 
 986 0082 874B8935 		.ascii	"\207K\2115Hk8\036\233j\364\246\314\356\204Y\027\227"
 986      486B381E 
 986      9B6AF4A6 
 986      CCEE8459 
 986      1797
 987 0094 3424054D 		.ascii	"4$\005MR\247*\321\204U\007\245\255J\032W\275{#\023\033"
 987      52A72AD1 
 987      845507A5 
 987      AD4A1A57 
 987      BD7B2313 
 988 00a9 19704565 		.ascii	"\031pEe\\M\331\366\3137Q\015\315b\241N\026\352\342\240"
ARM GAS  /tmp/cc2oEowq.s 			page 31


 988      5C4DD9F6 
 988      CB37510D 
 988      CD62A14E 
 988      16EAE2A0 
 989 00bd D90C7406 		.ascii	"\331\014t\006\320o\200~\005\364\013\240\251\225\330"
 989      D06F807E 
 989      05F40BA0 
 989      A995D8
 990 00cc 20A02EFB 		.ascii	" \240.\373\345\377\200\346\260\320\\\026\232\307A\237"
 990      E5FF80E6 
 990      B0D05C16 
 990      9AC7419F 
 991 00dc 30D01F80 		.ascii	"0\320\037\200.\000\372\035\320y@\267\016\223\011\322"
 991      2E00FA1D 
 991      D07940B7 
 991      0E9309D2 
 992 00ec 50A7FDF2 		.ascii	"P\247\375\362\005\240\371,\264\200\205\026r\320\"\006"
 992      05A0F92C 
 992      B4808516 
 992      72D02206 
 993 00fc BA02E832 		.ascii	"\272\002\3502\240K\200.\002z\024\031\276\312\327\320"
 993      A04B802E 
 993      027A1419 
 993      BECAD7D0 
 994 010c 2CFBE534 		.ascii	",\373\3454\240\305,\364)\013-\341\240\317\030\350&\240"
 994      A0C52CF4 
 994      290B2DE1 
 994      A0CF18E8 
 994      26A0
 995 011e BF01DD00 		.ascii	"\277\001\335\000t\035\320\310\346\347T\241\206J\373"
 995      741DD0C8 
 995      E6E754A1 
 995      864AFB
 996 012d E551404B 		.ascii	"\345Q@KY\350s\026Z\306A\313\031\350>\240{\200\356\002"
 996      59E87316 
 996      5AC641CB 
 996      19E83EA0 
 996      7B80EE02 
 997 0141 BA0368D7 		.ascii	"\272\003h\327\\\177\272@C\035\366\313I@_\260\320\012"
 997      5C7FBA40 
 997      431DF6CB 
 997      49405FB0 
 997      D00A
 998 0153 16FA9283 		.ascii	"\026\372\222\203\272\031\3501\240\031@\377\000z\004"
 998      BA19E831 
 998      A01940FF 
 998      007A04
 999 0162 E8BD53D7 		.ascii	"\350\275S\327}ZV\311\312\252X\331+NV\315\310\316!;\203"
 999      7D5A56C9 
 999      CAAA58D9 
 999      2B4E56CD 
 999      C8CE213B 
 1000 0177 EC14B2BF 		.ascii	"\354\024\262\277\220\215\366\304V\363\364+\246\372#"
 1000      908DF6C4 
 1000      56F3F42B 
 1000      A6FA23
 1001 0186 25D5B8E9 		.ascii	"%\325\270\351\202\274T\353\246\023\225Cr\323\201\352"
ARM GAS  /tmp/cc2oEowq.s 			page 32


 1001      82BC54EB 
 1001      A6139543 
 1001      72D381EA 
 1002 0196 B6EA96EA 		.ascii	"\266\352\226\352\232\352\252\352/\325\237\252s\252\263"
 1002      9AEAAAEA 
 1002      2FD59FAA 
 1002      73AAB3
 1003 01a5 AAD3AA53 		.ascii	"\252\323\252S\344\025\364O\375\274\366x\014\375\015"
 1003      E415F44F 
 1003      FDBCF678 
 1003      0CFD0D
 1004 01b4 840C7FA0 		.ascii	"\204\014\177\240\2719\320b\204\302\357\202\341\266V"
 1004      B939D062 
 1004      84C2EF82 
 1004      E1B656
 1005 01c3 E3CDDB06 		.ascii	"\343\315\333\006_C\373\335\323\326\367\037\232\202!"
 1005      5F43FBDD 
 1005      D3D6F71F 
 1005      9A8221
 1006 01d2 A3DEE733 		.ascii	"\243\336\3473\374\301p\215\307/n\001\213\022\364\003"
 1006      FCC1708D 
 1006      C72F6E01 
 1006      8B12F403 
 1007              		.text
 1008              		.section	.gnu.lto_.symbol_nodes.9bec6e106da05ca5,"e",%progbits
 1009 0000 789C75CB 		.ascii	"x\234u\3137n\002a\024\004\340\3717\300\222\261\311\301"
 1009      376E0261 
 1009      1404E0F9 
 1009      37C092B1 
 1009      C9C1
 1010 0012 A40A0772 		.ascii	"\244\012\007r6\006\304\251\\\376\333P\303E\270\000\025"
 1010      3606C4A9 
 1010      5CFEDB50 
 1010      C345B800 
 1010      15
 1011 0023 196C0347 		.ascii	"\031l\003G\361\031`GH.\254}\315\247\231\3213 \360)\000"
 1011      F1196047 
 1011      482EAC7D 
 1011      CDA799D1 
 1011      3320F029 
 1012 0038 28CF12E6 		.ascii	"(\317\022\346\35541\273\000\022X\230cX\003\224\027)"
 1012      ED3431BB 
 1012      00125898 
 1012      63580394 
 1012      1729
 1013 004a 6C9657A9 		.ascii	"l\226W\251\330,oR\375\335;\376\372\374\275/Im>\2358"
 1013      D82C6F52 
 1013      FDDD3BFE 
 1013      FAFCBD2F 
 1013      496D3E9D 
 1014 005f FF3DE845 		.ascii	"\377=\350E\230\005@\325\313\"g\305\212B\252*\251i\244"
 1014      980540D5 
 1014      CB2267C5 
 1014      8A42AA2A 
 1014      A969A4
 1015 0072 AE938683 		.ascii	"\256\223\206\2034\235\244e\220\266\213t\334\244\353"
 1015      349DA465 
ARM GAS  /tmp/cc2oEowq.s 			page 33


 1015      90B68B74 
 1015      DCA4EB
 1016 0081 213D2F79 		.ascii	"!=/y\367\221\276\237|\004\310 H\206\017d\364H\226\010"
 1016      F791BE9F 
 1016      7C04C820 
 1016      48860F64 
 1016      F4489608 
 1017 0095 D115C274 		.ascii	"\321\025\302t\215\010\335 J\267\210\321\035\342t\217"
 1017      8D08DD20 
 1017      4AB788D1 
 1017      1DE2748F 
 1018 00a5 043D2049 		.ascii	"\004= I\217H\321/\244\3517\236\350\0172\364\204,=#g"
 1018      8F48D12F 
 1018      A4E9379E 
 1018      E80F32F4 
 1018      842C3D23 
 1019 00ba 892BDF5C 		.ascii	"\211+\337\\4J"
 1019      344A
 1020              		.text
 1021              		.section	.gnu.lto_.refs.9bec6e106da05ca5,"e",%progbits
 1022 0000 789C05C1 		.ascii	"x\234\005\301[\002\201P\024\000\300\323\344\022\362"
 1022      5B028150 
 1022      1400C0D3 
 1022      E412F2
 1023 000f 2AE45149 		.ascii	"*\344QI\362\325R\354\177?f\212\310\342\027\021\026R"
 1023      F2D552EC 
 1023      7F3F668A 
 1023      C8E21711 
 1023      1652
 1024 0021 2ECD43B2 		.ascii	".\315C\262\264RX\333\330*\355\354\035\034\235Tjg\027"
 1024      B45258DB 
 1024      D82AEDEC 
 1024      1D1C9D54 
 1024      6A6717
 1025 0034 578D9BBB 		.ascii	"W\215\233\273\207\247V\247\3672x\033}L\276\361\007\201"
 1025      87A756A7 
 1025      F732781B 
 1025      7D4CBEF1 
 1025      0781
 1026 0046 C903AC   		.ascii	"\311\003\254"
 1027              		.text
 1028              		.section	.gnu.lto_.decls.9bec6e106da05ca5,"e",%progbits
 1029 0000 789C9D96 		.ascii	"x\234\235\226kP\024\331\025\307\373\366\035\230'\340"
 1029      6B5014D9 
 1029      15C7FBF6 
 1029      1D9827E0 
 1030 0010 A2C66C19 		.ascii	"\242\306l\031+\272\301\262\2666:\002\012\233o\273\345"
 1030      2BBAC1B2 
 1030      B6363A02 
 1030      0A9B6FBB 
 1030      E5
 1031 0021 87DD4AD5 		.ascii	"\207\335J\325&\251\255\312\227|\310\024\245\244\326"
 1031      26A9ADCA 
 1031      977CC814 
 1031      A5A4D6
 1032 0030 0A8F2D1C 		.ascii	"\012\217-\034\023\363\255\035\020\004DF\024y\312K\026"
 1032      13F3AD1D 
ARM GAS  /tmp/cc2oEowq.s 			page 34


 1032      10044446 
 1032      1479CA4B 
 1032      16
 1033 0041 798A6665 		.ascii	"y\212fe}\014*\202\212<\005\035eE\201Q\024D^\312[@\310"
 1033      7D0C2A82 
 1033      8A3C051D 
 1033      65458151 
 1033      14445ECA 
 1034 0058 B9F7F60C 		.ascii	"\271\367\366\014\323\\HU\322\314\177\272\317\275\347"
 1034      D35C4855 
 1034      D2CC7FBA 
 1034      CFBDE7
 1035 0067 FCCE9D73 		.ascii	"\374\316\235sO7\255\021\220\360\345\032A\370=\026\204"
 1035      4F37AD11 
 1035      90F0E51A 
 1035      41F83D16 
 1035      84
 1036 0078 18511016 		.ascii	"\030Q\020\026\341P\013\202\320.,\035\036\240\333\240"
 1036      E1500B82 
 1036      D02E2C1D 
 1036      1EA0DBA0 
 1037 0088 7A5023E8 		.ascii	"zP#\350\276<\277\0054\012z\007\032\007M\202\246A\357"
 1037      BE3CBF05 
 1037      340A7A07 
 1037      1A074D82 
 1037      A641EF
 1038 009b 4173A00F 		.ascii	"As\240\017\240E\020B\202\200A\036 5H\013\322\203\274"
 1038      A0451042 
 1038      8280411E 
 1038      2035480B 
 1038      D283BC
 1039 00ae 403EA08F 		.ascii	"@>\240\217@kA\353A\033@\037\2036\2026\201~\015\332\002"
 1039      406B41EB 
 1039      411B401F 
 1039      83368236 
 1039      817E0DDA 
 1040 00c3 FA0D682B 		.ascii	"\372\015h+h\033\350S\320g\240\355 #\022\024G<\330d\350"
 1040      681BE853 
 1040      D067A0ED 
 1040      20231214 
 1040      473CD864 
 1041 00d8 3BD946F2 		.ascii	";\331F\362\332\227\037\311+\370\325\257\340\227\272"
 1041      DA971FC9 
 1041      2BF8D5AF 
 1041      E097BA
 1042 00e7 825FE30A 		.ascii	"\202_\343\012~\271+\370\335_\301\357,L\030d?_\320:\320"
 1042      7EB92BF8 
 1042      DD5FC1EF 
 1042      2C4C1864 
 1042      3F5FD03A 
 1043 00fc 4E18EB81 		.ascii	"N\030\353\201\3636\220?\\\217\300y\030\024\000\327\335"
 1043      F336903F 
 1043      5C8FC079 
 1043      181400D7 
 1043      DD
 1044 010d 70FE0B48 		.ascii	"p\376\013H\005z\005\032\000\365\201^\3139\332\345\363"
 1044      057A051A 
ARM GAS  /tmp/cc2oEowq.s 			page 35


 1044      00F5815E 
 1044      CB39DAE5 
 1044      F3
 1045 011e E8B23C3D 		.ascii	"\350\262<=\210\305\364\310,\222gd\025\01696\013\254"
 1045      88C5F4C8 
 1045      2C926764 
 1045      150E3936 
 1045      0BAC
 1046 0130 96DBE5DA 		.ascii	"\226\333\345\332~*\327z\253\\\373-\362^l\222\367\346"
 1046      7E2AD77A 
 1046      AB5CFB2D 
 1046      F25E6C92 
 1046      F7E6
 1047 0142 6379AFD6 		.ascii	"cy\257\326\313{\367\221\274\227^\362\336j\345\275\366"
 1047      CB7BF791 
 1047      BC975EF2 
 1047      DE6AE5BD 
 1047      F6
 1048 0153 90F79EF4 		.ascii	"\220\367\236\364\000\351\005\322\023\2447H\217\220^"
 1048      00E905D2 
 1048      13A43748 
 1048      8F905E
 1049 0162 213D437A 		.ascii	"!=Cz\347\335\262\365\247a\224\326>P)>G=H$\277\021\211"
 1049      E7DDB2F5 
 1049      A76194D6 
 1049      3E50293E 
 1049      473D4824 
 1050 0179 48207FE4 		.ascii	"H \177\344\013\261\012#\362q\262\235\007\"\007\365\023"
 1050      0BB10A23 
 1050      F271B29D 
 1050      072207F5 
 1050      13
 1051 018a 6577E2C0 		.ascii	"ew\342\300\306\330i\351\232\234E\231\":7\216\3050:5"
 1051      C6D869E9 
 1051      9A9C4599 
 1051      223A378E 
 1051      C5303A35 
 1052 019e DDD06C1E 		.ascii	"\335\320l\036\311\363\362!8\223\010K\313b\0142$\312"
 1052      C9F3F221 
 1052      3893084B 
 1052      CB620C32 
 1052      24CA
 1053 01b0 39DD2310 		.ascii	"9\335#\020\267\342%\240\340\202:\231\310U\221\233?\236"
 1053      B7E225A0 
 1053      E0823A99 
 1053      C855919B 
 1053      3F9E
 1054 01c2 69D3BC40 		.ascii	"i\323\274@\216\303\222$9\376$\254\267nf\343\227;\223"
 1054      8EC39224 
 1054      39FE24AC 
 1054      B76E66E3 
 1054      973B93
 1055 01d5 EB3D316C 		.ascii	"\353=1l\013\\\267<\033.\367\300\333\350\365\205\354"
 1055      0B5CB73C 
 1055      1B2EF7C0 
 1055      DBE8F585 
 1055      EC
ARM GAS  /tmp/cc2oEowq.s 			page 36


 1056 01e6 F9768D4A 		.ascii	"\371v\215J\024\320u\204\231\247-;\316\356\205\177Kg"
 1056      14D07584 
 1056      99A72D3B 
 1056      CEEE857F 
 1056      4B67
 1057 01f8 BB2AE237 		.ascii	"\273*\3427\031+$vh\232\260\200nR7A\010\323\223\371\330"
 1057      192B2476 
 1057      689AB080 
 1057      6E523741 
 1057      08D393F9 
 1058 020d 3B569BD7 		.ascii	";V\233\327q\214|uH\0043\377Q\233\005\201\271N\207\326"
 1058      718C7C75 
 1058      480433FF 
 1058      519B0581 
 1058      B94E87D6 
 1059 0221 80995A70 		.ascii	"\200\231Zp\333\256\335\220Jb\255\321\322\032\021}\367"
 1059      DBAEDD90 
 1059      4A62ADD1 
 1059      D21A117D 
 1059      F7
 1060 0232 0B548B36 		.ascii	"\013T\2136\242[h#,\271\016m\020\320A\025K:\333\2312"
 1060      A25B6823 
 1060      2CB90E6D 
 1060      10D04115 
 1060      4B3ADB99 
 1061 0247 2B7E9227 		.ascii	"+~\222'9j\244\232\321\\\277\222\346X\251-O\222\276\240"
 1061      396AA49A 
 1061      D15CBF92 
 1061      E658A92D 
 1061      4F92BEA0 
 1062 025b 6EA81A61 		.ascii	"n\250\032aT\203\214\020t\003\251\004b\012\310\206^ "
 1062      54838C10 
 1062      7403A904 
 1062      620AC886 
 1062      5E20
 1063 026d 740D3D47 		.ascii	"t\015=Ga)\236\002\272\215>\001\312\273\341\344V\037"
 1063      61299E02 
 1063      BA8D3E01 
 1063      CABBE1E4 
 1063      561F
 1064 027f 5C8556F9 		.ascii	"\\\205V\371e'\027\352\252Ur\222\027\237eJ5\026\250\222"
 1064      652717EA 
 1064      AA557292 
 1064      179F654A 
 1064      3516A892 
 1065 0293 4833DC71 		.ascii	"H3\334qe\270K2\334QfH\200\014\3654\303\250\375m7\306"
 1065      65B84B32 
 1065      DC516648 
 1065      800CF534 
 1065      C3A8FD6D 
 1066 02a9 B5AB6568 		.ascii	"\265\253eh\275\\\230\243\2273<\330\256\310p\317\225"
 1066      BD5C98A3 
 1066      97333CD8 
 1066      AEC870CF 
 1066      95
 1067 02ba A18164B8 		.ascii	"\241\201d\270\247\314`\201\014\2154C\311\223\311Z=n"
 1067      A7CC6081 
ARM GAS  /tmp/cc2oEowq.s 			page 37


 1067      0C8D3443 
 1067      C993C95A 
 1067      3D6E
 1068 02cc 6519721B 		.ascii	"e\031r\033^\344\033p\0273\006^\333\237\372\220t\315"
 1068      5EE41B70 
 1068      1733065E 
 1068      DB9FFA90 
 1068      74CD
 1069 02de CE74BDF1 		.ascii	"\316t\275\361\355\325Z\347\002P\013pa\320>8\370\330"
 1069      EDD55AE7 
 1069      02500B70 
 1069      61D03E38 
 1069      F8D8
 1070 02f0 87ACE196 		.ascii	"\207\254\341\226T3\273C\261\206&\327\032Z\311\032\232"
 1070      5433BB43 
 1070      B18626D7 
 1070      1A5AC91A 
 1070      9A
 1071 0301 946B98F5 		.ascii	"\224k\230\365\020\320}\272\206\266\364\304X\204\373"
 1071      10D07DBA 
 1071      86B6F4C4 
 1071      5884FB
 1072 0310 58DAAA41 		.ascii	"X\332\252A[\207\007\3419\244\232\306\317\011Or\362\332"
 1072      5B8707E1 
 1072      39A49AC6 
 1072      CF094F72 
 1072      F2DA
 1073 0322 9C3C20B6 		.ascii	"\234< \266)a\267\001\326NaW[O\326y\343i\006\253X\354"
 1073      2961B701 
 1073      D64E6157 
 1073      5B4FD679 
 1073      E36906AB 
 1074 0338 CFF2610D 		.ascii	"\317\362a\015#!\260\363\312;\033u\254c$\015\330\216"
 1074      2321B0F3 
 1074      CA3B1B75 
 1074      AC63240D 
 1074      D88E
 1075 034a 8CC2D39E 		.ascii	"\214\302\323\236l^\015f\267\345\314\214\201\231*0O5"
 1075      6C5E0D66 
 1075      B7E5CC8C 
 1075      81992A30 
 1075      4F35
 1076 035c 5E6A90BD 		.ascii	"^j\220\2757\203yo>=U\324\035%\375\225\027-i\277&n\035"
 1076      3783796F 
 1076      3E3D55D4 
 1076      1D25FD95 
 1076      172D69BF 
 1077 0373 D05F8F69 		.ascii	"\320_\217i\177\375\214t\0022nD\217\300\"7\306\342\351"
 1077      7FFD8C74 
 1077      02326E44 
 1077      8FC02237 
 1077      C6E2E9
 1078 0386 9B2A8622 		.ascii	"\233*\206\"\211\342\306o[T\370\260HWU\035\373\341\206"
 1078      89E2C66F 
 1078      5B54F8B0 
 1078      4857551D 
 1078      FBE186
ARM GAS  /tmp/cc2oEowq.s 			page 38


 1079 0399 1AE6B6E9 		.ascii	"\032\346\266\351\020\271\333|`\250~t\330\216\330\020"
 1079      10B9DB7C 
 1079      60A87E74 
 1079      D88ED810 
 1080 03a9 F128293C 		.ascii	"\361()<Q\340\211\2171\367LGY\276\201\344\265\260\274"
 1080      51E0898F 
 1080      31F74C47 
 1080      59BE81E4 
 1080      B5B0BC
 1081 03bc 822B2BEA 		.ascii	"\202++\352B4\004\212\202\236\301\330S\226;v\272\336"
 1081      4234048A 
 1081      829EC1D8 
 1081      53963B76 
 1081      BADE
 1082 03ce D790E0F2 		.ascii	"\327\220\340\362G\335\310}\241=\310\300\266\263\251"
 1082      47DDC87D 
 1082      A13DC8C0 
 1082      B6B3A9
 1083 03dd 39E9861A 		.ascii	"9\351\206\032\247\262$\326\221\354\353z\234\313\014"
 1083      A7B224D6 
 1083      91ECEB7A 
 1083      9CCB0C
 1084 03ec E78DE5CB 		.ascii	"\347\215\345\313n,g\025\327\311U\274?4}E\207\317S_\217"
 1084      6E2C6715 
 1084      D7C955BC 
 1084      3F347D45 
 1084      87CF535F 
 1085 0401 D1EBC5AF 		.ascii	"\321\353\305\257\015\310\317o\255\237_\001IY3U\244\206"
 1085      0DC8CF6F 
 1085      AD9F5F01 
 1085      49593355 
 1085      A486
 1086 0413 5D8BF124 		.ascii	"]\213\361$\211`k0\352Gk\335\322\033\311\227?|1\357\332"
 1086      89606B30 
 1086      EA476BDD 
 1086      D21BC997 
 1086      3F7C31EF 
 1087 0428 73582ADC 		.ascii	"sX*\334I};9\337'\310\351|\202\336\325 \322H\275\340"
 1087      497D3B39 
 1087      DF27C8E9 
 1087      7C82DED5 
 1087      20D248BD 
 1088 043d F0824E11 		.ascii	"\360\202N\021w\362\343_!?4\000\352\003\275F~\244C\030"
 1088      77F2E35F 
 1088      213F3400 
 1088      EA03BD46 
 1088      7EA44318 
 1089 0451 BE7109FF 		.ascii	"\276q\011\377r\025|\007r-f\266\310\345\355Xy\341\324"
 1089      72157C07 
 1089      722D66B6 
 1089      C8E5ED58 
 1089      79E1D4
 1090 0464 194AF0F8 		.ascii	"\031J\360\370\347\366\273Zlc\345\352yz\247H\275v\305"
 1090      E7F6BB5A 
 1090      6C63E5EA 
 1090      797AA748 
 1090      BD76C5
ARM GAS  /tmp/cc2oEowq.s 			page 39


 1091 0477 25A23732 		.ascii	"%\24272g\225U\222\326hI\2106\370Z\345\350/Th\020\334"
 1091      67955592 
 1091      D6684988 
 1091      36F85AE5 
 1091      E82F5468 
 1092 048d ED10FF90 		.ascii	"\355\020\377\220\246\035B\276\254\271\250\363\325\347"
 1092      A61D42BE 
 1092      ACB9A8F3 
 1092      D5E7
 1093 049b 7D7DDECE 		.ascii	"}}\336\316T1\377k\252\312\366\206)\225{\252\341\377"
 1093      5431FF6B 
 1093      AACAF686 
 1093      29957BAA 
 1093      E1FF
 1094 04ad 922ACF51 		.ascii	"\222*\317QV\357\271\365\254\324\006\017\227\221\254"
 1094      56EFB9F5 
 1094      ACD4060F 
 1094      9791AC
 1095 04bc 5F9D94A4 		.ascii	"_\235\224\244\257\321\010\362E\017\330]\350\026GF\376"
 1095      AFD108F2 
 1095      450FD85D 
 1095      E8164746 
 1095      FE
 1096 04cd 2A865D81 		.ascii	"*\206]\201{p\024m\205\320\261\211\244K>\270\211U'\251"
 1096      7B70146D 
 1096      85D0B189 
 1096      A44B3EB8 
 1096      895527A9 
 1097 04e1 B3314E0F 		.ascii	"\2631N\017\034\007\024\2705\335\267 :\217u\344[\231"
 1097      1C0714B8 
 1097      35DDB720 
 1097      3A8F75E4 
 1097      5B99
 1098 04f3 B3546118 		.ascii	"\263Ta\030\021\302\316\302\363\345\035\245\274Iz\264"
 1098      11C2CEC2 
 1098      F3E51DA5 
 1098      BC497AB4 
 1099 0503 E883BB19 		.ascii	"\350\203\273\031%\245\246\377\002\222)C\205\330\352"
 1099      25A5A6FF 
 1099      02922943 
 1099      85D8EA
 1100 0512 4719631C 		.ascii	"G\031c\034c\2140*\2011N\031E\013\366\237<\361\020c\014"
 1100      638C302A 
 1100      81314E19 
 1100      450BF69F 
 1100      3CF11063 
 1101 0527 26DD9AF0 		.ascii	"&\335\232\360\222\031/\213\234\214\011\2161A\0306`L"
 1101      92192F8B 
 1101      9C8C098E 
 1101      31411836 
 1101      604C
 1102 0539 524646E9 		.ascii	"RFF\351p\206\016\3171\306\300\223\2121\255\223\361\313"
 1102      70860ECF 
 1102      31C6C093 
 1102      8A31AD93 
 1102      F1CB
 1103 054b 4CA95645 		.ascii	"L\251VE!S\034d\212@\352\0012M!\257\352\356=\327\340"
ARM GAS  /tmp/cc2oEowq.s 			page 40


 1103      21531C64 
 1103      8A40EA01 
 1103      324D21AF 
 1103      EAEE3DD7 
 1104 0560 444C219D 		.ascii	"DL!\235S\345\022\226!}n%\231\341(3\204\362\020(\357"
 1104      53E51296 
 1104      217D6E25 
 1104      99E12833 
 1104      84F21028 
 1105 0575 29C5F236 		.ascii	")\305\3626\355\242\036\3470JIG\311\2447W\222Y\2161K"
 1105      EDA21EE7 
 1105      304A4947 
 1105      C9A43757 
 1105      92598E31 
 1106 058a 183DC098 		.ascii	"\030=\300\230\243\214\366\232\252R5.g\214\216\341\272"
 1106      A38CF69A 
 1106      AA52352E 
 1106      678C8EE1 
 1106      BA
 1107 059b 360D5792 		.ascii	"6\015W\222y\2161O\030\203\300\370@\031}\275\307.zb\033"
 1107      798E314F 
 1107      1883C0F8 
 1107      40197DBD 
 1107      C72E7A62 
 1108 05b0 63D8D3AF 		.ascii	"c\330\323\257\324\212|I\0268\310\002\201L\003d\221B"
 1108      D48A7C49 
 1108      1638C802 
 1108      814C0364 
 1108      9142
 1109 05c2 9EE59E7B 		.ascii	"\236\345\236{o\300M\014\362a!\313\356\254\353\202[I"
 1109      6FC04D0C 
 1109      F26121CB 
 1109      EEACEB82 
 1109      5B49
 1110 05d4 24713905 		.ascii	"$q9\005F\204\260hx\372\037\026\011%\355Z\363e5\356f"
 1110      4684B068 
 1110      78FA1F16 
 1110      0925ED5A 
 1110      F36535EE 
 1111 05e9 94873F94 		.ascii	"\224\207?\224\015\362%\261p\014\013a$\003#\2322\026"
 1111      0DF225B1 
 1111      700C0B61 
 1111      2403239A 
 1111      3216
 1112 05fb 5B735B44 		.ascii	"[s[D<\304\030wcK\034|\227\304p\214\030\302\310\002\306"
 1112      3CC41877 
 1112      634B1C7C 
 1112      97C4708C 
 1112      18C2C802 
 1113 0610 11CA68AC 		.ascii	"\021\312h\254N\261A\2270\206\345N}\265\201/I,\007\211"
 1113      4EB14197 
 1113      3086E54E 
 1113      7DB5812F 
 1113      492C0789 
 1114 0624 25907300 		.ascii	"%\220s\000\211\243\220\364c\361\233p\242\212m\357\374"
 1114      89A390F4 
 1114      63F19B70 
ARM GAS  /tmp/cc2oEowq.s 			page 41


 1114      A28A6DEF 
 1114      FC
 1115 0635 AD6667C7 		.ascii	"\255fg\307?\316X\252\310Q\016r\224@~\004H<\205\2749"
 1115      3FCE58AA 
 1115      C8510E72 
 1115      94407E04 
 1115      483C85BC 
 1116 064a 7FB54A8B 		.ascii	"\177\265J\213s\030\345qt\306\220\027W\221\004\216\221"
 1116      7318E571 
 1116      74C69017 
 1116      5791048E 
 1116      91
 1117 065b 40183781 		.ascii	"@\0307\201\221H\031s\371\357KU\270\2341\256\332\343"
 1117      91481973 
 1117      F9EF4B55 
 1117      B89C31AE 
 1117      DAE3
 1118 066d 630C5C45 		.ascii	"c\014\\E\216q\214c\204A\336\332\222(#+;\307f\3006\306"
 1118      8E718C63 
 1118      8441DEDA 
 1118      9228232B 
 1118      3BC766C0 
 1119 0683 38525CFB 		.ascii	"8R\\\373\300\213\257\310q\016r\234@:\000\222L!\347o"
 1119      C08BAFC8 
 1119      710E729C 
 1119      403A0092 
 1119      4C21E76F 
 1120 0697 745DD3E2 		.ascii	"t]\323\342&\006\271\334\333\177F-CF\334Jb\345(VB\351"
 1120      2606B9DC 
 1120      DB7F462D 
 1120      4346DC4A 
 1120      62E52856 
 1121 06ad 05CA094A 		.ascii	"\005\312\011J92\023\233\245\301\335ra\273R\273<\270"
 1121      3932139B 
 1121      A5C1DD72 
 1121      61BB52BB 
 1121      3CB8
 1122 06bf 92A4708C 		.ascii	"\222\244p\214\024\302\030\005\306I\312\270\233\226t"
 1122      14C21805 
 1122      C649CAB8 
 1122      9B9674
 1123 06ce 498F8718 		.ascii	"I\217\207\030c\261\257\264X\317\225\344\024\3078E\030"
 1123      63B1AFB4 
 1123      58CF95E4 
 1123      14C73845 
 1123      18
 1124 06df 73C048A5 		.ascii	"s\300H\245\214\037&\254\015*<\307\030\266\247\205cz"
 1124      8C1F26AC 
 1124      0D2A3CC7 
 1124      18B6A785 
 1124      637A
 1125 06f1 BE24A739 		.ascii	"\276$\2479\310i\002\211\203G}\032\205\304\337**\321"
 1125      C8690289 
 1125      83477D1A 
 1125      85C4DF2A 
 1125      2AD1
 1126 0703 E1440F0A 		.ascii	"\341D\017\012I\225^\376Qf\334\315\\\252H:\007I'\220"
ARM GAS  /tmp/cc2oEowq.s 			page 42


 1126      49955EFE 
 1126      5166DCCD 
 1126      5CAA483A 
 1126      07492790 
 1127 0717 9300C9A0 		.ascii	"\223\000\311\240\220k\305\225c\360$a\220+\223\335U\006"
 1127      906BC595 
 1127      63F02461 
 1127      902B93DD 
 1127      5506
 1128 0729 AE22991C 		.ascii	"\256\"\231\034#\2230r\201\221E\031W\206;g<q9c\334,\313"
 1128      23933072 
 1128      81914519 
 1128      57863B67 
 1128      3C713963 
 1129 0740 9FE16F9B 		.ascii	"\237\341o\233l\216\221M\030e\3008C\031\343MV\270ml\214"
 1129      6C8E914D 
 1129      1865C038 
 1129      4319E34D 
 1129      56B86D6C 
 1130 0755 91DFE268 		.ascii	"\221\337\342h^\241Ir8H\016\201\\\006H.\205\330\252\347"
 1130      5EA14972 
 1130      38480E81 
 1130      5C06482E 
 1130      85D8AAE7 
 1131 0769 36E126C6 		.ascii	"6\341&\306\230}\326\337\345\354\221n\267\212\344q\220"
 1131      987DD6DF 
 1131      E5EC916E 
 1131      B78AE471 
 1131      90
 1132 077a 3C02A903 		.ascii	"<\002\251\003H>\205X+\363\347\241G\030e\241\257%Q\305"
 1132      483E8558 
 1132      2BF3E7A1 
 1132      471865A1 
 1132      AF2551C5 
 1133 078e 55A48063 		.ascii	"U\244\200c\024\020\306}`\234e\277\346ay\207\027\036"
 1133      1410C67D 
 1133      609C65BF 
 1133      E6617987 
 1133      171E
 1134 07a0 92B7C632 		.ascii	"\222\267\3062\177\035q\025)\344\030\205\204\361\024"
 1134      7F1D7115 
 1134      29E41885 
 1134      84F114
 1135 07af 183F5086 		.ascii	"\030?P\206\243\352\247Jo<\307\030\216\371\301G\236|"
 1135      A3EAA74A 
 1135      6F3CC718 
 1135      8EF9C147 
 1135      9E7C
 1136 07c1 458A3848 		.ascii	"E\2128H\021\201\364\003\344\034\205TX{\323"
 1136      1181F403 
 1136      E41C8554 
 1136      587BD3
 1137 07d0 D438D193 		.ascii	"\3248\321\223\375\357,ly\351\204L\271\225\244\230\243"
 1137      FDEF2C6C 
 1137      79E9844C 
 1137      B995A498 
 1137      A3
ARM GAS  /tmp/cc2oEowq.s 			page 43


 1138 07e1 1413CA38 		.ascii	"\024\023\3128PJ(%\363\341)\033\3029\2142]7p\234\177"
 1138      504A2825 
 1138      F3E1291B 
 1138      C2398C32 
 1138      5D37709C 
 1139 07f6 9294728C 		.ascii	"\222\224r\214R\302X\004F\031e\014\305\365tC\2230F\302"
 1139      52C25804 
 1139      4619650C 
 1139      C5F57443 
 1139      933046C2 
 1140 080a D4E2252D 		.ascii	"\324\342%-W\222r\216QN\030\211\360>Q\301\236\361\343"
 1140      5792728E 
 1140      514E1889 
 1140      F03E51C1 
 1140      9EF1E3
 1141 081d B3D1D024 		.ascii	"\263\321\320$\2141h\273\226\212\370\222\234\347 \347"
 1141      8C3168BB 
 1141      968AF892 
 1141      9CE720E7 
 1142 082d 09240D20 		.ascii	"\011$\015 \225\0242\230P;\253w\177-\036V\274\336]\020"
 1142      95143298 
 1142      503BAB77 
 1142      7F2D1E56 
 1142      BCDE5D10 
 1143 0841 C96B3139 		.ascii	"\311k19\201\357\344D\303#\321\335\227\274\370,\371^"
 1143      81EFE444 
 1143      C323D1DD 
 1143      97BCF82C 
 1143      F95E
 1144 0853 64BE17A9 		.ascii	"d\276\027\251\357\211\270\344\243.\337\230U^\267\321"
 1144      EF89B8E4 
 1144      A32EDF98 
 1144      555EB7D1 
 1145 0863 BF2104FB 		.ascii	"\277!\004\373\007\011\332\220\250\360\177\004\035\330"
 1145      0709DA90 
 1145      A8F07F04 
 1145      1DD8
 1146 0871 1E2EE8F6 		.ascii	"\036.\350\366FF\231C\017m\017\337)\350M&0BM\373#\366"
 1146      46469943 
 1146      0F6D0FDF 
 1146      29E84D26 
 1146      30424DFB 
 1147 0887 9B55FF0C 		.ascii	"\233U\377\014\015\371{\320\216\035F\366\211<`\334\033"
 1147      0DF97BD0 
 1147      8E1D46F6 
 1147      893C60DC 
 1147      1B
 1148 0898 191E1E19 		.ascii	"\031\036\036\031a<`\016\2112\037\374\336\370\345\267"
 1148      613C600E 
 1148      89321FFC 
 1148      DEF8E5B7 
 1149 08a8 DFECF9E6 		.ascii	"\337\354\371\346\020\031\375~\177Xh\324\001\343W{\366"
 1149      1019FD7E 
 1149      7F5868D4 
 1149      01E3577B 
 1149      F6
 1150 08b9 18F74699 		.ascii	"\030\367F\231\375w\354\325|\365\207?o\336\343\037,\254"
ARM GAS  /tmp/cc2oEowq.s 			page 44


 1150      FD77ECD5 
 1150      7CF5873F 
 1150      6FDEE31F 
 1150      2CAC
 1151 08cb 61F68ECF 		.ascii	"a\366\216\317\375\003\367\355\336\367\273`!\370\377"
 1151      FD03F7ED 
 1151      DEF7BB60 
 1151      21F8FF
 1152 08da 030A0693 		.ascii	"\003\012\006\223)4$*\354_ti\260\314\260\0203[\246\267"
 1152      2934242A 
 1152      EC5F7469 
 1152      B0CCB010 
 1152      335BA6B7 
 1153 08ee C9B42FF4 		.ascii	"\311\264/\364o!\007\303\314\246\320C\373\315\232\010"
 1153      6F2107C3 
 1153      CCA6D043 
 1153      FBCD9A08 
 1154 08fe 58BFF960 		.ascii	"X\277\371`T\304\032\023\2356E\205\204\233B\242BC\016"
 1154      54C41A13 
 1154      9D364585 
 1154      849B42A2 
 1154      42430E
 1155 0911 685D57BA 		.ascii	"h]W\272\275a\300\242\327\232\203\373#\314\201\001&\263"
 1155      BD61C0A2 
 1155      D79A83FB 
 1155      23CC8101 
 1155      26B3
 1156 0923 963A9321 		.ascii	"\226:\223!oz\005\005a\246!\"\322\344\232\363!\014\227"
 1156      6F7A0505 
 1156      61A62122 
 1156      D2E49AF3 
 1156      210C97
 1157 0936 6532FB9A 		.ascii	"e2\373\232\010\177\247i)\304\344\345>d\362\226-\226"
 1157      087FA769 
 1157      29C4E4E5 
 1157      3E64F296 
 1157      2D96
 1158 0948 D1E4239B 		.ascii	"\321\344#\233\021\221l\232\305\373\363\361\376\212x"
 1158      11916C9A 
 1158      C5FBF3F1 
 1158      FE8A78
 1159 0957 7F65BCFF 		.ascii	"\177e\274\377\262\370\000>>@\021\037\240\214\017X\026"
 1159      B2F8003E 
 1159      3E40111F 
 1159      A08C0F58 
 1159      16
 1160 0968 1FC8C707 		.ascii	"\037\310\307\007*\342\003\225\361\201\313\342w\361\361"
 1160      2AE20395 
 1160      F181CBE2 
 1160      77F1F1
 1161 0977 BB14F1BB 		.ascii	"\273\024\361\273\224\361\273\226\305\357\346\343w+\342"
 1161      94F1BB96 
 1161      C5EFE6E3 
 1161      772BE2
 1162 0986 772BE377 		.ascii	"w+\343w/\213\017\342\343\203\024\361A\312\370\240e\361"
 1162      2F8B0FE2 
 1162      E38314F1 
ARM GAS  /tmp/cc2oEowq.s 			page 45


 1162      41CAF8A0 
 1162      65F1
 1163 0998 C17C7CB0 		.ascii	"\301||\260\">X\031\037\354\212\377\017\220\245BP"
 1163      223E5819 
 1163      1FEC8AFF 
 1163      0F90A542 
 1163      50
 1164              		.text
 1165              		.section	.gnu.lto_.symtab.9bec6e106da05ca5,"e",%progbits
 1166 0000 5F5F636F 		.ascii	"__core_init\000"
 1166      72655F69 
 1166      6E697400 
 1167 000c 00       		.ascii	"\000"
 1168 000d 01       		.ascii	"\001"
 1169 000e 00       		.ascii	"\000"
 1170 000f 00000000 		.ascii	"\000\000\000\000\000\000\000\000"
 1170      00000000 
 1171 0017 C4000000 		.ascii	"\304\000\000\000"
 1172 001b 5F5F6561 		.ascii	"__early_init\000"
 1172      726C795F 
 1172      696E6974 
 1172      00
 1173 0028 00       		.ascii	"\000"
 1174 0029 01       		.ascii	"\001"
 1175 002a 00       		.ascii	"\000"
 1176 002b 00000000 		.ascii	"\000\000\000\000\000\000\000\000"
 1176      00000000 
 1177 0033 C7000000 		.ascii	"\307\000\000\000"
 1178 0037 5F5F6C61 		.ascii	"__late_init\000"
 1178      74655F69 
 1178      6E697400 
 1179 0043 00       		.ascii	"\000"
 1180 0044 01       		.ascii	"\001"
 1181 0045 00       		.ascii	"\000"
 1182 0046 00000000 		.ascii	"\000\000\000\000\000\000\000\000"
 1182      00000000 
 1183 004e CA000000 		.ascii	"\312\000\000\000"
 1184 0052 5F5F6465 		.ascii	"__default_exit\000"
 1184      6661756C 
 1184      745F6578 
 1184      697400
 1185 0061 00       		.ascii	"\000"
 1186 0062 01       		.ascii	"\001"
 1187 0063 00       		.ascii	"\000"
 1188 0064 00000000 		.ascii	"\000\000\000\000\000\000\000\000"
 1188      00000000 
 1189 006c CF000000 		.ascii	"\317\000\000\000"
 1190 0070 5F5F696E 		.ascii	"__init_ram_areas\000"
 1190      69745F72 
 1190      616D5F61 
 1190      72656173 
 1190      00
 1191 0081 00       		.ascii	"\000"
 1192 0082 00       		.ascii	"\000"
 1193 0083 00       		.ascii	"\000"
 1194 0084 00000000 		.ascii	"\000\000\000\000\000\000\000\000"
 1194      00000000 
ARM GAS  /tmp/cc2oEowq.s 			page 46


 1195 008c D1000000 		.ascii	"\321\000\000\000"
 1196 0090 5F5F7261 		.ascii	"__ram0_init_text__\000"
 1196      6D305F69 
 1196      6E69745F 
 1196      74657874 
 1196      5F5F00
 1197 00a3 00       		.ascii	"\000"
 1198 00a4 02       		.ascii	"\002"
 1199 00a5 00       		.ascii	"\000"
 1200 00a6 00000000 		.ascii	"\000\000\000\000\000\000\000\000"
 1200      00000000 
 1201 00ae F1000000 		.ascii	"\361\000\000\000"
 1202 00b2 5F5F7261 		.ascii	"__ram0_init__\000"
 1202      6D305F69 
 1202      6E69745F 
 1202      5F00
 1203 00c0 00       		.ascii	"\000"
 1204 00c1 02       		.ascii	"\002"
 1205 00c2 00       		.ascii	"\000"
 1206 00c3 00000000 		.ascii	"\000\000\000\000\000\000\000\000"
 1206      00000000 
 1207 00cb F3000000 		.ascii	"\363\000\000\000"
 1208 00cf 5F5F7261 		.ascii	"__ram0_clear__\000"
 1208      6D305F63 
 1208      6C656172 
 1208      5F5F00
 1209 00de 00       		.ascii	"\000"
 1210 00df 02       		.ascii	"\002"
 1211 00e0 00       		.ascii	"\000"
 1212 00e1 00000000 		.ascii	"\000\000\000\000\000\000\000\000"
 1212      00000000 
 1213 00e9 F5000000 		.ascii	"\365\000\000\000"
 1214 00ed 5F5F7261 		.ascii	"__ram0_noinit__\000"
 1214      6D305F6E 
 1214      6F696E69 
 1214      745F5F00 
 1215 00fd 00       		.ascii	"\000"
 1216 00fe 02       		.ascii	"\002"
 1217 00ff 00       		.ascii	"\000"
 1218 0100 00000000 		.ascii	"\000\000\000\000\000\000\000\000"
 1218      00000000 
 1219 0108 F7000000 		.ascii	"\367\000\000\000"
 1220 010c 5F5F7261 		.ascii	"__ram1_init_text__\000"
 1220      6D315F69 
 1220      6E69745F 
 1220      74657874 
 1220      5F5F00
 1221 011f 00       		.ascii	"\000"
 1222 0120 02       		.ascii	"\002"
 1223 0121 00       		.ascii	"\000"
 1224 0122 00000000 		.ascii	"\000\000\000\000\000\000\000\000"
 1224      00000000 
 1225 012a F9000000 		.ascii	"\371\000\000\000"
 1226 012e 5F5F7261 		.ascii	"__ram1_init__\000"
 1226      6D315F69 
 1226      6E69745F 
 1226      5F00
ARM GAS  /tmp/cc2oEowq.s 			page 47


 1227 013c 00       		.ascii	"\000"
 1228 013d 02       		.ascii	"\002"
 1229 013e 00       		.ascii	"\000"
 1230 013f 00000000 		.ascii	"\000\000\000\000\000\000\000\000"
 1230      00000000 
 1231 0147 FB000000 		.ascii	"\373\000\000\000"
 1232 014b 5F5F7261 		.ascii	"__ram1_clear__\000"
 1232      6D315F63 
 1232      6C656172 
 1232      5F5F00
 1233 015a 00       		.ascii	"\000"
 1234 015b 02       		.ascii	"\002"
 1235 015c 00       		.ascii	"\000"
 1236 015d 00000000 		.ascii	"\000\000\000\000\000\000\000\000"
 1236      00000000 
 1237 0165 FD000000 		.ascii	"\375\000\000\000"
 1238 0169 5F5F7261 		.ascii	"__ram1_noinit__\000"
 1238      6D315F6E 
 1238      6F696E69 
 1238      745F5F00 
 1239 0179 00       		.ascii	"\000"
 1240 017a 02       		.ascii	"\002"
 1241 017b 00       		.ascii	"\000"
 1242 017c 00000000 		.ascii	"\000\000\000\000\000\000\000\000"
 1242      00000000 
 1243 0184 FF000000 		.ascii	"\377\000\000\000"
 1244 0188 5F5F7261 		.ascii	"__ram2_init_text__\000"
 1244      6D325F69 
 1244      6E69745F 
 1244      74657874 
 1244      5F5F00
 1245 019b 00       		.ascii	"\000"
 1246 019c 02       		.ascii	"\002"
 1247 019d 00       		.ascii	"\000"
 1248 019e 00000000 		.ascii	"\000\000\000\000\000\000\000\000"
 1248      00000000 
 1249 01a6 01010000 		.ascii	"\001\001\000\000"
 1250 01aa 5F5F7261 		.ascii	"__ram2_init__\000"
 1250      6D325F69 
 1250      6E69745F 
 1250      5F00
 1251 01b8 00       		.ascii	"\000"
 1252 01b9 02       		.ascii	"\002"
 1253 01ba 00       		.ascii	"\000"
 1254 01bb 00000000 		.ascii	"\000\000\000\000\000\000\000\000"
 1254      00000000 
 1255 01c3 03010000 		.ascii	"\003\001\000\000"
 1256 01c7 5F5F7261 		.ascii	"__ram2_clear__\000"
 1256      6D325F63 
 1256      6C656172 
 1256      5F5F00
 1257 01d6 00       		.ascii	"\000"
 1258 01d7 02       		.ascii	"\002"
 1259 01d8 00       		.ascii	"\000"
 1260 01d9 00000000 		.ascii	"\000\000\000\000\000\000\000\000"
 1260      00000000 
 1261 01e1 05010000 		.ascii	"\005\001\000\000"
ARM GAS  /tmp/cc2oEowq.s 			page 48


 1262 01e5 5F5F7261 		.ascii	"__ram2_noinit__\000"
 1262      6D325F6E 
 1262      6F696E69 
 1262      745F5F00 
 1263 01f5 00       		.ascii	"\000"
 1264 01f6 02       		.ascii	"\002"
 1265 01f7 00       		.ascii	"\000"
 1266 01f8 00000000 		.ascii	"\000\000\000\000\000\000\000\000"
 1266      00000000 
 1267 0200 07010000 		.ascii	"\007\001\000\000"
 1268 0204 5F5F7261 		.ascii	"__ram3_init_text__\000"
 1268      6D335F69 
 1268      6E69745F 
 1268      74657874 
 1268      5F5F00
 1269 0217 00       		.ascii	"\000"
 1270 0218 02       		.ascii	"\002"
 1271 0219 00       		.ascii	"\000"
 1272 021a 00000000 		.ascii	"\000\000\000\000\000\000\000\000"
 1272      00000000 
 1273 0222 09010000 		.ascii	"\011\001\000\000"
 1274 0226 5F5F7261 		.ascii	"__ram3_init__\000"
 1274      6D335F69 
 1274      6E69745F 
 1274      5F00
 1275 0234 00       		.ascii	"\000"
 1276 0235 02       		.ascii	"\002"
 1277 0236 00       		.ascii	"\000"
 1278 0237 00000000 		.ascii	"\000\000\000\000\000\000\000\000"
 1278      00000000 
 1279 023f 0B010000 		.ascii	"\013\001\000\000"
 1280 0243 5F5F7261 		.ascii	"__ram3_clear__\000"
 1280      6D335F63 
 1280      6C656172 
 1280      5F5F00
 1281 0252 00       		.ascii	"\000"
 1282 0253 02       		.ascii	"\002"
 1283 0254 00       		.ascii	"\000"
 1284 0255 00000000 		.ascii	"\000\000\000\000\000\000\000\000"
 1284      00000000 
 1285 025d 0D010000 		.ascii	"\015\001\000\000"
 1286 0261 5F5F7261 		.ascii	"__ram3_noinit__\000"
 1286      6D335F6E 
 1286      6F696E69 
 1286      745F5F00 
 1287 0271 00       		.ascii	"\000"
 1288 0272 02       		.ascii	"\002"
 1289 0273 00       		.ascii	"\000"
 1290 0274 00000000 		.ascii	"\000\000\000\000\000\000\000\000"
 1290      00000000 
 1291 027c 0F010000 		.ascii	"\017\001\000\000"
 1292 0280 5F5F7261 		.ascii	"__ram4_init_text__\000"
 1292      6D345F69 
 1292      6E69745F 
 1292      74657874 
 1292      5F5F00
 1293 0293 00       		.ascii	"\000"
ARM GAS  /tmp/cc2oEowq.s 			page 49


 1294 0294 02       		.ascii	"\002"
 1295 0295 00       		.ascii	"\000"
 1296 0296 00000000 		.ascii	"\000\000\000\000\000\000\000\000"
 1296      00000000 
 1297 029e 11010000 		.ascii	"\021\001\000\000"
 1298 02a2 5F5F7261 		.ascii	"__ram4_init__\000"
 1298      6D345F69 
 1298      6E69745F 
 1298      5F00
 1299 02b0 00       		.ascii	"\000"
 1300 02b1 02       		.ascii	"\002"
 1301 02b2 00       		.ascii	"\000"
 1302 02b3 00000000 		.ascii	"\000\000\000\000\000\000\000\000"
 1302      00000000 
 1303 02bb 13010000 		.ascii	"\023\001\000\000"
 1304 02bf 5F5F7261 		.ascii	"__ram4_clear__\000"
 1304      6D345F63 
 1304      6C656172 
 1304      5F5F00
 1305 02ce 00       		.ascii	"\000"
 1306 02cf 02       		.ascii	"\002"
 1307 02d0 00       		.ascii	"\000"
 1308 02d1 00000000 		.ascii	"\000\000\000\000\000\000\000\000"
 1308      00000000 
 1309 02d9 15010000 		.ascii	"\025\001\000\000"
 1310 02dd 5F5F7261 		.ascii	"__ram4_noinit__\000"
 1310      6D345F6E 
 1310      6F696E69 
 1310      745F5F00 
 1311 02ed 00       		.ascii	"\000"
 1312 02ee 02       		.ascii	"\002"
 1313 02ef 00       		.ascii	"\000"
 1314 02f0 00000000 		.ascii	"\000\000\000\000\000\000\000\000"
 1314      00000000 
 1315 02f8 17010000 		.ascii	"\027\001\000\000"
 1316 02fc 5F5F7261 		.ascii	"__ram5_init_text__\000"
 1316      6D355F69 
 1316      6E69745F 
 1316      74657874 
 1316      5F5F00
 1317 030f 00       		.ascii	"\000"
 1318 0310 02       		.ascii	"\002"
 1319 0311 00       		.ascii	"\000"
 1320 0312 00000000 		.ascii	"\000\000\000\000\000\000\000\000"
 1320      00000000 
 1321 031a 19010000 		.ascii	"\031\001\000\000"
 1322 031e 5F5F7261 		.ascii	"__ram5_init__\000"
 1322      6D355F69 
 1322      6E69745F 
 1322      5F00
 1323 032c 00       		.ascii	"\000"
 1324 032d 02       		.ascii	"\002"
 1325 032e 00       		.ascii	"\000"
 1326 032f 00000000 		.ascii	"\000\000\000\000\000\000\000\000"
 1326      00000000 
 1327 0337 1B010000 		.ascii	"\033\001\000\000"
 1328 033b 5F5F7261 		.ascii	"__ram5_clear__\000"
ARM GAS  /tmp/cc2oEowq.s 			page 50


 1328      6D355F63 
 1328      6C656172 
 1328      5F5F00
 1329 034a 00       		.ascii	"\000"
 1330 034b 02       		.ascii	"\002"
 1331 034c 00       		.ascii	"\000"
 1332 034d 00000000 		.ascii	"\000\000\000\000\000\000\000\000"
 1332      00000000 
 1333 0355 1D010000 		.ascii	"\035\001\000\000"
 1334 0359 5F5F7261 		.ascii	"__ram5_noinit__\000"
 1334      6D355F6E 
 1334      6F696E69 
 1334      745F5F00 
 1335 0369 00       		.ascii	"\000"
 1336 036a 02       		.ascii	"\002"
 1337 036b 00       		.ascii	"\000"
 1338 036c 00000000 		.ascii	"\000\000\000\000\000\000\000\000"
 1338      00000000 
 1339 0374 1F010000 		.ascii	"\037\001\000\000"
 1340 0378 5F5F7261 		.ascii	"__ram6_init_text__\000"
 1340      6D365F69 
 1340      6E69745F 
 1340      74657874 
 1340      5F5F00
 1341 038b 00       		.ascii	"\000"
 1342 038c 02       		.ascii	"\002"
 1343 038d 00       		.ascii	"\000"
 1344 038e 00000000 		.ascii	"\000\000\000\000\000\000\000\000"
 1344      00000000 
 1345 0396 21010000 		.ascii	"!\001\000\000"
 1346 039a 5F5F7261 		.ascii	"__ram6_init__\000"
 1346      6D365F69 
 1346      6E69745F 
 1346      5F00
 1347 03a8 00       		.ascii	"\000"
 1348 03a9 02       		.ascii	"\002"
 1349 03aa 00       		.ascii	"\000"
 1350 03ab 00000000 		.ascii	"\000\000\000\000\000\000\000\000"
 1350      00000000 
 1351 03b3 23010000 		.ascii	"#\001\000\000"
 1352 03b7 5F5F7261 		.ascii	"__ram6_clear__\000"
 1352      6D365F63 
 1352      6C656172 
 1352      5F5F00
 1353 03c6 00       		.ascii	"\000"
 1354 03c7 02       		.ascii	"\002"
 1355 03c8 00       		.ascii	"\000"
 1356 03c9 00000000 		.ascii	"\000\000\000\000\000\000\000\000"
 1356      00000000 
 1357 03d1 25010000 		.ascii	"%\001\000\000"
 1358 03d5 5F5F7261 		.ascii	"__ram6_noinit__\000"
 1358      6D365F6E 
 1358      6F696E69 
 1358      745F5F00 
 1359 03e5 00       		.ascii	"\000"
 1360 03e6 02       		.ascii	"\002"
 1361 03e7 00       		.ascii	"\000"
ARM GAS  /tmp/cc2oEowq.s 			page 51


 1362 03e8 00000000 		.ascii	"\000\000\000\000\000\000\000\000"
 1362      00000000 
 1363 03f0 27010000 		.ascii	"'\001\000\000"
 1364 03f4 5F5F7261 		.ascii	"__ram7_init_text__\000"
 1364      6D375F69 
 1364      6E69745F 
 1364      74657874 
 1364      5F5F00
 1365 0407 00       		.ascii	"\000"
 1366 0408 02       		.ascii	"\002"
 1367 0409 00       		.ascii	"\000"
 1368 040a 00000000 		.ascii	"\000\000\000\000\000\000\000\000"
 1368      00000000 
 1369 0412 29010000 		.ascii	")\001\000\000"
 1370 0416 5F5F7261 		.ascii	"__ram7_init__\000"
 1370      6D375F69 
 1370      6E69745F 
 1370      5F00
 1371 0424 00       		.ascii	"\000"
 1372 0425 02       		.ascii	"\002"
 1373 0426 00       		.ascii	"\000"
 1374 0427 00000000 		.ascii	"\000\000\000\000\000\000\000\000"
 1374      00000000 
 1375 042f 2B010000 		.ascii	"+\001\000\000"
 1376 0433 5F5F7261 		.ascii	"__ram7_clear__\000"
 1376      6D375F63 
 1376      6C656172 
 1376      5F5F00
 1377 0442 00       		.ascii	"\000"
 1378 0443 02       		.ascii	"\002"
 1379 0444 00       		.ascii	"\000"
 1380 0445 00000000 		.ascii	"\000\000\000\000\000\000\000\000"
 1380      00000000 
 1381 044d 2D010000 		.ascii	"-\001\000\000"
 1382 0451 5F5F7261 		.ascii	"__ram7_noinit__\000"
 1382      6D375F6E 
 1382      6F696E69 
 1382      745F5F00 
 1383 0461 00       		.ascii	"\000"
 1384 0462 02       		.ascii	"\002"
 1385 0463 00       		.ascii	"\000"
 1386 0464 00000000 		.ascii	"\000\000\000\000\000\000\000\000"
 1386      00000000 
 1387 046c 2F010000 		.ascii	"/\001\000\000"
 1388              		.text
 1389              		.section	.gnu.lto_.opts,"e",%progbits
 1390 0000 272D666E 		.ascii	"'-fno-openmp' '-fno-openacc' '-fno-pie' '-mcpu=cort"
 1390      6F2D6F70 
 1390      656E6D70 
 1390      2720272D 
 1390      666E6F2D 
 1391 0033 65782D6D 		.ascii	"ex-m0' '-mthumb' '-mfloat-abi=soft' '-march=armv6s-"
 1391      30272027 
 1391      2D6D7468 
 1391      756D6227 
 1391      20272D6D 
 1392 0066 6D272027 		.ascii	"m' '-O2' '-fomit-frame-pointer' '-falign-functions="
ARM GAS  /tmp/cc2oEowq.s 			page 52


 1392      2D4F3227 
 1392      20272D66 
 1392      6F6D6974 
 1392      2D667261 
 1393 0099 31362720 		.ascii	"16' '-ffunction-sections' '-fdata-sections' '-fno-c"
 1393      272D6666 
 1393      756E6374 
 1393      696F6E2D 
 1393      73656374 
 1394 00cc 6F6D6D6F 		.ascii	"ommon' '-flto'\000"
 1394      6E272027 
 1394      2D666C74 
 1394      6F2700
 1395              		.text
 1396              		.comm	__gnu_lto_v1,1,1
 1397              		.comm	__gnu_lto_slim,1,1
 1398              		.ident	"GCC: (15:9-2019-q4-0ubuntu1) 9.2.1 20191025 (release) [ARM/arm-9-branch revision 277599]"
ARM GAS  /tmp/cc2oEowq.s 			page 53


DEFINED SYMBOLS
                            *ABS*:0000000000000000 crt1.c
     /tmp/cc2oEowq.s:19     .gnu.debuglto_.debug_info:0000000000000000 crt1.c.813d5d97
                            *COM*:0000000000000001 __gnu_lto_v1
                            *COM*:0000000000000001 __gnu_lto_slim

NO UNDEFINED SYMBOLS
