ARM GAS  /tmp/ccghJp3N.s 			page 1


   1              		.cpu cortex-m0
   2              		.eabi_attribute 20, 1
   3              		.eabi_attribute 21, 1
   4              		.eabi_attribute 23, 3
   5              		.eabi_attribute 24, 1
   6              		.eabi_attribute 25, 1
   7              		.eabi_attribute 26, 1
   8              		.eabi_attribute 30, 2
   9              		.eabi_attribute 34, 0
  10              		.eabi_attribute 18, 4
  11              		.file	"chtrace.c"
  12              		.file 1 "/usr/lib/gcc/arm-none-eabi/9.2.1/include/stddef.h"
  13              		.file 2 "/usr/lib/gcc/arm-none-eabi/9.2.1/include/stdint.h"
  14              		.file 3 "../../incl/ChibiOS/os/common/ports/ARMCMx/compilers/GCC/chtypes.h"
  15              		.file 4 "../../incl/ChibiOS/os/rt/include/chsystypes.h"
  16              		.file 5 "../../incl/ChibiOS/os/rt/include/chschd.h"
  17              		.file 6 "../../incl/ChibiOS/os/rt/include/chtime.h"
  18              		.file 7 "../../incl/ChibiOS/os/common/ext/ST/STM32F0xx/system_stm32f0xx.h"
  19              		.file 8 "../../incl/ChibiOS/os/common/ports/ARMCMx/chcore.h"
  20              		.file 9 "../../incl/ChibiOS/os/common/ports/ARMCMx/chcore_v6m.h"
  21              		.file 10 "../../incl/ChibiOS/os/rt/include/chsem.h"
  22              		.file 11 "../../incl/ChibiOS/os/rt/include/chmtx.h"
  23              		.file 12 "../../incl/ChibiOS/os/rt/include/chsys.h"
  24              		.file 13 "../../incl/ChibiOS/os/rt/include/chregistry.h"
  25              		.file 14 "../../incl/ChibiOS/os/oslib/include/chmemcore.h"
  26              		.file 15 "../../incl/ChibiOS/os/oslib/include/chmempools.h"
  27              		.file 16 "../../incl/ChibiOS/os/oslib/include/chfactory.h"
  28              		.section	.gnu.debuglto_.debug_info,"e",%progbits
  29              	.Ldebug_info0:
  30              		.hidden	chtrace.c.0b154cdc
  31              		.weak	chtrace.c.0b154cdc
  32              	chtrace.c.0b154cdc:
  33 0000 A2090000 		.4byte	0x9a2
  34 0004 0400     		.2byte	0x4
  35 0006 00000000 		.4byte	.Ldebug_abbrev0
  36 000a 04       		.byte	0x4
  37 000b 01       		.uleb128 0x1
  38 000c 27030000 		.4byte	.LASF135
  39 0010 0C       		.byte	0xc
  40 0011 27060000 		.4byte	.LASF136
  41 0015 15050000 		.4byte	.LASF137
  42 0019 00000000 		.4byte	.Ldebug_line0
  43 001d 02       		.uleb128 0x2
  44 001e 04       		.byte	0x4
  45 001f 05       		.byte	0x5
  46 0020 696E7400 		.ascii	"int\000"
  47 0024 03       		.uleb128 0x3
  48 0025 13020000 		.4byte	.LASF5
  49 0029 01       		.byte	0x1
  50 002a D1       		.byte	0xd1
  51 002b 17       		.byte	0x17
  52 002c 30000000 		.4byte	0x30
  53 0030 04       		.uleb128 0x4
  54 0031 04       		.byte	0x4
  55 0032 07       		.byte	0x7
  56 0033 75000000 		.4byte	.LASF0
  57 0037 04       		.uleb128 0x4
ARM GAS  /tmp/ccghJp3N.s 			page 2


  58 0038 08       		.byte	0x8
  59 0039 05       		.byte	0x5
  60 003a 0E030000 		.4byte	.LASF1
  61 003e 04       		.uleb128 0x4
  62 003f 08       		.byte	0x8
  63 0040 04       		.byte	0x4
  64 0041 74040000 		.4byte	.LASF2
  65 0045 04       		.uleb128 0x4
  66 0046 01       		.byte	0x1
  67 0047 06       		.byte	0x6
  68 0048 4E060000 		.4byte	.LASF3
  69 004c 04       		.uleb128 0x4
  70 004d 02       		.byte	0x2
  71 004e 05       		.byte	0x5
  72 004f AE040000 		.4byte	.LASF4
  73 0053 03       		.uleb128 0x3
  74 0054 A3050000 		.4byte	.LASF6
  75 0058 02       		.byte	0x2
  76 0059 28       		.byte	0x28
  77 005a 18       		.byte	0x18
  78 005b 5F000000 		.4byte	0x5f
  79 005f 04       		.uleb128 0x4
  80 0060 04       		.byte	0x4
  81 0061 05       		.byte	0x5
  82 0062 B8040000 		.4byte	.LASF7
  83 0066 03       		.uleb128 0x3
  84 0067 C0020000 		.4byte	.LASF8
  85 006b 02       		.byte	0x2
  86 006c 2E       		.byte	0x2e
  87 006d 18       		.byte	0x18
  88 006e 77000000 		.4byte	0x77
  89 0072 05       		.uleb128 0x5
  90 0073 66000000 		.4byte	0x66
  91 0077 04       		.uleb128 0x4
  92 0078 01       		.byte	0x1
  93 0079 08       		.byte	0x8
  94 007a C0050000 		.4byte	.LASF9
  95 007e 03       		.uleb128 0x3
  96 007f 80040000 		.4byte	.LASF10
  97 0083 02       		.byte	0x2
  98 0084 31       		.byte	0x31
  99 0085 19       		.byte	0x19
 100 0086 8A000000 		.4byte	0x8a
 101 008a 04       		.uleb128 0x4
 102 008b 02       		.byte	0x2
 103 008c 07       		.byte	0x7
 104 008d 60060000 		.4byte	.LASF11
 105 0091 03       		.uleb128 0x3
 106 0092 3F010000 		.4byte	.LASF12
 107 0096 02       		.byte	0x2
 108 0097 34       		.byte	0x34
 109 0098 19       		.byte	0x19
 110 0099 9D000000 		.4byte	0x9d
 111 009d 04       		.uleb128 0x4
 112 009e 04       		.byte	0x4
 113 009f 07       		.byte	0x7
 114 00a0 7E050000 		.4byte	.LASF13
ARM GAS  /tmp/ccghJp3N.s 			page 3


 115 00a4 03       		.uleb128 0x3
 116 00a5 F4040000 		.4byte	.LASF14
 117 00a9 02       		.byte	0x2
 118 00aa 37       		.byte	0x37
 119 00ab 19       		.byte	0x19
 120 00ac B0000000 		.4byte	0xb0
 121 00b0 04       		.uleb128 0x4
 122 00b1 08       		.byte	0x8
 123 00b2 07       		.byte	0x7
 124 00b3 97010000 		.4byte	.LASF15
 125 00b7 03       		.uleb128 0x3
 126 00b8 5A040000 		.4byte	.LASF16
 127 00bc 03       		.byte	0x3
 128 00bd 2A       		.byte	0x2a
 129 00be 1D       		.byte	0x1d
 130 00bf 66000000 		.4byte	0x66
 131 00c3 03       		.uleb128 0x3
 132 00c4 B7020000 		.4byte	.LASF17
 133 00c8 03       		.byte	0x3
 134 00c9 2B       		.byte	0x2b
 135 00ca 1D       		.byte	0x1d
 136 00cb 66000000 		.4byte	0x66
 137 00cf 03       		.uleb128 0x3
 138 00d0 76050000 		.4byte	.LASF18
 139 00d4 03       		.byte	0x3
 140 00d5 2C       		.byte	0x2c
 141 00d6 1D       		.byte	0x1d
 142 00d7 66000000 		.4byte	0x66
 143 00db 03       		.uleb128 0x3
 144 00dc 74010000 		.4byte	.LASF19
 145 00e0 03       		.byte	0x3
 146 00e1 2E       		.byte	0x2e
 147 00e2 1D       		.byte	0x1d
 148 00e3 91000000 		.4byte	0x91
 149 00e7 03       		.uleb128 0x3
 150 00e8 21030000 		.4byte	.LASF20
 151 00ec 03       		.byte	0x3
 152 00ed 2F       		.byte	0x2f
 153 00ee 1D       		.byte	0x1d
 154 00ef 53000000 		.4byte	0x53
 155 00f3 03       		.uleb128 0x3
 156 00f4 50010000 		.4byte	.LASF21
 157 00f8 03       		.byte	0x3
 158 00f9 31       		.byte	0x31
 159 00fa 1D       		.byte	0x1d
 160 00fb 91000000 		.4byte	0x91
 161 00ff 03       		.uleb128 0x3
 162 0100 AE010000 		.4byte	.LASF22
 163 0104 03       		.byte	0x3
 164 0105 33       		.byte	0x33
 165 0106 1D       		.byte	0x1d
 166 0107 53000000 		.4byte	0x53
 167 010b 03       		.uleb128 0x3
 168 010c 62040000 		.4byte	.LASF23
 169 0110 03       		.byte	0x3
 170 0111 34       		.byte	0x34
 171 0112 1D       		.byte	0x1d
ARM GAS  /tmp/ccghJp3N.s 			page 4


 172 0113 91000000 		.4byte	0x91
 173 0117 03       		.uleb128 0x3
 174 0118 F6010000 		.4byte	.LASF24
 175 011c 04       		.byte	0x4
 176 011d 34       		.byte	0x34
 177 011e 1A       		.byte	0x1a
 178 011f 23010000 		.4byte	0x123
 179 0123 06       		.uleb128 0x6
 180 0124 E0020000 		.4byte	.LASF42
 181 0128 44       		.byte	0x44
 182 0129 05       		.byte	0x5
 183 012a 8E       		.byte	0x8e
 184 012b 08       		.byte	0x8
 185 012c 13020000 		.4byte	0x213
 186 0130 07       		.uleb128 0x7
 187 0131 9D050000 		.4byte	.LASF25
 188 0135 05       		.byte	0x5
 189 0136 8F       		.byte	0x8f
 190 0137 19       		.byte	0x19
 191 0138 4C020000 		.4byte	0x24c
 192 013c 00       		.byte	0
 193 013d 07       		.uleb128 0x7
 194 013e 78020000 		.4byte	.LASF26
 195 0142 05       		.byte	0x5
 196 0143 90       		.byte	0x90
 197 0144 19       		.byte	0x19
 198 0145 DB000000 		.4byte	0xdb
 199 0149 08       		.byte	0x8
 200 014a 08       		.uleb128 0x8
 201 014b 63747800 		.ascii	"ctx\000"
 202 014f 05       		.byte	0x5
 203 0150 91       		.byte	0x91
 204 0151 19       		.byte	0x19
 205 0152 2C050000 		.4byte	0x52c
 206 0156 0C       		.byte	0xc
 207 0157 07       		.uleb128 0x7
 208 0158 BA050000 		.4byte	.LASF27
 209 015c 05       		.byte	0x5
 210 015d 93       		.byte	0x93
 211 015e 1A       		.byte	0x1a
 212 015f 1F020000 		.4byte	0x21f
 213 0163 10       		.byte	0x10
 214 0164 07       		.uleb128 0x7
 215 0165 A6060000 		.4byte	.LASF28
 216 0169 05       		.byte	0x5
 217 016a 94       		.byte	0x94
 218 016b 1A       		.byte	0x1a
 219 016c 1F020000 		.4byte	0x21f
 220 0170 14       		.byte	0x14
 221 0171 07       		.uleb128 0x7
 222 0172 10050000 		.4byte	.LASF29
 223 0176 05       		.byte	0x5
 224 0177 9B       		.byte	0x9b
 225 0178 1A       		.byte	0x1a
 226 0179 26060000 		.4byte	0x626
 227 017d 18       		.byte	0x18
 228 017e 07       		.uleb128 0x7
ARM GAS  /tmp/ccghJp3N.s 			page 5


 229 017f 9E020000 		.4byte	.LASF30
 230 0183 05       		.byte	0x5
 231 0184 A4       		.byte	0xa4
 232 0185 1A       		.byte	0x1a
 233 0186 3D060000 		.4byte	0x63d
 234 018a 1C       		.byte	0x1c
 235 018b 07       		.uleb128 0x7
 236 018c 03060000 		.4byte	.LASF31
 237 0190 05       		.byte	0x5
 238 0191 A9       		.byte	0xa9
 239 0192 19       		.byte	0x19
 240 0193 C3000000 		.4byte	0xc3
 241 0197 20       		.byte	0x20
 242 0198 07       		.uleb128 0x7
 243 0199 53000000 		.4byte	.LASF32
 244 019d 05       		.byte	0x5
 245 019e AD       		.byte	0xad
 246 019f 19       		.byte	0x19
 247 01a0 B7000000 		.4byte	0xb7
 248 01a4 21       		.byte	0x21
 249 01a5 07       		.uleb128 0x7
 250 01a6 B0000000 		.4byte	.LASF33
 251 01aa 05       		.byte	0x5
 252 01ab B2       		.byte	0xb2
 253 01ac 19       		.byte	0x19
 254 01ad CF000000 		.4byte	0xcf
 255 01b1 22       		.byte	0x22
 256 01b2 09       		.uleb128 0x9
 257 01b3 7500     		.ascii	"u\000"
 258 01b5 05       		.byte	0x5
 259 01b6 0301     		.2byte	0x103
 260 01b8 19       		.byte	0x19
 261 01b9 4C050000 		.4byte	0x54c
 262 01bd 24       		.byte	0x24
 263 01be 0A       		.uleb128 0xa
 264 01bf CE050000 		.4byte	.LASF34
 265 01c3 05       		.byte	0x5
 266 01c4 0801     		.2byte	0x108
 267 01c6 19       		.byte	0x19
 268 01c7 25020000 		.4byte	0x225
 269 01cb 28       		.byte	0x28
 270 01cc 0A       		.uleb128 0xa
 271 01cd D7020000 		.4byte	.LASF35
 272 01d1 05       		.byte	0x5
 273 01d2 0E01     		.2byte	0x10e
 274 01d4 19       		.byte	0x19
 275 01d5 4C020000 		.4byte	0x24c
 276 01d9 2C       		.byte	0x2c
 277 01da 0A       		.uleb128 0xa
 278 01db 6C000000 		.4byte	.LASF36
 279 01df 05       		.byte	0x5
 280 01e0 1401     		.2byte	0x114
 281 01e2 19       		.byte	0x19
 282 01e3 F3000000 		.4byte	0xf3
 283 01e7 34       		.byte	0x34
 284 01e8 0A       		.uleb128 0xa
 285 01e9 D7010000 		.4byte	.LASF37
ARM GAS  /tmp/ccghJp3N.s 			page 6


 286 01ed 05       		.byte	0x5
 287 01ee 1B01     		.2byte	0x11b
 288 01f0 1A       		.byte	0x1a
 289 01f1 20060000 		.4byte	0x620
 290 01f5 38       		.byte	0x38
 291 01f6 0A       		.uleb128 0xa
 292 01f7 63000000 		.4byte	.LASF38
 293 01fb 05       		.byte	0x5
 294 01fc 1F01     		.2byte	0x11f
 295 01fe 19       		.byte	0x19
 296 01ff DB000000 		.4byte	0xdb
 297 0203 3C       		.byte	0x3c
 298 0204 0A       		.uleb128 0xa
 299 0205 BE060000 		.4byte	.LASF39
 300 0209 05       		.byte	0x5
 301 020a 2601     		.2byte	0x126
 302 020c 1A       		.byte	0x1a
 303 020d 0C030000 		.4byte	0x30c
 304 0211 40       		.byte	0x40
 305 0212 00       		.byte	0
 306 0213 03       		.uleb128 0x3
 307 0214 8B020000 		.4byte	.LASF40
 308 0218 04       		.byte	0x4
 309 0219 39       		.byte	0x39
 310 021a 14       		.byte	0x14
 311 021b 1F020000 		.4byte	0x21f
 312 021f 0B       		.uleb128 0xb
 313 0220 04       		.byte	0x4
 314 0221 17010000 		.4byte	0x117
 315 0225 03       		.uleb128 0x3
 316 0226 8F000000 		.4byte	.LASF41
 317 022a 04       		.byte	0x4
 318 022b 3E       		.byte	0x3e
 319 022c 20       		.byte	0x20
 320 022d 31020000 		.4byte	0x231
 321 0231 06       		.uleb128 0x6
 322 0232 00000000 		.4byte	.LASF43
 323 0236 04       		.byte	0x4
 324 0237 05       		.byte	0x5
 325 0238 7C       		.byte	0x7c
 326 0239 08       		.byte	0x8
 327 023a 4C020000 		.4byte	0x24c
 328 023e 07       		.uleb128 0x7
 329 023f 82000000 		.4byte	.LASF44
 330 0243 05       		.byte	0x5
 331 0244 7D       		.byte	0x7d
 332 0245 1A       		.byte	0x1a
 333 0246 1F020000 		.4byte	0x21f
 334 024a 00       		.byte	0
 335 024b 00       		.byte	0
 336 024c 03       		.uleb128 0x3
 337 024d C7010000 		.4byte	.LASF45
 338 0251 04       		.byte	0x4
 339 0252 45       		.byte	0x45
 340 0253 21       		.byte	0x21
 341 0254 58020000 		.4byte	0x258
 342 0258 06       		.uleb128 0x6
ARM GAS  /tmp/ccghJp3N.s 			page 7


 343 0259 F8000000 		.4byte	.LASF46
 344 025d 08       		.byte	0x8
 345 025e 05       		.byte	0x5
 346 025f 83       		.byte	0x83
 347 0260 08       		.byte	0x8
 348 0261 80020000 		.4byte	0x280
 349 0265 07       		.uleb128 0x7
 350 0266 82000000 		.4byte	.LASF44
 351 026a 05       		.byte	0x5
 352 026b 84       		.byte	0x84
 353 026c 1A       		.byte	0x1a
 354 026d 1F020000 		.4byte	0x21f
 355 0271 00       		.byte	0
 356 0272 07       		.uleb128 0x7
 357 0273 F3000000 		.4byte	.LASF47
 358 0277 05       		.byte	0x5
 359 0278 85       		.byte	0x85
 360 0279 1A       		.byte	0x1a
 361 027a 1F020000 		.4byte	0x21f
 362 027e 04       		.byte	0x4
 363 027f 00       		.byte	0
 364 0280 03       		.uleb128 0x3
 365 0281 90050000 		.4byte	.LASF48
 366 0285 04       		.byte	0x4
 367 0286 4C       		.byte	0x4c
 368 0287 1E       		.byte	0x1e
 369 0288 8C020000 		.4byte	0x28c
 370 028c 0C       		.uleb128 0xc
 371 028d D9000000 		.4byte	.LASF49
 372 0291 1C       		.byte	0x1c
 373 0292 05       		.byte	0x5
 374 0293 5E01     		.2byte	0x15e
 375 0295 08       		.byte	0x8
 376 0296 EF020000 		.4byte	0x2ef
 377 029a 0A       		.uleb128 0xa
 378 029b 9D050000 		.4byte	.LASF25
 379 029f 05       		.byte	0x5
 380 02a0 5F01     		.2byte	0x15f
 381 02a2 19       		.byte	0x19
 382 02a3 4C020000 		.4byte	0x24c
 383 02a7 00       		.byte	0
 384 02a8 0A       		.uleb128 0xa
 385 02a9 78020000 		.4byte	.LASF26
 386 02ad 05       		.byte	0x5
 387 02ae 6001     		.2byte	0x160
 388 02b0 19       		.byte	0x19
 389 02b1 DB000000 		.4byte	0xdb
 390 02b5 08       		.byte	0x8
 391 02b6 09       		.uleb128 0x9
 392 02b7 63747800 		.ascii	"ctx\000"
 393 02bb 05       		.byte	0x5
 394 02bc 6201     		.2byte	0x162
 395 02be 19       		.byte	0x19
 396 02bf 2C050000 		.4byte	0x52c
 397 02c3 0C       		.byte	0xc
 398 02c4 0A       		.uleb128 0xa
 399 02c5 BA050000 		.4byte	.LASF27
ARM GAS  /tmp/ccghJp3N.s 			page 8


 400 02c9 05       		.byte	0x5
 401 02ca 6501     		.2byte	0x165
 402 02cc 1A       		.byte	0x1a
 403 02cd 1F020000 		.4byte	0x21f
 404 02d1 10       		.byte	0x10
 405 02d2 0A       		.uleb128 0xa
 406 02d3 A6060000 		.4byte	.LASF28
 407 02d7 05       		.byte	0x5
 408 02d8 6601     		.2byte	0x166
 409 02da 1A       		.byte	0x1a
 410 02db 1F020000 		.4byte	0x21f
 411 02df 14       		.byte	0x14
 412 02e0 0A       		.uleb128 0xa
 413 02e1 87060000 		.4byte	.LASF50
 414 02e5 05       		.byte	0x5
 415 02e6 6901     		.2byte	0x169
 416 02e8 1A       		.byte	0x1a
 417 02e9 1F020000 		.4byte	0x21f
 418 02ed 18       		.byte	0x18
 419 02ee 00       		.byte	0
 420 02ef 03       		.uleb128 0x3
 421 02f0 26010000 		.4byte	.LASF51
 422 02f4 04       		.byte	0x4
 423 02f5 51       		.byte	0x51
 424 02f6 10       		.byte	0x10
 425 02f7 FB020000 		.4byte	0x2fb
 426 02fb 0B       		.uleb128 0xb
 427 02fc 04       		.byte	0x4
 428 02fd 01030000 		.4byte	0x301
 429 0301 0D       		.uleb128 0xd
 430 0302 0C030000 		.4byte	0x30c
 431 0306 0E       		.uleb128 0xe
 432 0307 0C030000 		.4byte	0x30c
 433 030b 00       		.byte	0
 434 030c 0F       		.uleb128 0xf
 435 030d 04       		.byte	0x4
 436 030e 03       		.uleb128 0x3
 437 030f 0E040000 		.4byte	.LASF52
 438 0313 04       		.byte	0x4
 439 0314 56       		.byte	0x56
 440 0315 21       		.byte	0x21
 441 0316 1A030000 		.4byte	0x31a
 442 031a 0C       		.uleb128 0xc
 443 031b 7C010000 		.4byte	.LASF53
 444 031f 14       		.byte	0x14
 445 0320 05       		.byte	0x5
 446 0321 3901     		.2byte	0x139
 447 0323 08       		.byte	0x8
 448 0324 6F030000 		.4byte	0x36f
 449 0328 0A       		.uleb128 0xa
 450 0329 82000000 		.4byte	.LASF44
 451 032d 05       		.byte	0x5
 452 032e 3A01     		.2byte	0x13a
 453 0330 1A       		.byte	0x1a
 454 0331 43060000 		.4byte	0x643
 455 0335 00       		.byte	0
 456 0336 0A       		.uleb128 0xa
ARM GAS  /tmp/ccghJp3N.s 			page 9


 457 0337 F3000000 		.4byte	.LASF47
 458 033b 05       		.byte	0x5
 459 033c 3B01     		.2byte	0x13b
 460 033e 1A       		.byte	0x1a
 461 033f 43060000 		.4byte	0x643
 462 0343 04       		.byte	0x4
 463 0344 0A       		.uleb128 0xa
 464 0345 5A060000 		.4byte	.LASF54
 465 0349 05       		.byte	0x5
 466 034a 3C01     		.2byte	0x13c
 467 034c 19       		.byte	0x19
 468 034d 4A040000 		.4byte	0x44a
 469 0351 08       		.byte	0x8
 470 0352 0A       		.uleb128 0xa
 471 0353 E7000000 		.4byte	.LASF55
 472 0357 05       		.byte	0x5
 473 0358 3D01     		.2byte	0x13d
 474 035a 19       		.byte	0x19
 475 035b EF020000 		.4byte	0x2ef
 476 035f 0C       		.byte	0xc
 477 0360 09       		.uleb128 0x9
 478 0361 70617200 		.ascii	"par\000"
 479 0365 05       		.byte	0x5
 480 0366 3F01     		.2byte	0x13f
 481 0368 1A       		.byte	0x1a
 482 0369 0C030000 		.4byte	0x30c
 483 036d 10       		.byte	0x10
 484 036e 00       		.byte	0
 485 036f 03       		.uleb128 0x3
 486 0370 D6050000 		.4byte	.LASF56
 487 0374 04       		.byte	0x4
 488 0375 5B       		.byte	0x5b
 489 0376 28       		.byte	0x28
 490 0377 7B030000 		.4byte	0x37b
 491 037b 0C       		.uleb128 0xc
 492 037c DF010000 		.4byte	.LASF57
 493 0380 10       		.byte	0x10
 494 0381 05       		.byte	0x5
 495 0382 4901     		.2byte	0x149
 496 0384 08       		.byte	0x8
 497 0385 C2030000 		.4byte	0x3c2
 498 0389 0A       		.uleb128 0xa
 499 038a 82000000 		.4byte	.LASF44
 500 038e 05       		.byte	0x5
 501 038f 4A01     		.2byte	0x14a
 502 0391 1A       		.byte	0x1a
 503 0392 43060000 		.4byte	0x643
 504 0396 00       		.byte	0
 505 0397 0A       		.uleb128 0xa
 506 0398 F3000000 		.4byte	.LASF47
 507 039c 05       		.byte	0x5
 508 039d 4C01     		.2byte	0x14c
 509 039f 1A       		.byte	0x1a
 510 03a0 43060000 		.4byte	0x643
 511 03a4 04       		.byte	0x4
 512 03a5 0A       		.uleb128 0xa
 513 03a6 5A060000 		.4byte	.LASF54
ARM GAS  /tmp/ccghJp3N.s 			page 10


 514 03aa 05       		.byte	0x5
 515 03ab 4E01     		.2byte	0x14e
 516 03ad 19       		.byte	0x19
 517 03ae 4A040000 		.4byte	0x44a
 518 03b2 08       		.byte	0x8
 519 03b3 0A       		.uleb128 0xa
 520 03b4 EB040000 		.4byte	.LASF58
 521 03b8 05       		.byte	0x5
 522 03b9 5601     		.2byte	0x156
 523 03bb 19       		.byte	0x19
 524 03bc 3E040000 		.4byte	0x43e
 525 03c0 0C       		.byte	0xc
 526 03c1 00       		.byte	0
 527 03c2 03       		.uleb128 0x3
 528 03c3 FF020000 		.4byte	.LASF59
 529 03c7 04       		.byte	0x4
 530 03c8 60       		.byte	0x60
 531 03c9 20       		.byte	0x20
 532 03ca CE030000 		.4byte	0x3ce
 533 03ce 0C       		.uleb128 0xc
 534 03cf 2F010000 		.4byte	.LASF60
 535 03d3 04       		.byte	0x4
 536 03d4 05       		.byte	0x5
 537 03d5 7001     		.2byte	0x170
 538 03d7 08       		.byte	0x8
 539 03d8 EB030000 		.4byte	0x3eb
 540 03dc 0A       		.uleb128 0xa
 541 03dd 50040000 		.4byte	.LASF61
 542 03e1 05       		.byte	0x5
 543 03e2 7801     		.2byte	0x178
 544 03e4 24       		.byte	0x24
 545 03e5 2C060000 		.4byte	0x62c
 546 03e9 00       		.byte	0
 547 03ea 00       		.byte	0
 548 03eb 03       		.uleb128 0x3
 549 03ec 15060000 		.4byte	.LASF62
 550 03f0 04       		.byte	0x4
 551 03f1 65       		.byte	0x65
 552 03f2 1A       		.byte	0x1a
 553 03f3 F7030000 		.4byte	0x3f7
 554 03f7 0C       		.uleb128 0xc
 555 03f8 D8040000 		.4byte	.LASF63
 556 03fc 74       		.byte	0x74
 557 03fd 05       		.byte	0x5
 558 03fe 9001     		.2byte	0x190
 559 0400 08       		.byte	0x8
 560 0401 3E040000 		.4byte	0x43e
 561 0405 0A       		.uleb128 0xa
 562 0406 FD040000 		.4byte	.LASF64
 563 040a 05       		.byte	0x5
 564 040b 9401     		.2byte	0x194
 565 040d 19       		.byte	0x19
 566 040e 80020000 		.4byte	0x280
 567 0412 00       		.byte	0
 568 0413 0A       		.uleb128 0xa
 569 0414 C5000000 		.4byte	.LASF65
 570 0418 05       		.byte	0x5
ARM GAS  /tmp/ccghJp3N.s 			page 11


 571 0419 9801     		.2byte	0x198
 572 041b 19       		.byte	0x19
 573 041c 6F030000 		.4byte	0x36f
 574 0420 1C       		.byte	0x1c
 575 0421 09       		.uleb128 0x9
 576 0422 64626700 		.ascii	"dbg\000"
 577 0426 05       		.byte	0x5
 578 0427 9C01     		.2byte	0x19c
 579 0429 19       		.byte	0x19
 580 042a C2030000 		.4byte	0x3c2
 581 042e 2C       		.byte	0x2c
 582 042f 0A       		.uleb128 0xa
 583 0430 69040000 		.4byte	.LASF66
 584 0434 05       		.byte	0x5
 585 0435 A001     		.2byte	0x1a0
 586 0437 19       		.byte	0x19
 587 0438 17010000 		.4byte	0x117
 588 043c 30       		.byte	0x30
 589 043d 00       		.byte	0
 590 043e 03       		.uleb128 0x3
 591 043f 59000000 		.4byte	.LASF67
 592 0443 06       		.byte	0x6
 593 0444 6F       		.byte	0x6f
 594 0445 12       		.byte	0x12
 595 0446 7E000000 		.4byte	0x7e
 596 044a 03       		.uleb128 0x3
 597 044b 39040000 		.4byte	.LASF68
 598 044f 06       		.byte	0x6
 599 0450 79       		.byte	0x79
 600 0451 12       		.byte	0x12
 601 0452 91000000 		.4byte	0x91
 602 0456 10       		.uleb128 0x10
 603 0457 19000000 		.4byte	.LASF69
 604 045b 07       		.byte	0x7
 605 045c 4A       		.byte	0x4a
 606 045d 11       		.byte	0x11
 607 045e 91000000 		.4byte	0x91
 608 0462 11       		.uleb128 0x11
 609 0463 72000000 		.4byte	0x72
 610 0467 72040000 		.4byte	0x472
 611 046b 12       		.uleb128 0x12
 612 046c 30000000 		.4byte	0x30
 613 0470 0F       		.byte	0xf
 614 0471 00       		.byte	0
 615 0472 05       		.uleb128 0x5
 616 0473 62040000 		.4byte	0x462
 617 0477 10       		.uleb128 0x10
 618 0478 2B040000 		.4byte	.LASF70
 619 047c 07       		.byte	0x7
 620 047d 4B       		.byte	0x4b
 621 047e 16       		.byte	0x16
 622 047f 72040000 		.4byte	0x472
 623 0483 11       		.uleb128 0x11
 624 0484 72000000 		.4byte	0x72
 625 0488 93040000 		.4byte	0x493
 626 048c 12       		.uleb128 0x12
 627 048d 30000000 		.4byte	0x30
ARM GAS  /tmp/ccghJp3N.s 			page 12


 628 0491 07       		.byte	0x7
 629 0492 00       		.byte	0
 630 0493 05       		.uleb128 0x5
 631 0494 83040000 		.4byte	0x483
 632 0498 10       		.uleb128 0x10
 633 0499 4E020000 		.4byte	.LASF71
 634 049d 07       		.byte	0x7
 635 049e 4C       		.byte	0x4c
 636 049f 16       		.byte	0x16
 637 04a0 93040000 		.4byte	0x493
 638 04a4 03       		.uleb128 0x3
 639 04a5 73060000 		.4byte	.LASF72
 640 04a9 08       		.byte	0x8
 641 04aa 68       		.byte	0x68
 642 04ab 12       		.byte	0x12
 643 04ac A4000000 		.4byte	0xa4
 644 04b0 06       		.uleb128 0x6
 645 04b1 C1040000 		.4byte	.LASF73
 646 04b5 24       		.byte	0x24
 647 04b6 09       		.byte	0x9
 648 04b7 CB       		.byte	0xcb
 649 04b8 08       		.byte	0x8
 650 04b9 2C050000 		.4byte	0x52c
 651 04bd 08       		.uleb128 0x8
 652 04be 723800   		.ascii	"r8\000"
 653 04c1 09       		.byte	0x9
 654 04c2 CC       		.byte	0xcc
 655 04c3 11       		.byte	0x11
 656 04c4 91000000 		.4byte	0x91
 657 04c8 00       		.byte	0
 658 04c9 08       		.uleb128 0x8
 659 04ca 723900   		.ascii	"r9\000"
 660 04cd 09       		.byte	0x9
 661 04ce CD       		.byte	0xcd
 662 04cf 11       		.byte	0x11
 663 04d0 91000000 		.4byte	0x91
 664 04d4 04       		.byte	0x4
 665 04d5 08       		.uleb128 0x8
 666 04d6 72313000 		.ascii	"r10\000"
 667 04da 09       		.byte	0x9
 668 04db CE       		.byte	0xce
 669 04dc 11       		.byte	0x11
 670 04dd 91000000 		.4byte	0x91
 671 04e1 08       		.byte	0x8
 672 04e2 08       		.uleb128 0x8
 673 04e3 72313100 		.ascii	"r11\000"
 674 04e7 09       		.byte	0x9
 675 04e8 CF       		.byte	0xcf
 676 04e9 11       		.byte	0x11
 677 04ea 91000000 		.4byte	0x91
 678 04ee 0C       		.byte	0xc
 679 04ef 08       		.uleb128 0x8
 680 04f0 723400   		.ascii	"r4\000"
 681 04f3 09       		.byte	0x9
 682 04f4 D0       		.byte	0xd0
 683 04f5 11       		.byte	0x11
 684 04f6 91000000 		.4byte	0x91
ARM GAS  /tmp/ccghJp3N.s 			page 13


 685 04fa 10       		.byte	0x10
 686 04fb 08       		.uleb128 0x8
 687 04fc 723500   		.ascii	"r5\000"
 688 04ff 09       		.byte	0x9
 689 0500 D1       		.byte	0xd1
 690 0501 11       		.byte	0x11
 691 0502 91000000 		.4byte	0x91
 692 0506 14       		.byte	0x14
 693 0507 08       		.uleb128 0x8
 694 0508 723600   		.ascii	"r6\000"
 695 050b 09       		.byte	0x9
 696 050c D2       		.byte	0xd2
 697 050d 11       		.byte	0x11
 698 050e 91000000 		.4byte	0x91
 699 0512 18       		.byte	0x18
 700 0513 08       		.uleb128 0x8
 701 0514 723700   		.ascii	"r7\000"
 702 0517 09       		.byte	0x9
 703 0518 D3       		.byte	0xd3
 704 0519 11       		.byte	0x11
 705 051a 91000000 		.4byte	0x91
 706 051e 1C       		.byte	0x1c
 707 051f 08       		.uleb128 0x8
 708 0520 6C7200   		.ascii	"lr\000"
 709 0523 09       		.byte	0x9
 710 0524 D4       		.byte	0xd4
 711 0525 11       		.byte	0x11
 712 0526 91000000 		.4byte	0x91
 713 052a 20       		.byte	0x20
 714 052b 00       		.byte	0
 715 052c 06       		.uleb128 0x6
 716 052d CC000000 		.4byte	.LASF74
 717 0531 04       		.byte	0x4
 718 0532 09       		.byte	0x9
 719 0533 D7       		.byte	0xd7
 720 0534 08       		.byte	0x8
 721 0535 46050000 		.4byte	0x546
 722 0539 08       		.uleb128 0x8
 723 053a 737000   		.ascii	"sp\000"
 724 053d 09       		.byte	0x9
 725 053e D8       		.byte	0xd8
 726 053f 1A       		.byte	0x1a
 727 0540 46050000 		.4byte	0x546
 728 0544 00       		.byte	0
 729 0545 00       		.byte	0
 730 0546 0B       		.uleb128 0xb
 731 0547 04       		.byte	0x4
 732 0548 B0040000 		.4byte	0x4b0
 733 054c 13       		.uleb128 0x13
 734 054d 04       		.byte	0x4
 735 054e 05       		.byte	0x5
 736 054f C6       		.byte	0xc6
 737 0550 03       		.byte	0x3
 738 0551 B7050000 		.4byte	0x5b7
 739 0555 14       		.uleb128 0x14
 740 0556 1A020000 		.4byte	.LASF75
 741 055a 05       		.byte	0x5
ARM GAS  /tmp/ccghJp3N.s 			page 14


 742 055b CD       		.byte	0xcd
 743 055c 19       		.byte	0x19
 744 055d E7000000 		.4byte	0xe7
 745 0561 14       		.uleb128 0x14
 746 0562 AC060000 		.4byte	.LASF76
 747 0566 05       		.byte	0x5
 748 0567 D4       		.byte	0xd4
 749 0568 19       		.byte	0x19
 750 0569 E7000000 		.4byte	0xe7
 751 056d 14       		.uleb128 0x14
 752 056e BE000000 		.4byte	.LASF77
 753 0572 05       		.byte	0x5
 754 0573 DB       		.byte	0xdb
 755 0574 1A       		.byte	0x1a
 756 0575 0C030000 		.4byte	0x30c
 757 0579 14       		.uleb128 0x14
 758 057a 21060000 		.4byte	.LASF78
 759 057e 05       		.byte	0x5
 760 057f E2       		.byte	0xe2
 761 0580 1A       		.byte	0x1a
 762 0581 B7050000 		.4byte	0x5b7
 763 0585 14       		.uleb128 0x14
 764 0586 48010000 		.4byte	.LASF79
 765 058a 05       		.byte	0x5
 766 058b E7       		.byte	0xe7
 767 058c 19       		.byte	0x19
 768 058d E7000000 		.4byte	0xe7
 769 0591 14       		.uleb128 0x14
 770 0592 AB050000 		.4byte	.LASF80
 771 0596 05       		.byte	0x5
 772 0597 F0       		.byte	0xf0
 773 0598 1A       		.byte	0x1a
 774 0599 E5050000 		.4byte	0x5e5
 775 059d 14       		.uleb128 0x14
 776 059e 29000000 		.4byte	.LASF81
 777 05a2 05       		.byte	0x5
 778 05a3 F9       		.byte	0xf9
 779 05a4 1A       		.byte	0x1a
 780 05a5 20060000 		.4byte	0x620
 781 05a9 15       		.uleb128 0x15
 782 05aa EC000000 		.4byte	.LASF82
 783 05ae 05       		.byte	0x5
 784 05af 0101     		.2byte	0x101
 785 05b1 19       		.byte	0x19
 786 05b2 F3000000 		.4byte	0xf3
 787 05b6 00       		.byte	0
 788 05b7 0B       		.uleb128 0xb
 789 05b8 04       		.byte	0x4
 790 05b9 13020000 		.4byte	0x213
 791 05bd 06       		.uleb128 0x6
 792 05be 67010000 		.4byte	.LASF83
 793 05c2 0C       		.byte	0xc
 794 05c3 0A       		.byte	0xa
 795 05c4 34       		.byte	0x34
 796 05c5 10       		.byte	0x10
 797 05c6 E5050000 		.4byte	0x5e5
 798 05ca 07       		.uleb128 0x7
ARM GAS  /tmp/ccghJp3N.s 			page 15


 799 05cb 9D050000 		.4byte	.LASF25
 800 05cf 0A       		.byte	0xa
 801 05d0 35       		.byte	0x35
 802 05d1 19       		.byte	0x19
 803 05d2 4C020000 		.4byte	0x24c
 804 05d6 00       		.byte	0
 805 05d7 08       		.uleb128 0x8
 806 05d8 636E7400 		.ascii	"cnt\000"
 807 05dc 0A       		.byte	0xa
 808 05dd 37       		.byte	0x37
 809 05de 19       		.byte	0x19
 810 05df FF000000 		.4byte	0xff
 811 05e3 08       		.byte	0x8
 812 05e4 00       		.byte	0
 813 05e5 0B       		.uleb128 0xb
 814 05e6 04       		.byte	0x4
 815 05e7 BD050000 		.4byte	0x5bd
 816 05eb 06       		.uleb128 0x6
 817 05ec 45020000 		.4byte	.LASF84
 818 05f0 10       		.byte	0x10
 819 05f1 0B       		.byte	0xb
 820 05f2 39       		.byte	0x39
 821 05f3 08       		.byte	0x8
 822 05f4 20060000 		.4byte	0x620
 823 05f8 07       		.uleb128 0x7
 824 05f9 9D050000 		.4byte	.LASF25
 825 05fd 0B       		.byte	0xb
 826 05fe 3A       		.byte	0x3a
 827 05ff 19       		.byte	0x19
 828 0600 4C020000 		.4byte	0x24c
 829 0604 00       		.byte	0
 830 0605 07       		.uleb128 0x7
 831 0606 C1010000 		.4byte	.LASF85
 832 060a 0B       		.byte	0xb
 833 060b 3C       		.byte	0x3c
 834 060c 1A       		.byte	0x1a
 835 060d 1F020000 		.4byte	0x21f
 836 0611 08       		.byte	0x8
 837 0612 07       		.uleb128 0x7
 838 0613 82000000 		.4byte	.LASF44
 839 0617 0B       		.byte	0xb
 840 0618 3E       		.byte	0x3e
 841 0619 1A       		.byte	0x1a
 842 061a 9A070000 		.4byte	0x79a
 843 061e 0C       		.byte	0xc
 844 061f 00       		.byte	0
 845 0620 0B       		.uleb128 0xb
 846 0621 04       		.byte	0x4
 847 0622 EB050000 		.4byte	0x5eb
 848 0626 0B       		.uleb128 0xb
 849 0627 04       		.byte	0x4
 850 0628 38060000 		.4byte	0x638
 851 062c 16       		.uleb128 0x16
 852 062d 26060000 		.4byte	0x626
 853 0631 04       		.uleb128 0x4
 854 0632 01       		.byte	0x1
 855 0633 08       		.byte	0x8
ARM GAS  /tmp/ccghJp3N.s 			page 16


 856 0634 86020000 		.4byte	.LASF86
 857 0638 05       		.uleb128 0x5
 858 0639 31060000 		.4byte	0x631
 859 063d 0B       		.uleb128 0xb
 860 063e 04       		.byte	0x4
 861 063f A4040000 		.4byte	0x4a4
 862 0643 0B       		.uleb128 0xb
 863 0644 04       		.byte	0x4
 864 0645 0E030000 		.4byte	0x30e
 865 0649 17       		.uleb128 0x17
 866 064a 636800   		.ascii	"ch\000"
 867 064d 05       		.byte	0x5
 868 064e C701     		.2byte	0x1c7
 869 0650 14       		.byte	0x14
 870 0651 EB030000 		.4byte	0x3eb
 871 0655 11       		.uleb128 0x11
 872 0656 A4040000 		.4byte	0x4a4
 873 065a 60060000 		.4byte	0x660
 874 065e 18       		.uleb128 0x18
 875 065f 00       		.byte	0
 876 0660 19       		.uleb128 0x19
 877 0661 A5020000 		.4byte	.LASF87
 878 0665 0C       		.byte	0xc
 879 0666 1701     		.2byte	0x117
 880 0668 13       		.byte	0x13
 881 0669 55060000 		.4byte	0x655
 882 066d 1A       		.uleb128 0x1a
 883 066e 16       		.byte	0x16
 884 066f 0D       		.byte	0xd
 885 0670 34       		.byte	0x34
 886 0671 09       		.byte	0x9
 887 0672 61070000 		.4byte	0x761
 888 0676 07       		.uleb128 0x7
 889 0677 6B050000 		.4byte	.LASF88
 890 067b 0D       		.byte	0xd
 891 067c 35       		.byte	0x35
 892 067d 0D       		.byte	0xd
 893 067e 61070000 		.4byte	0x761
 894 0682 00       		.byte	0
 895 0683 07       		.uleb128 0x7
 896 0684 1C030000 		.4byte	.LASF89
 897 0688 0D       		.byte	0xd
 898 0689 36       		.byte	0x36
 899 068a 0D       		.byte	0xd
 900 068b 66000000 		.4byte	0x66
 901 068f 04       		.byte	0x4
 902 0690 07       		.uleb128 0x7
 903 0691 1E040000 		.4byte	.LASF90
 904 0695 0D       		.byte	0xd
 905 0696 37       		.byte	0x37
 906 0697 0D       		.byte	0xd
 907 0698 66000000 		.4byte	0x66
 908 069c 05       		.byte	0x5
 909 069d 07       		.uleb128 0x7
 910 069e 87000000 		.4byte	.LASF91
 911 06a2 0D       		.byte	0xd
 912 06a3 38       		.byte	0x38
ARM GAS  /tmp/ccghJp3N.s 			page 17


 913 06a4 0D       		.byte	0xd
 914 06a5 7E000000 		.4byte	0x7e
 915 06a9 06       		.byte	0x6
 916 06aa 07       		.uleb128 0x7
 917 06ab 23040000 		.4byte	.LASF92
 918 06af 0D       		.byte	0xd
 919 06b0 39       		.byte	0x39
 920 06b1 0D       		.byte	0xd
 921 06b2 66000000 		.4byte	0x66
 922 06b6 08       		.byte	0x8
 923 06b7 07       		.uleb128 0x7
 924 06b8 10000000 		.4byte	.LASF93
 925 06bc 0D       		.byte	0xd
 926 06bd 3A       		.byte	0x3a
 927 06be 0D       		.byte	0xd
 928 06bf 66000000 		.4byte	0x66
 929 06c3 09       		.byte	0x9
 930 06c4 07       		.uleb128 0x7
 931 06c5 5C010000 		.4byte	.LASF94
 932 06c9 0D       		.byte	0xd
 933 06ca 3B       		.byte	0x3b
 934 06cb 0D       		.byte	0xd
 935 06cc 66000000 		.4byte	0x66
 936 06d0 0A       		.byte	0xa
 937 06d1 07       		.uleb128 0x7
 938 06d2 93040000 		.4byte	.LASF95
 939 06d6 0D       		.byte	0xd
 940 06d7 3C       		.byte	0x3c
 941 06d8 0D       		.byte	0xd
 942 06d9 66000000 		.4byte	0x66
 943 06dd 0B       		.byte	0xb
 944 06de 07       		.uleb128 0x7
 945 06df 66020000 		.4byte	.LASF96
 946 06e3 0D       		.byte	0xd
 947 06e4 3D       		.byte	0x3d
 948 06e5 0D       		.byte	0xd
 949 06e6 66000000 		.4byte	0x66
 950 06ea 0C       		.byte	0xc
 951 06eb 07       		.uleb128 0x7
 952 06ec 1C010000 		.4byte	.LASF97
 953 06f0 0D       		.byte	0xd
 954 06f1 3E       		.byte	0x3e
 955 06f2 0D       		.byte	0xd
 956 06f3 66000000 		.4byte	0x66
 957 06f7 0D       		.byte	0xd
 958 06f8 07       		.uleb128 0x7
 959 06f9 FF010000 		.4byte	.LASF98
 960 06fd 0D       		.byte	0xd
 961 06fe 3F       		.byte	0x3f
 962 06ff 0D       		.byte	0xd
 963 0700 66000000 		.4byte	0x66
 964 0704 0E       		.byte	0xe
 965 0705 07       		.uleb128 0x7
 966 0706 F6020000 		.4byte	.LASF99
 967 070a 0D       		.byte	0xd
 968 070b 40       		.byte	0x40
 969 070c 0D       		.byte	0xd
ARM GAS  /tmp/ccghJp3N.s 			page 18


 970 070d 66000000 		.4byte	0x66
 971 0711 0F       		.byte	0xf
 972 0712 07       		.uleb128 0x7
 973 0713 B4010000 		.4byte	.LASF100
 974 0717 0D       		.byte	0xd
 975 0718 41       		.byte	0x41
 976 0719 0D       		.byte	0xd
 977 071a 66000000 		.4byte	0x66
 978 071e 10       		.byte	0x10
 979 071f 07       		.uleb128 0x7
 980 0720 09020000 		.4byte	.LASF101
 981 0724 0D       		.byte	0xd
 982 0725 42       		.byte	0x42
 983 0726 0D       		.byte	0xd
 984 0727 66000000 		.4byte	0x66
 985 072b 11       		.byte	0x11
 986 072c 07       		.uleb128 0x7
 987 072d 6E020000 		.4byte	.LASF102
 988 0731 0D       		.byte	0xd
 989 0732 43       		.byte	0x43
 990 0733 0D       		.byte	0xd
 991 0734 66000000 		.4byte	0x66
 992 0738 12       		.byte	0x12
 993 0739 07       		.uleb128 0x7
 994 073a 7E060000 		.4byte	.LASF103
 995 073e 0D       		.byte	0xd
 996 073f 44       		.byte	0x44
 997 0740 0D       		.byte	0xd
 998 0741 66000000 		.4byte	0x66
 999 0745 13       		.byte	0x13
 1000 0746 07       		.uleb128 0x7
 1001 0747 5F050000 		.4byte	.LASF104
 1002 074b 0D       		.byte	0xd
 1003 074c 45       		.byte	0x45
 1004 074d 0D       		.byte	0xd
 1005 074e 66000000 		.4byte	0x66
 1006 0752 14       		.byte	0x14
 1007 0753 07       		.uleb128 0x7
 1008 0754 B5000000 		.4byte	.LASF105
 1009 0758 0D       		.byte	0xd
 1010 0759 46       		.byte	0x46
 1011 075a 0D       		.byte	0xd
 1012 075b 66000000 		.4byte	0x66
 1013 075f 15       		.byte	0x15
 1014 0760 00       		.byte	0
 1015 0761 11       		.uleb128 0x11
 1016 0762 31060000 		.4byte	0x631
 1017 0766 71070000 		.4byte	0x771
 1018 076a 12       		.uleb128 0x12
 1019 076b 30000000 		.4byte	0x30
 1020 076f 03       		.byte	0x3
 1021 0770 00       		.byte	0
 1022 0771 03       		.uleb128 0x3
 1023 0772 89040000 		.4byte	.LASF106
 1024 0776 0D       		.byte	0xd
 1025 0777 47       		.byte	0x47
 1026 0778 03       		.byte	0x3
ARM GAS  /tmp/ccghJp3N.s 			page 19


 1027 0779 6D060000 		.4byte	0x66d
 1028 077d 05       		.uleb128 0x5
 1029 077e 71070000 		.4byte	0x771
 1030 0782 10       		.uleb128 0x10
 1031 0783 8F060000 		.4byte	.LASF107
 1032 0787 0D       		.byte	0xd
 1033 0788 6C       		.byte	0x6c
 1034 0789 1D       		.byte	0x1d
 1035 078a 7D070000 		.4byte	0x77d
 1036 078e 03       		.uleb128 0x3
 1037 078f B2050000 		.4byte	.LASF108
 1038 0793 0B       		.byte	0xb
 1039 0794 34       		.byte	0x34
 1040 0795 19       		.byte	0x19
 1041 0796 EB050000 		.4byte	0x5eb
 1042 079a 0B       		.uleb128 0xb
 1043 079b 04       		.byte	0x4
 1044 079c 8E070000 		.4byte	0x78e
 1045 07a0 04       		.uleb128 0x4
 1046 07a1 01       		.byte	0x1
 1047 07a2 02       		.byte	0x2
 1048 07a3 2D020000 		.4byte	.LASF109
 1049 07a7 03       		.uleb128 0x3
 1050 07a8 03050000 		.4byte	.LASF110
 1051 07ac 0E       		.byte	0xe
 1052 07ad 47       		.byte	0x47
 1053 07ae 11       		.byte	0x11
 1054 07af B3070000 		.4byte	0x7b3
 1055 07b3 0B       		.uleb128 0xb
 1056 07b4 04       		.byte	0x4
 1057 07b5 B9070000 		.4byte	0x7b9
 1058 07b9 1B       		.uleb128 0x1b
 1059 07ba 0C030000 		.4byte	0x30c
 1060 07be CD070000 		.4byte	0x7cd
 1061 07c2 0E       		.uleb128 0xe
 1062 07c3 24000000 		.4byte	0x24
 1063 07c7 0E       		.uleb128 0xe
 1064 07c8 30000000 		.4byte	0x30
 1065 07cc 00       		.byte	0
 1066 07cd 1A       		.uleb128 0x1a
 1067 07ce 08       		.byte	0x8
 1068 07cf 0E       		.byte	0xe
 1069 07d0 51       		.byte	0x51
 1070 07d1 09       		.byte	0x9
 1071 07d2 F1070000 		.4byte	0x7f1
 1072 07d6 07       		.uleb128 0x7
 1073 07d7 98060000 		.4byte	.LASF111
 1074 07db 0E       		.byte	0xe
 1075 07dc 55       		.byte	0x55
 1076 07dd 0C       		.byte	0xc
 1077 07de F1070000 		.4byte	0x7f1
 1078 07e2 00       		.byte	0
 1079 07e3 07       		.uleb128 0x7
 1080 07e4 9C040000 		.4byte	.LASF112
 1081 07e8 0E       		.byte	0xe
 1082 07e9 59       		.byte	0x59
 1083 07ea 0C       		.byte	0xc
ARM GAS  /tmp/ccghJp3N.s 			page 20


 1084 07eb F1070000 		.4byte	0x7f1
 1085 07ef 04       		.byte	0x4
 1086 07f0 00       		.byte	0
 1087 07f1 0B       		.uleb128 0xb
 1088 07f2 04       		.byte	0x4
 1089 07f3 66000000 		.4byte	0x66
 1090 07f7 03       		.uleb128 0x3
 1091 07f8 8D010000 		.4byte	.LASF113
 1092 07fc 0E       		.byte	0xe
 1093 07fd 5A       		.byte	0x5a
 1094 07fe 03       		.byte	0x3
 1095 07ff CD070000 		.4byte	0x7cd
 1096 0803 10       		.uleb128 0x10
 1097 0804 A3040000 		.4byte	.LASF114
 1098 0808 0E       		.byte	0xe
 1099 0809 75       		.byte	0x75
 1100 080a 12       		.byte	0x12
 1101 080b F7070000 		.4byte	0x7f7
 1102 080f 06       		.uleb128 0x6
 1103 0810 09060000 		.4byte	.LASF115
 1104 0814 04       		.byte	0x4
 1105 0815 0F       		.byte	0xf
 1106 0816 38       		.byte	0x38
 1107 0817 08       		.byte	0x8
 1108 0818 2A080000 		.4byte	0x82a
 1109 081c 07       		.uleb128 0x7
 1110 081d 82000000 		.4byte	.LASF44
 1111 0821 0F       		.byte	0xf
 1112 0822 39       		.byte	0x39
 1113 0823 1A       		.byte	0x1a
 1114 0824 2A080000 		.4byte	0x82a
 1115 0828 00       		.byte	0
 1116 0829 00       		.byte	0
 1117 082a 0B       		.uleb128 0xb
 1118 082b 04       		.byte	0x4
 1119 082c 0F080000 		.4byte	0x80f
 1120 0830 1A       		.uleb128 0x1a
 1121 0831 10       		.byte	0x10
 1122 0832 0F       		.byte	0xf
 1123 0833 40       		.byte	0x40
 1124 0834 09       		.byte	0x9
 1125 0835 6E080000 		.4byte	0x86e
 1126 0839 07       		.uleb128 0x7
 1127 083a 82000000 		.4byte	.LASF44
 1128 083e 0F       		.byte	0xf
 1129 083f 41       		.byte	0x41
 1130 0840 1A       		.byte	0x1a
 1131 0841 2A080000 		.4byte	0x82a
 1132 0845 00       		.byte	0
 1133 0846 07       		.uleb128 0x7
 1134 0847 21020000 		.4byte	.LASF116
 1135 084b 0F       		.byte	0xf
 1136 084c 42       		.byte	0x42
 1137 084d 19       		.byte	0x19
 1138 084e 24000000 		.4byte	0x24
 1139 0852 04       		.byte	0x4
 1140 0853 07       		.uleb128 0x7
ARM GAS  /tmp/ccghJp3N.s 			page 21


 1141 0854 A0060000 		.4byte	.LASF117
 1142 0858 0F       		.byte	0xf
 1143 0859 44       		.byte	0x44
 1144 085a 19       		.byte	0x19
 1145 085b 30000000 		.4byte	0x30
 1146 085f 08       		.byte	0x8
 1147 0860 07       		.uleb128 0x7
 1148 0861 E2040000 		.4byte	.LASF118
 1149 0865 0F       		.byte	0xf
 1150 0866 45       		.byte	0x45
 1151 0867 19       		.byte	0x19
 1152 0868 A7070000 		.4byte	0x7a7
 1153 086c 0C       		.byte	0xc
 1154 086d 00       		.byte	0
 1155 086e 03       		.uleb128 0x3
 1156 086f 30000000 		.4byte	.LASF119
 1157 0873 0F       		.byte	0xf
 1158 0874 47       		.byte	0x47
 1159 0875 03       		.byte	0x3
 1160 0876 30080000 		.4byte	0x830
 1161 087a 06       		.uleb128 0x6
 1162 087b C8020000 		.4byte	.LASF120
 1163 087f 10       		.byte	0x10
 1164 0880 10       		.byte	0x10
 1165 0881 A9       		.byte	0xa9
 1166 0882 10       		.byte	0x10
 1167 0883 AF080000 		.4byte	0x8af
 1168 0887 07       		.uleb128 0x7
 1169 0888 82000000 		.4byte	.LASF44
 1170 088c 10       		.byte	0x10
 1171 088d AD       		.byte	0xad
 1172 088e 1A       		.byte	0x1a
 1173 088f AF080000 		.4byte	0x8af
 1174 0893 00       		.byte	0
 1175 0894 07       		.uleb128 0x7
 1176 0895 B0000000 		.4byte	.LASF33
 1177 0899 10       		.byte	0x10
 1178 089a B1       		.byte	0xb1
 1179 089b 19       		.byte	0x19
 1180 089c 0B010000 		.4byte	0x10b
 1181 08a0 04       		.byte	0x4
 1182 08a1 07       		.uleb128 0x7
 1183 08a2 10050000 		.4byte	.LASF29
 1184 08a6 10       		.byte	0x10
 1185 08a7 B3       		.byte	0xb3
 1186 08a8 19       		.byte	0x19
 1187 08a9 B5080000 		.4byte	0x8b5
 1188 08ad 08       		.byte	0x8
 1189 08ae 00       		.byte	0
 1190 08af 0B       		.uleb128 0xb
 1191 08b0 04       		.byte	0x4
 1192 08b1 7A080000 		.4byte	0x87a
 1193 08b5 11       		.uleb128 0x11
 1194 08b6 31060000 		.4byte	0x631
 1195 08ba C5080000 		.4byte	0x8c5
 1196 08be 12       		.uleb128 0x12
 1197 08bf 30000000 		.4byte	0x30
ARM GAS  /tmp/ccghJp3N.s 			page 22


 1198 08c3 07       		.byte	0x7
 1199 08c4 00       		.byte	0
 1200 08c5 03       		.uleb128 0x3
 1201 08c6 EC050000 		.4byte	.LASF121
 1202 08ca 10       		.byte	0x10
 1203 08cb B7       		.byte	0xb7
 1204 08cc 03       		.byte	0x3
 1205 08cd 7A080000 		.4byte	0x87a
 1206 08d1 06       		.uleb128 0x6
 1207 08d2 EA020000 		.4byte	.LASF122
 1208 08d6 04       		.byte	0x4
 1209 08d7 10       		.byte	0x10
 1210 08d8 BC       		.byte	0xbc
 1211 08d9 10       		.byte	0x10
 1212 08da EC080000 		.4byte	0x8ec
 1213 08de 07       		.uleb128 0x7
 1214 08df 82000000 		.4byte	.LASF44
 1215 08e3 10       		.byte	0x10
 1216 08e4 BD       		.byte	0xbd
 1217 08e5 1A       		.byte	0x1a
 1218 08e6 EC080000 		.4byte	0x8ec
 1219 08ea 00       		.byte	0
 1220 08eb 00       		.byte	0
 1221 08ec 0B       		.uleb128 0xb
 1222 08ed 04       		.byte	0x4
 1223 08ee C5080000 		.4byte	0x8c5
 1224 08f2 03       		.uleb128 0x3
 1225 08f3 48000000 		.4byte	.LASF123
 1226 08f7 10       		.byte	0x10
 1227 08f8 BE       		.byte	0xbe
 1228 08f9 03       		.byte	0x3
 1229 08fa D1080000 		.4byte	0x8d1
 1230 08fe 0C       		.uleb128 0xc
 1231 08ff 09010000 		.4byte	.LASF124
 1232 0903 48       		.byte	0x48
 1233 0904 10       		.byte	0x10
 1234 0905 2001     		.2byte	0x120
 1235 0907 10       		.byte	0x10
 1236 0908 8B090000 		.4byte	0x98b
 1237 090c 09       		.uleb128 0x9
 1238 090d 6D747800 		.ascii	"mtx\000"
 1239 0911 10       		.byte	0x10
 1240 0912 2501     		.2byte	0x125
 1241 0914 19       		.byte	0x19
 1242 0915 8E070000 		.4byte	0x78e
 1243 0919 00       		.byte	0
 1244 091a 0A       		.uleb128 0xa
 1245 091b A7000000 		.4byte	.LASF125
 1246 091f 10       		.byte	0x10
 1247 0920 2C01     		.2byte	0x12c
 1248 0922 19       		.byte	0x19
 1249 0923 F2080000 		.4byte	0x8f2
 1250 0927 10       		.byte	0x10
 1251 0928 0A       		.uleb128 0xa
 1252 0929 9E000000 		.4byte	.LASF126
 1253 092d 10       		.byte	0x10
 1254 092e 3001     		.2byte	0x130
ARM GAS  /tmp/ccghJp3N.s 			page 23


 1255 0930 19       		.byte	0x19
 1256 0931 6E080000 		.4byte	0x86e
 1257 0935 14       		.byte	0x14
 1258 0936 0A       		.uleb128 0xa
 1259 0937 47040000 		.4byte	.LASF127
 1260 093b 10       		.byte	0x10
 1261 093c 3501     		.2byte	0x135
 1262 093e 19       		.byte	0x19
 1263 093f F2080000 		.4byte	0x8f2
 1264 0943 24       		.byte	0x24
 1265 0944 0A       		.uleb128 0xa
 1266 0945 B5060000 		.4byte	.LASF128
 1267 0949 10       		.byte	0x10
 1268 094a 3B01     		.2byte	0x13b
 1269 094c 19       		.byte	0x19
 1270 094d F2080000 		.4byte	0x8f2
 1271 0951 28       		.byte	0x28
 1272 0952 0A       		.uleb128 0xa
 1273 0953 7D020000 		.4byte	.LASF129
 1274 0957 10       		.byte	0x10
 1275 0958 3F01     		.2byte	0x13f
 1276 095a 19       		.byte	0x19
 1277 095b 6E080000 		.4byte	0x86e
 1278 095f 2C       		.byte	0x2c
 1279 0960 0A       		.uleb128 0xa
 1280 0961 FA050000 		.4byte	.LASF130
 1281 0965 10       		.byte	0x10
 1282 0966 4501     		.2byte	0x145
 1283 0968 19       		.byte	0x19
 1284 0969 F2080000 		.4byte	0x8f2
 1285 096d 3C       		.byte	0x3c
 1286 096e 0A       		.uleb128 0xa
 1287 096f 3E000000 		.4byte	.LASF131
 1288 0973 10       		.byte	0x10
 1289 0974 4B01     		.2byte	0x14b
 1290 0976 19       		.byte	0x19
 1291 0977 F2080000 		.4byte	0x8f2
 1292 097b 40       		.byte	0x40
 1293 097c 0A       		.uleb128 0xa
 1294 097d 5C020000 		.4byte	.LASF132
 1295 0981 10       		.byte	0x10
 1296 0982 5101     		.2byte	0x151
 1297 0984 19       		.byte	0x19
 1298 0985 F2080000 		.4byte	0x8f2
 1299 0989 44       		.byte	0x44
 1300 098a 00       		.byte	0
 1301 098b 1C       		.uleb128 0x1c
 1302 098c 33020000 		.4byte	.LASF133
 1303 0990 10       		.byte	0x10
 1304 0991 5301     		.2byte	0x153
 1305 0993 03       		.byte	0x3
 1306 0994 FE080000 		.4byte	0x8fe
 1307 0998 19       		.uleb128 0x19
 1308 0999 CD040000 		.4byte	.LASF134
 1309 099d 10       		.byte	0x10
 1310 099e 5E01     		.2byte	0x15e
 1311 09a0 1A       		.byte	0x1a
ARM GAS  /tmp/ccghJp3N.s 			page 24


 1312 09a1 8B090000 		.4byte	0x98b
 1313 09a5 00       		.byte	0
 1314              		.section	.gnu.debuglto_.debug_abbrev,"e",%progbits
 1315              	.Ldebug_abbrev0:
 1316 0000 01       		.uleb128 0x1
 1317 0001 11       		.uleb128 0x11
 1318 0002 01       		.byte	0x1
 1319 0003 25       		.uleb128 0x25
 1320 0004 0E       		.uleb128 0xe
 1321 0005 13       		.uleb128 0x13
 1322 0006 0B       		.uleb128 0xb
 1323 0007 03       		.uleb128 0x3
 1324 0008 0E       		.uleb128 0xe
 1325 0009 1B       		.uleb128 0x1b
 1326 000a 0E       		.uleb128 0xe
 1327 000b 10       		.uleb128 0x10
 1328 000c 17       		.uleb128 0x17
 1329 000d 00       		.byte	0
 1330 000e 00       		.byte	0
 1331 000f 02       		.uleb128 0x2
 1332 0010 24       		.uleb128 0x24
 1333 0011 00       		.byte	0
 1334 0012 0B       		.uleb128 0xb
 1335 0013 0B       		.uleb128 0xb
 1336 0014 3E       		.uleb128 0x3e
 1337 0015 0B       		.uleb128 0xb
 1338 0016 03       		.uleb128 0x3
 1339 0017 08       		.uleb128 0x8
 1340 0018 00       		.byte	0
 1341 0019 00       		.byte	0
 1342 001a 03       		.uleb128 0x3
 1343 001b 16       		.uleb128 0x16
 1344 001c 00       		.byte	0
 1345 001d 03       		.uleb128 0x3
 1346 001e 0E       		.uleb128 0xe
 1347 001f 3A       		.uleb128 0x3a
 1348 0020 0B       		.uleb128 0xb
 1349 0021 3B       		.uleb128 0x3b
 1350 0022 0B       		.uleb128 0xb
 1351 0023 39       		.uleb128 0x39
 1352 0024 0B       		.uleb128 0xb
 1353 0025 49       		.uleb128 0x49
 1354 0026 13       		.uleb128 0x13
 1355 0027 00       		.byte	0
 1356 0028 00       		.byte	0
 1357 0029 04       		.uleb128 0x4
 1358 002a 24       		.uleb128 0x24
 1359 002b 00       		.byte	0
 1360 002c 0B       		.uleb128 0xb
 1361 002d 0B       		.uleb128 0xb
 1362 002e 3E       		.uleb128 0x3e
 1363 002f 0B       		.uleb128 0xb
 1364 0030 03       		.uleb128 0x3
 1365 0031 0E       		.uleb128 0xe
 1366 0032 00       		.byte	0
 1367 0033 00       		.byte	0
 1368 0034 05       		.uleb128 0x5
ARM GAS  /tmp/ccghJp3N.s 			page 25


 1369 0035 26       		.uleb128 0x26
 1370 0036 00       		.byte	0
 1371 0037 49       		.uleb128 0x49
 1372 0038 13       		.uleb128 0x13
 1373 0039 00       		.byte	0
 1374 003a 00       		.byte	0
 1375 003b 06       		.uleb128 0x6
 1376 003c 13       		.uleb128 0x13
 1377 003d 01       		.byte	0x1
 1378 003e 03       		.uleb128 0x3
 1379 003f 0E       		.uleb128 0xe
 1380 0040 0B       		.uleb128 0xb
 1381 0041 0B       		.uleb128 0xb
 1382 0042 3A       		.uleb128 0x3a
 1383 0043 0B       		.uleb128 0xb
 1384 0044 3B       		.uleb128 0x3b
 1385 0045 0B       		.uleb128 0xb
 1386 0046 39       		.uleb128 0x39
 1387 0047 0B       		.uleb128 0xb
 1388 0048 01       		.uleb128 0x1
 1389 0049 13       		.uleb128 0x13
 1390 004a 00       		.byte	0
 1391 004b 00       		.byte	0
 1392 004c 07       		.uleb128 0x7
 1393 004d 0D       		.uleb128 0xd
 1394 004e 00       		.byte	0
 1395 004f 03       		.uleb128 0x3
 1396 0050 0E       		.uleb128 0xe
 1397 0051 3A       		.uleb128 0x3a
 1398 0052 0B       		.uleb128 0xb
 1399 0053 3B       		.uleb128 0x3b
 1400 0054 0B       		.uleb128 0xb
 1401 0055 39       		.uleb128 0x39
 1402 0056 0B       		.uleb128 0xb
 1403 0057 49       		.uleb128 0x49
 1404 0058 13       		.uleb128 0x13
 1405 0059 38       		.uleb128 0x38
 1406 005a 0B       		.uleb128 0xb
 1407 005b 00       		.byte	0
 1408 005c 00       		.byte	0
 1409 005d 08       		.uleb128 0x8
 1410 005e 0D       		.uleb128 0xd
 1411 005f 00       		.byte	0
 1412 0060 03       		.uleb128 0x3
 1413 0061 08       		.uleb128 0x8
 1414 0062 3A       		.uleb128 0x3a
 1415 0063 0B       		.uleb128 0xb
 1416 0064 3B       		.uleb128 0x3b
 1417 0065 0B       		.uleb128 0xb
 1418 0066 39       		.uleb128 0x39
 1419 0067 0B       		.uleb128 0xb
 1420 0068 49       		.uleb128 0x49
 1421 0069 13       		.uleb128 0x13
 1422 006a 38       		.uleb128 0x38
 1423 006b 0B       		.uleb128 0xb
 1424 006c 00       		.byte	0
 1425 006d 00       		.byte	0
ARM GAS  /tmp/ccghJp3N.s 			page 26


 1426 006e 09       		.uleb128 0x9
 1427 006f 0D       		.uleb128 0xd
 1428 0070 00       		.byte	0
 1429 0071 03       		.uleb128 0x3
 1430 0072 08       		.uleb128 0x8
 1431 0073 3A       		.uleb128 0x3a
 1432 0074 0B       		.uleb128 0xb
 1433 0075 3B       		.uleb128 0x3b
 1434 0076 05       		.uleb128 0x5
 1435 0077 39       		.uleb128 0x39
 1436 0078 0B       		.uleb128 0xb
 1437 0079 49       		.uleb128 0x49
 1438 007a 13       		.uleb128 0x13
 1439 007b 38       		.uleb128 0x38
 1440 007c 0B       		.uleb128 0xb
 1441 007d 00       		.byte	0
 1442 007e 00       		.byte	0
 1443 007f 0A       		.uleb128 0xa
 1444 0080 0D       		.uleb128 0xd
 1445 0081 00       		.byte	0
 1446 0082 03       		.uleb128 0x3
 1447 0083 0E       		.uleb128 0xe
 1448 0084 3A       		.uleb128 0x3a
 1449 0085 0B       		.uleb128 0xb
 1450 0086 3B       		.uleb128 0x3b
 1451 0087 05       		.uleb128 0x5
 1452 0088 39       		.uleb128 0x39
 1453 0089 0B       		.uleb128 0xb
 1454 008a 49       		.uleb128 0x49
 1455 008b 13       		.uleb128 0x13
 1456 008c 38       		.uleb128 0x38
 1457 008d 0B       		.uleb128 0xb
 1458 008e 00       		.byte	0
 1459 008f 00       		.byte	0
 1460 0090 0B       		.uleb128 0xb
 1461 0091 0F       		.uleb128 0xf
 1462 0092 00       		.byte	0
 1463 0093 0B       		.uleb128 0xb
 1464 0094 0B       		.uleb128 0xb
 1465 0095 49       		.uleb128 0x49
 1466 0096 13       		.uleb128 0x13
 1467 0097 00       		.byte	0
 1468 0098 00       		.byte	0
 1469 0099 0C       		.uleb128 0xc
 1470 009a 13       		.uleb128 0x13
 1471 009b 01       		.byte	0x1
 1472 009c 03       		.uleb128 0x3
 1473 009d 0E       		.uleb128 0xe
 1474 009e 0B       		.uleb128 0xb
 1475 009f 0B       		.uleb128 0xb
 1476 00a0 3A       		.uleb128 0x3a
 1477 00a1 0B       		.uleb128 0xb
 1478 00a2 3B       		.uleb128 0x3b
 1479 00a3 05       		.uleb128 0x5
 1480 00a4 39       		.uleb128 0x39
 1481 00a5 0B       		.uleb128 0xb
 1482 00a6 01       		.uleb128 0x1
ARM GAS  /tmp/ccghJp3N.s 			page 27


 1483 00a7 13       		.uleb128 0x13
 1484 00a8 00       		.byte	0
 1485 00a9 00       		.byte	0
 1486 00aa 0D       		.uleb128 0xd
 1487 00ab 15       		.uleb128 0x15
 1488 00ac 01       		.byte	0x1
 1489 00ad 27       		.uleb128 0x27
 1490 00ae 19       		.uleb128 0x19
 1491 00af 01       		.uleb128 0x1
 1492 00b0 13       		.uleb128 0x13
 1493 00b1 00       		.byte	0
 1494 00b2 00       		.byte	0
 1495 00b3 0E       		.uleb128 0xe
 1496 00b4 05       		.uleb128 0x5
 1497 00b5 00       		.byte	0
 1498 00b6 49       		.uleb128 0x49
 1499 00b7 13       		.uleb128 0x13
 1500 00b8 00       		.byte	0
 1501 00b9 00       		.byte	0
 1502 00ba 0F       		.uleb128 0xf
 1503 00bb 0F       		.uleb128 0xf
 1504 00bc 00       		.byte	0
 1505 00bd 0B       		.uleb128 0xb
 1506 00be 0B       		.uleb128 0xb
 1507 00bf 00       		.byte	0
 1508 00c0 00       		.byte	0
 1509 00c1 10       		.uleb128 0x10
 1510 00c2 34       		.uleb128 0x34
 1511 00c3 00       		.byte	0
 1512 00c4 03       		.uleb128 0x3
 1513 00c5 0E       		.uleb128 0xe
 1514 00c6 3A       		.uleb128 0x3a
 1515 00c7 0B       		.uleb128 0xb
 1516 00c8 3B       		.uleb128 0x3b
 1517 00c9 0B       		.uleb128 0xb
 1518 00ca 39       		.uleb128 0x39
 1519 00cb 0B       		.uleb128 0xb
 1520 00cc 49       		.uleb128 0x49
 1521 00cd 13       		.uleb128 0x13
 1522 00ce 3F       		.uleb128 0x3f
 1523 00cf 19       		.uleb128 0x19
 1524 00d0 3C       		.uleb128 0x3c
 1525 00d1 19       		.uleb128 0x19
 1526 00d2 00       		.byte	0
 1527 00d3 00       		.byte	0
 1528 00d4 11       		.uleb128 0x11
 1529 00d5 01       		.uleb128 0x1
 1530 00d6 01       		.byte	0x1
 1531 00d7 49       		.uleb128 0x49
 1532 00d8 13       		.uleb128 0x13
 1533 00d9 01       		.uleb128 0x1
 1534 00da 13       		.uleb128 0x13
 1535 00db 00       		.byte	0
 1536 00dc 00       		.byte	0
 1537 00dd 12       		.uleb128 0x12
 1538 00de 21       		.uleb128 0x21
 1539 00df 00       		.byte	0
ARM GAS  /tmp/ccghJp3N.s 			page 28


 1540 00e0 49       		.uleb128 0x49
 1541 00e1 13       		.uleb128 0x13
 1542 00e2 2F       		.uleb128 0x2f
 1543 00e3 0B       		.uleb128 0xb
 1544 00e4 00       		.byte	0
 1545 00e5 00       		.byte	0
 1546 00e6 13       		.uleb128 0x13
 1547 00e7 17       		.uleb128 0x17
 1548 00e8 01       		.byte	0x1
 1549 00e9 0B       		.uleb128 0xb
 1550 00ea 0B       		.uleb128 0xb
 1551 00eb 3A       		.uleb128 0x3a
 1552 00ec 0B       		.uleb128 0xb
 1553 00ed 3B       		.uleb128 0x3b
 1554 00ee 0B       		.uleb128 0xb
 1555 00ef 39       		.uleb128 0x39
 1556 00f0 0B       		.uleb128 0xb
 1557 00f1 01       		.uleb128 0x1
 1558 00f2 13       		.uleb128 0x13
 1559 00f3 00       		.byte	0
 1560 00f4 00       		.byte	0
 1561 00f5 14       		.uleb128 0x14
 1562 00f6 0D       		.uleb128 0xd
 1563 00f7 00       		.byte	0
 1564 00f8 03       		.uleb128 0x3
 1565 00f9 0E       		.uleb128 0xe
 1566 00fa 3A       		.uleb128 0x3a
 1567 00fb 0B       		.uleb128 0xb
 1568 00fc 3B       		.uleb128 0x3b
 1569 00fd 0B       		.uleb128 0xb
 1570 00fe 39       		.uleb128 0x39
 1571 00ff 0B       		.uleb128 0xb
 1572 0100 49       		.uleb128 0x49
 1573 0101 13       		.uleb128 0x13
 1574 0102 00       		.byte	0
 1575 0103 00       		.byte	0
 1576 0104 15       		.uleb128 0x15
 1577 0105 0D       		.uleb128 0xd
 1578 0106 00       		.byte	0
 1579 0107 03       		.uleb128 0x3
 1580 0108 0E       		.uleb128 0xe
 1581 0109 3A       		.uleb128 0x3a
 1582 010a 0B       		.uleb128 0xb
 1583 010b 3B       		.uleb128 0x3b
 1584 010c 05       		.uleb128 0x5
 1585 010d 39       		.uleb128 0x39
 1586 010e 0B       		.uleb128 0xb
 1587 010f 49       		.uleb128 0x49
 1588 0110 13       		.uleb128 0x13
 1589 0111 00       		.byte	0
 1590 0112 00       		.byte	0
 1591 0113 16       		.uleb128 0x16
 1592 0114 35       		.uleb128 0x35
 1593 0115 00       		.byte	0
 1594 0116 49       		.uleb128 0x49
 1595 0117 13       		.uleb128 0x13
 1596 0118 00       		.byte	0
ARM GAS  /tmp/ccghJp3N.s 			page 29


 1597 0119 00       		.byte	0
 1598 011a 17       		.uleb128 0x17
 1599 011b 34       		.uleb128 0x34
 1600 011c 00       		.byte	0
 1601 011d 03       		.uleb128 0x3
 1602 011e 08       		.uleb128 0x8
 1603 011f 3A       		.uleb128 0x3a
 1604 0120 0B       		.uleb128 0xb
 1605 0121 3B       		.uleb128 0x3b
 1606 0122 05       		.uleb128 0x5
 1607 0123 39       		.uleb128 0x39
 1608 0124 0B       		.uleb128 0xb
 1609 0125 49       		.uleb128 0x49
 1610 0126 13       		.uleb128 0x13
 1611 0127 3F       		.uleb128 0x3f
 1612 0128 19       		.uleb128 0x19
 1613 0129 3C       		.uleb128 0x3c
 1614 012a 19       		.uleb128 0x19
 1615 012b 00       		.byte	0
 1616 012c 00       		.byte	0
 1617 012d 18       		.uleb128 0x18
 1618 012e 21       		.uleb128 0x21
 1619 012f 00       		.byte	0
 1620 0130 00       		.byte	0
 1621 0131 00       		.byte	0
 1622 0132 19       		.uleb128 0x19
 1623 0133 34       		.uleb128 0x34
 1624 0134 00       		.byte	0
 1625 0135 03       		.uleb128 0x3
 1626 0136 0E       		.uleb128 0xe
 1627 0137 3A       		.uleb128 0x3a
 1628 0138 0B       		.uleb128 0xb
 1629 0139 3B       		.uleb128 0x3b
 1630 013a 05       		.uleb128 0x5
 1631 013b 39       		.uleb128 0x39
 1632 013c 0B       		.uleb128 0xb
 1633 013d 49       		.uleb128 0x49
 1634 013e 13       		.uleb128 0x13
 1635 013f 3F       		.uleb128 0x3f
 1636 0140 19       		.uleb128 0x19
 1637 0141 3C       		.uleb128 0x3c
 1638 0142 19       		.uleb128 0x19
 1639 0143 00       		.byte	0
 1640 0144 00       		.byte	0
 1641 0145 1A       		.uleb128 0x1a
 1642 0146 13       		.uleb128 0x13
 1643 0147 01       		.byte	0x1
 1644 0148 0B       		.uleb128 0xb
 1645 0149 0B       		.uleb128 0xb
 1646 014a 3A       		.uleb128 0x3a
 1647 014b 0B       		.uleb128 0xb
 1648 014c 3B       		.uleb128 0x3b
 1649 014d 0B       		.uleb128 0xb
 1650 014e 39       		.uleb128 0x39
 1651 014f 0B       		.uleb128 0xb
 1652 0150 01       		.uleb128 0x1
 1653 0151 13       		.uleb128 0x13
ARM GAS  /tmp/ccghJp3N.s 			page 30


 1654 0152 00       		.byte	0
 1655 0153 00       		.byte	0
 1656 0154 1B       		.uleb128 0x1b
 1657 0155 15       		.uleb128 0x15
 1658 0156 01       		.byte	0x1
 1659 0157 27       		.uleb128 0x27
 1660 0158 19       		.uleb128 0x19
 1661 0159 49       		.uleb128 0x49
 1662 015a 13       		.uleb128 0x13
 1663 015b 01       		.uleb128 0x1
 1664 015c 13       		.uleb128 0x13
 1665 015d 00       		.byte	0
 1666 015e 00       		.byte	0
 1667 015f 1C       		.uleb128 0x1c
 1668 0160 16       		.uleb128 0x16
 1669 0161 00       		.byte	0
 1670 0162 03       		.uleb128 0x3
 1671 0163 0E       		.uleb128 0xe
 1672 0164 3A       		.uleb128 0x3a
 1673 0165 0B       		.uleb128 0xb
 1674 0166 3B       		.uleb128 0x3b
 1675 0167 05       		.uleb128 0x5
 1676 0168 39       		.uleb128 0x39
 1677 0169 0B       		.uleb128 0xb
 1678 016a 49       		.uleb128 0x49
 1679 016b 13       		.uleb128 0x13
 1680 016c 00       		.byte	0
 1681 016d 00       		.byte	0
 1682 016e 00       		.byte	0
 1683              		.section	.gnu.debuglto_.debug_line,"e",%progbits
 1684              	.Ldebug_line0:
 1685 0000 F6010000 		.4byte	.LELT0-.LSLT0
 1686              	.LSLT0:
 1687 0004 0400     		.2byte	0x4
 1688 0006 F0010000 		.4byte	.LELTP0-.LASLTP0
 1689              	.LASLTP0:
 1690 000a 01       		.byte	0x1
 1691 000b 01       		.byte	0x1
 1692 000c 01       		.byte	0x1
 1693 000d F6       		.byte	0xf6
 1694 000e F2       		.byte	0xf2
 1695 000f 0D       		.byte	0xd
 1696 0010 00       		.byte	0
 1697 0011 01       		.byte	0x1
 1698 0012 01       		.byte	0x1
 1699 0013 01       		.byte	0x1
 1700 0014 01       		.byte	0x1
 1701 0015 00       		.byte	0
 1702 0016 00       		.byte	0
 1703 0017 00       		.byte	0
 1704 0018 01       		.byte	0x1
 1705 0019 00       		.byte	0
 1706 001a 00       		.byte	0
 1707 001b 01       		.byte	0x1
 1708 001c 2E2E2F2E 		.ascii	"../../incl/ChibiOS/os/common/ext/ST/STM32F0xx"
 1708      2E2F696E 
 1708      636C2F43 
ARM GAS  /tmp/ccghJp3N.s 			page 31


 1708      68696269 
 1708      4F532F6F 
 1709 0049 00       		.byte	0
 1710 004a 2E2E2F2E 		.ascii	"../../incl/ChibiOS/os/common/ports/ARMCMx/compilers"
 1710      2E2F696E 
 1710      636C2F43 
 1710      68696269 
 1710      4F532F6F 
 1711 007d 2F474343 		.ascii	"/GCC"
 1712 0081 00       		.byte	0
 1713 0082 2E2E2F2E 		.ascii	"../../incl/ChibiOS/os/common/ports/ARMCMx"
 1713      2E2F696E 
 1713      636C2F43 
 1713      68696269 
 1713      4F532F6F 
 1714 00ab 00       		.byte	0
 1715 00ac 2E2E2F2E 		.ascii	"../../incl/ChibiOS/os/oslib/include"
 1715      2E2F696E 
 1715      636C2F43 
 1715      68696269 
 1715      4F532F6F 
 1716 00cf 00       		.byte	0
 1717 00d0 2E2E2F2E 		.ascii	"../../incl/ChibiOS/os/rt/include"
 1717      2E2F696E 
 1717      636C2F43 
 1717      68696269 
 1717      4F532F6F 
 1718 00f0 00       		.byte	0
 1719 00f1 2F757372 		.ascii	"/usr/lib/gcc/arm-none-eabi/9.2.1/include"
 1719      2F6C6962 
 1719      2F676363 
 1719      2F61726D 
 1719      2D6E6F6E 
 1720 0119 00       		.byte	0
 1721 011a 00       		.byte	0
 1722 011b 73746464 		.ascii	"stddef.h\000"
 1722      65662E68 
 1722      00
 1723 0124 06       		.uleb128 0x6
 1724 0125 00       		.uleb128 0
 1725 0126 00       		.uleb128 0
 1726 0127 73746469 		.ascii	"stdint.h\000"
 1726      6E742E68 
 1726      00
 1727 0130 06       		.uleb128 0x6
 1728 0131 00       		.uleb128 0
 1729 0132 00       		.uleb128 0
 1730 0133 63687479 		.ascii	"chtypes.h\000"
 1730      7065732E 
 1730      6800
 1731 013d 02       		.uleb128 0x2
 1732 013e 00       		.uleb128 0
 1733 013f 00       		.uleb128 0
 1734 0140 63687379 		.ascii	"chsystypes.h\000"
 1734      73747970 
 1734      65732E68 
 1734      00
ARM GAS  /tmp/ccghJp3N.s 			page 32


 1735 014d 05       		.uleb128 0x5
 1736 014e 00       		.uleb128 0
 1737 014f 00       		.uleb128 0
 1738 0150 63687363 		.ascii	"chschd.h\000"
 1738      68642E68 
 1738      00
 1739 0159 05       		.uleb128 0x5
 1740 015a 00       		.uleb128 0
 1741 015b 00       		.uleb128 0
 1742 015c 63687469 		.ascii	"chtime.h\000"
 1742      6D652E68 
 1742      00
 1743 0165 05       		.uleb128 0x5
 1744 0166 00       		.uleb128 0
 1745 0167 00       		.uleb128 0
 1746 0168 73797374 		.ascii	"system_stm32f0xx.h\000"
 1746      656D5F73 
 1746      746D3332 
 1746      66307878 
 1746      2E6800
 1747 017b 01       		.uleb128 0x1
 1748 017c 00       		.uleb128 0
 1749 017d 00       		.uleb128 0
 1750 017e 6368636F 		.ascii	"chcore.h\000"
 1750      72652E68 
 1750      00
 1751 0187 03       		.uleb128 0x3
 1752 0188 00       		.uleb128 0
 1753 0189 00       		.uleb128 0
 1754 018a 6368636F 		.ascii	"chcore_v6m.h\000"
 1754      72655F76 
 1754      366D2E68 
 1754      00
 1755 0197 03       		.uleb128 0x3
 1756 0198 00       		.uleb128 0
 1757 0199 00       		.uleb128 0
 1758 019a 63687365 		.ascii	"chsem.h\000"
 1758      6D2E6800 
 1759 01a2 05       		.uleb128 0x5
 1760 01a3 00       		.uleb128 0
 1761 01a4 00       		.uleb128 0
 1762 01a5 63686D74 		.ascii	"chmtx.h\000"
 1762      782E6800 
 1763 01ad 05       		.uleb128 0x5
 1764 01ae 00       		.uleb128 0
 1765 01af 00       		.uleb128 0
 1766 01b0 63687379 		.ascii	"chsys.h\000"
 1766      732E6800 
 1767 01b8 05       		.uleb128 0x5
 1768 01b9 00       		.uleb128 0
 1769 01ba 00       		.uleb128 0
 1770 01bb 63687265 		.ascii	"chregistry.h\000"
 1770      67697374 
 1770      72792E68 
 1770      00
 1771 01c8 05       		.uleb128 0x5
 1772 01c9 00       		.uleb128 0
ARM GAS  /tmp/ccghJp3N.s 			page 33


 1773 01ca 00       		.uleb128 0
 1774 01cb 63686D65 		.ascii	"chmemcore.h\000"
 1774      6D636F72 
 1774      652E6800 
 1775 01d7 04       		.uleb128 0x4
 1776 01d8 00       		.uleb128 0
 1777 01d9 00       		.uleb128 0
 1778 01da 63686D65 		.ascii	"chmempools.h\000"
 1778      6D706F6F 
 1778      6C732E68 
 1778      00
 1779 01e7 04       		.uleb128 0x4
 1780 01e8 00       		.uleb128 0
 1781 01e9 00       		.uleb128 0
 1782 01ea 63686661 		.ascii	"chfactory.h\000"
 1782      63746F72 
 1782      792E6800 
 1783 01f6 04       		.uleb128 0x4
 1784 01f7 00       		.uleb128 0
 1785 01f8 00       		.uleb128 0
 1786 01f9 00       		.byte	0
 1787              	.LELTP0:
 1788              	.LELT0:
 1789              		.section	.gnu.debuglto_.debug_str,"eMS",%progbits,1
 1790              	.LASF43:
 1791 0000 63685F74 		.ascii	"ch_threads_list\000"
 1791      68726561 
 1791      64735F6C 
 1791      69737400 
 1792              	.LASF93:
 1793 0010 74696D65 		.ascii	"timesize\000"
 1793      73697A65 
 1793      00
 1794              	.LASF69:
 1795 0019 53797374 		.ascii	"SystemCoreClock\000"
 1795      656D436F 
 1795      7265436C 
 1795      6F636B00 
 1796              	.LASF81:
 1797 0029 77746D74 		.ascii	"wtmtxp\000"
 1797      787000
 1798              	.LASF119:
 1799 0030 6D656D6F 		.ascii	"memory_pool_t\000"
 1799      72795F70 
 1799      6F6F6C5F 
 1799      7400
 1800              	.LASF131:
 1801 003e 6669666F 		.ascii	"fifo_list\000"
 1801      5F6C6973 
 1801      7400
 1802              	.LASF123:
 1803 0048 64796E5F 		.ascii	"dyn_list_t\000"
 1803      6C697374 
 1803      5F7400
 1804              	.LASF32:
 1805 0053 666C6167 		.ascii	"flags\000"
 1805      7300
ARM GAS  /tmp/ccghJp3N.s 			page 34


 1806              	.LASF67:
 1807 0059 73797374 		.ascii	"systime_t\000"
 1807      696D655F 
 1807      7400
 1808              	.LASF38:
 1809 0063 7265616C 		.ascii	"realprio\000"
 1809      7072696F 
 1809      00
 1810              	.LASF36:
 1811 006c 6570656E 		.ascii	"epending\000"
 1811      64696E67 
 1811      00
 1812              	.LASF0:
 1813 0075 756E7369 		.ascii	"unsigned int\000"
 1813      676E6564 
 1813      20696E74 
 1813      00
 1814              	.LASF44:
 1815 0082 6E657874 		.ascii	"next\000"
 1815      00
 1816              	.LASF91:
 1817 0087 76657273 		.ascii	"version\000"
 1817      696F6E00 
 1818              	.LASF41:
 1819 008f 74687265 		.ascii	"threads_list_t\000"
 1819      6164735F 
 1819      6C697374 
 1819      5F7400
 1820              	.LASF126:
 1821 009e 6F626A5F 		.ascii	"obj_pool\000"
 1821      706F6F6C 
 1821      00
 1822              	.LASF125:
 1823 00a7 6F626A5F 		.ascii	"obj_list\000"
 1823      6C697374 
 1823      00
 1824              	.LASF33:
 1825 00b0 72656673 		.ascii	"refs\000"
 1825      00
 1826              	.LASF105:
 1827 00b5 6F66665F 		.ascii	"off_time\000"
 1827      74696D65 
 1827      00
 1828              	.LASF77:
 1829 00be 77746F62 		.ascii	"wtobjp\000"
 1829      6A7000
 1830              	.LASF65:
 1831 00c5 76746C69 		.ascii	"vtlist\000"
 1831      737400
 1832              	.LASF74:
 1833 00cc 706F7274 		.ascii	"port_context\000"
 1833      5F636F6E 
 1833      74657874 
 1833      00
 1834              	.LASF49:
 1835 00d9 63685F72 		.ascii	"ch_ready_list\000"
 1835      65616479 
ARM GAS  /tmp/ccghJp3N.s 			page 35


 1835      5F6C6973 
 1835      7400
 1836              	.LASF55:
 1837 00e7 66756E63 		.ascii	"func\000"
 1837      00
 1838              	.LASF82:
 1839 00ec 65776D61 		.ascii	"ewmask\000"
 1839      736B00
 1840              	.LASF47:
 1841 00f3 70726576 		.ascii	"prev\000"
 1841      00
 1842              	.LASF46:
 1843 00f8 63685F74 		.ascii	"ch_threads_queue\000"
 1843      68726561 
 1843      64735F71 
 1843      75657565 
 1843      00
 1844              	.LASF124:
 1845 0109 63685F6F 		.ascii	"ch_objects_factory\000"
 1845      626A6563 
 1845      74735F66 
 1845      6163746F 
 1845      727900
 1846              	.LASF97:
 1847 011c 6F66665F 		.ascii	"off_newer\000"
 1847      6E657765 
 1847      7200
 1848              	.LASF51:
 1849 0126 76746675 		.ascii	"vtfunc_t\000"
 1849      6E635F74 
 1849      00
 1850              	.LASF60:
 1851 012f 63685F73 		.ascii	"ch_system_debug\000"
 1851      79737465 
 1851      6D5F6465 
 1851      62756700 
 1852              	.LASF12:
 1853 013f 75696E74 		.ascii	"uint32_t\000"
 1853      33325F74 
 1853      00
 1854              	.LASF79:
 1855 0148 73656E74 		.ascii	"sentmsg\000"
 1855      6D736700 
 1856              	.LASF21:
 1857 0150 6576656E 		.ascii	"eventmask_t\000"
 1857      746D6173 
 1857      6B5F7400 
 1858              	.LASF94:
 1859 015c 74687265 		.ascii	"threadsize\000"
 1859      61647369 
 1859      7A6500
 1860              	.LASF83:
 1861 0167 63685F73 		.ascii	"ch_semaphore\000"
 1861      656D6170 
 1861      686F7265 
 1861      00
 1862              	.LASF19:
ARM GAS  /tmp/ccghJp3N.s 			page 36


 1863 0174 74707269 		.ascii	"tprio_t\000"
 1863      6F5F7400 
 1864              	.LASF53:
 1865 017c 63685F76 		.ascii	"ch_virtual_timer\000"
 1865      69727475 
 1865      616C5F74 
 1865      696D6572 
 1865      00
 1866              	.LASF113:
 1867 018d 6D656D63 		.ascii	"memcore_t\000"
 1867      6F72655F 
 1867      7400
 1868              	.LASF15:
 1869 0197 6C6F6E67 		.ascii	"long long unsigned int\000"
 1869      206C6F6E 
 1869      6720756E 
 1869      7369676E 
 1869      65642069 
 1870              	.LASF22:
 1871 01ae 636E745F 		.ascii	"cnt_t\000"
 1871      7400
 1872              	.LASF100:
 1873 01b4 6F66665F 		.ascii	"off_stklimit\000"
 1873      73746B6C 
 1873      696D6974 
 1873      00
 1874              	.LASF85:
 1875 01c1 6F776E65 		.ascii	"owner\000"
 1875      7200
 1876              	.LASF45:
 1877 01c7 74687265 		.ascii	"threads_queue_t\000"
 1877      6164735F 
 1877      71756575 
 1877      655F7400 
 1878              	.LASF37:
 1879 01d7 6D74786C 		.ascii	"mtxlist\000"
 1879      69737400 
 1880              	.LASF57:
 1881 01df 63685F76 		.ascii	"ch_virtual_timers_list\000"
 1881      69727475 
 1881      616C5F74 
 1881      696D6572 
 1881      735F6C69 
 1882              	.LASF24:
 1883 01f6 74687265 		.ascii	"thread_t\000"
 1883      61645F74 
 1883      00
 1884              	.LASF98:
 1885 01ff 6F66665F 		.ascii	"off_older\000"
 1885      6F6C6465 
 1885      7200
 1886              	.LASF101:
 1887 0209 6F66665F 		.ascii	"off_state\000"
 1887      73746174 
 1887      6500
 1888              	.LASF5:
 1889 0213 73697A65 		.ascii	"size_t\000"
ARM GAS  /tmp/ccghJp3N.s 			page 37


 1889      5F7400
 1890              	.LASF75:
 1891 021a 7264796D 		.ascii	"rdymsg\000"
 1891      736700
 1892              	.LASF116:
 1893 0221 6F626A65 		.ascii	"object_size\000"
 1893      63745F73 
 1893      697A6500 
 1894              	.LASF109:
 1895 022d 5F426F6F 		.ascii	"_Bool\000"
 1895      6C00
 1896              	.LASF133:
 1897 0233 6F626A65 		.ascii	"objects_factory_t\000"
 1897      6374735F 
 1897      66616374 
 1897      6F72795F 
 1897      7400
 1898              	.LASF84:
 1899 0245 63685F6D 		.ascii	"ch_mutex\000"
 1899      75746578 
 1899      00
 1900              	.LASF71:
 1901 024e 41504250 		.ascii	"APBPrescTable\000"
 1901      72657363 
 1901      5461626C 
 1901      6500
 1902              	.LASF132:
 1903 025c 70697065 		.ascii	"pipe_list\000"
 1903      5F6C6973 
 1903      7400
 1904              	.LASF96:
 1905 0266 6F66665F 		.ascii	"off_ctx\000"
 1905      63747800 
 1906              	.LASF102:
 1907 026e 6F66665F 		.ascii	"off_flags\000"
 1907      666C6167 
 1907      7300
 1908              	.LASF26:
 1909 0278 7072696F 		.ascii	"prio\000"
 1909      00
 1910              	.LASF129:
 1911 027d 73656D5F 		.ascii	"sem_pool\000"
 1911      706F6F6C 
 1911      00
 1912              	.LASF86:
 1913 0286 63686172 		.ascii	"char\000"
 1913      00
 1914              	.LASF40:
 1915 028b 74687265 		.ascii	"thread_reference_t\000"
 1915      61645F72 
 1915      65666572 
 1915      656E6365 
 1915      5F7400
 1916              	.LASF30:
 1917 029e 77616261 		.ascii	"wabase\000"
 1917      736500
 1918              	.LASF87:
ARM GAS  /tmp/ccghJp3N.s 			page 38


 1919 02a5 63685F69 		.ascii	"ch_idle_thread_wa\000"
 1919      646C655F 
 1919      74687265 
 1919      61645F77 
 1919      6100
 1920              	.LASF17:
 1921 02b7 74737461 		.ascii	"tstate_t\000"
 1921      74655F74 
 1921      00
 1922              	.LASF8:
 1923 02c0 75696E74 		.ascii	"uint8_t\000"
 1923      385F7400 
 1924              	.LASF120:
 1925 02c8 63685F64 		.ascii	"ch_dyn_element\000"
 1925      796E5F65 
 1925      6C656D65 
 1925      6E7400
 1926              	.LASF35:
 1927 02d7 6D736771 		.ascii	"msgqueue\000"
 1927      75657565 
 1927      00
 1928              	.LASF42:
 1929 02e0 63685F74 		.ascii	"ch_thread\000"
 1929      68726561 
 1929      6400
 1930              	.LASF122:
 1931 02ea 63685F64 		.ascii	"ch_dyn_list\000"
 1931      796E5F6C 
 1931      69737400 
 1932              	.LASF99:
 1933 02f6 6F66665F 		.ascii	"off_name\000"
 1933      6E616D65 
 1933      00
 1934              	.LASF59:
 1935 02ff 73797374 		.ascii	"system_debug_t\000"
 1935      656D5F64 
 1935      65627567 
 1935      5F7400
 1936              	.LASF1:
 1937 030e 6C6F6E67 		.ascii	"long long int\000"
 1937      206C6F6E 
 1937      6720696E 
 1937      7400
 1938              	.LASF89:
 1939 031c 7A65726F 		.ascii	"zero\000"
 1939      00
 1940              	.LASF20:
 1941 0321 6D73675F 		.ascii	"msg_t\000"
 1941      7400
 1942              	.LASF135:
 1943 0327 474E5520 		.ascii	"GNU C17 9.2.1 20191025 (release) [ARM/arm-9-branch "
 1943      43313720 
 1943      392E322E 
 1943      31203230 
 1943      31393130 
 1944 035a 72657669 		.ascii	"revision 277599] -mcpu=cortex-m0 -mthumb -mfloat-ab"
 1944      73696F6E 
ARM GAS  /tmp/ccghJp3N.s 			page 39


 1944      20323737 
 1944      3539395D 
 1944      202D6D63 
 1945 038d 693D736F 		.ascii	"i=soft -march=armv6s-m -ggdb -O2 -fomit-frame-point"
 1945      6674202D 
 1945      6D617263 
 1945      683D6172 
 1945      6D763673 
 1946 03c0 6572202D 		.ascii	"er -falign-functions=16 -ffunction-sections -fdata-"
 1946      66616C69 
 1946      676E2D66 
 1946      756E6374 
 1946      696F6E73 
 1947 03f3 73656374 		.ascii	"sections -fno-common -flto\000"
 1947      696F6E73 
 1947      202D666E 
 1947      6F2D636F 
 1947      6D6D6F6E 
 1948              	.LASF52:
 1949 040e 76697274 		.ascii	"virtual_timer_t\000"
 1949      75616C5F 
 1949      74696D65 
 1949      725F7400 
 1950              	.LASF90:
 1951 041e 73697A65 		.ascii	"size\000"
 1951      00
 1952              	.LASF92:
 1953 0423 70747273 		.ascii	"ptrsize\000"
 1953      697A6500 
 1954              	.LASF70:
 1955 042b 41484250 		.ascii	"AHBPrescTable\000"
 1955      72657363 
 1955      5461626C 
 1955      6500
 1956              	.LASF68:
 1957 0439 73797369 		.ascii	"sysinterval_t\000"
 1957      6E746572 
 1957      76616C5F 
 1957      7400
 1958              	.LASF127:
 1959 0447 6275665F 		.ascii	"buf_list\000"
 1959      6C697374 
 1959      00
 1960              	.LASF61:
 1961 0450 70616E69 		.ascii	"panic_msg\000"
 1961      635F6D73 
 1961      6700
 1962              	.LASF16:
 1963 045a 746D6F64 		.ascii	"tmode_t\000"
 1963      655F7400 
 1964              	.LASF23:
 1965 0462 75636E74 		.ascii	"ucnt_t\000"
 1965      5F7400
 1966              	.LASF66:
 1967 0469 6D61696E 		.ascii	"mainthread\000"
 1967      74687265 
 1967      616400
ARM GAS  /tmp/ccghJp3N.s 			page 40


 1968              	.LASF2:
 1969 0474 6C6F6E67 		.ascii	"long double\000"
 1969      20646F75 
 1969      626C6500 
 1970              	.LASF10:
 1971 0480 75696E74 		.ascii	"uint16_t\000"
 1971      31365F74 
 1971      00
 1972              	.LASF106:
 1973 0489 63686465 		.ascii	"chdebug_t\000"
 1973      6275675F 
 1973      7400
 1974              	.LASF95:
 1975 0493 6F66665F 		.ascii	"off_prio\000"
 1975      7072696F 
 1975      00
 1976              	.LASF112:
 1977 049c 746F706D 		.ascii	"topmem\000"
 1977      656D00
 1978              	.LASF114:
 1979 04a3 63685F6D 		.ascii	"ch_memcore\000"
 1979      656D636F 
 1979      726500
 1980              	.LASF4:
 1981 04ae 73686F72 		.ascii	"short int\000"
 1981      7420696E 
 1981      7400
 1982              	.LASF7:
 1983 04b8 6C6F6E67 		.ascii	"long int\000"
 1983      20696E74 
 1983      00
 1984              	.LASF73:
 1985 04c1 706F7274 		.ascii	"port_intctx\000"
 1985      5F696E74 
 1985      63747800 
 1986              	.LASF134:
 1987 04cd 63685F66 		.ascii	"ch_factory\000"
 1987      6163746F 
 1987      727900
 1988              	.LASF63:
 1989 04d8 63685F73 		.ascii	"ch_system\000"
 1989      79737465 
 1989      6D00
 1990              	.LASF118:
 1991 04e2 70726F76 		.ascii	"provider\000"
 1991      69646572 
 1991      00
 1992              	.LASF58:
 1993 04eb 6C617374 		.ascii	"lasttime\000"
 1993      74696D65 
 1993      00
 1994              	.LASF14:
 1995 04f4 75696E74 		.ascii	"uint64_t\000"
 1995      36345F74 
 1995      00
 1996              	.LASF64:
 1997 04fd 726C6973 		.ascii	"rlist\000"
ARM GAS  /tmp/ccghJp3N.s 			page 41


 1997      7400
 1998              	.LASF110:
 1999 0503 6D656D67 		.ascii	"memgetfunc_t\000"
 1999      65746675 
 1999      6E635F74 
 1999      00
 2000              	.LASF29:
 2001 0510 6E616D65 		.ascii	"name\000"
 2001      00
 2002              	.LASF137:
 2003 0515 2F686F6D 		.ascii	"/home/fangzhou/Documents/BLDC_Controller/SulawesiTo"
 2003      652F6661 
 2003      6E677A68 
 2003      6F752F44 
 2003      6F63756D 
 2004 0548 72717565 		.ascii	"rqueEngine/src/STM32F0\000"
 2004      456E6769 
 2004      6E652F73 
 2004      72632F53 
 2004      544D3332 
 2005              	.LASF104:
 2006 055f 6F66665F 		.ascii	"off_preempt\000"
 2006      70726565 
 2006      6D707400 
 2007              	.LASF88:
 2008 056b 6964656E 		.ascii	"identifier\000"
 2008      74696669 
 2008      657200
 2009              	.LASF18:
 2010 0576 74726566 		.ascii	"trefs_t\000"
 2010      735F7400 
 2011              	.LASF13:
 2012 057e 6C6F6E67 		.ascii	"long unsigned int\000"
 2012      20756E73 
 2012      69676E65 
 2012      6420696E 
 2012      7400
 2013              	.LASF48:
 2014 0590 72656164 		.ascii	"ready_list_t\000"
 2014      795F6C69 
 2014      73745F74 
 2014      00
 2015              	.LASF25:
 2016 059d 71756575 		.ascii	"queue\000"
 2016      6500
 2017              	.LASF6:
 2018 05a3 696E7433 		.ascii	"int32_t\000"
 2018      325F7400 
 2019              	.LASF80:
 2020 05ab 77747365 		.ascii	"wtsemp\000"
 2020      6D7000
 2021              	.LASF108:
 2022 05b2 6D757465 		.ascii	"mutex_t\000"
 2022      785F7400 
 2023              	.LASF27:
 2024 05ba 6E657765 		.ascii	"newer\000"
 2024      7200
ARM GAS  /tmp/ccghJp3N.s 			page 42


 2025              	.LASF9:
 2026 05c0 756E7369 		.ascii	"unsigned char\000"
 2026      676E6564 
 2026      20636861 
 2026      7200
 2027              	.LASF34:
 2028 05ce 77616974 		.ascii	"waiting\000"
 2028      696E6700 
 2029              	.LASF56:
 2030 05d6 76697274 		.ascii	"virtual_timers_list_t\000"
 2030      75616C5F 
 2030      74696D65 
 2030      72735F6C 
 2030      6973745F 
 2031              	.LASF121:
 2032 05ec 64796E5F 		.ascii	"dyn_element_t\000"
 2032      656C656D 
 2032      656E745F 
 2032      7400
 2033              	.LASF130:
 2034 05fa 6D62785F 		.ascii	"mbx_list\000"
 2034      6C697374 
 2034      00
 2035              	.LASF31:
 2036 0603 73746174 		.ascii	"state\000"
 2036      6500
 2037              	.LASF115:
 2038 0609 706F6F6C 		.ascii	"pool_header\000"
 2038      5F686561 
 2038      64657200 
 2039              	.LASF62:
 2040 0615 63685F73 		.ascii	"ch_system_t\000"
 2040      79737465 
 2040      6D5F7400 
 2041              	.LASF78:
 2042 0621 77747472 		.ascii	"wttrp\000"
 2042      7000
 2043              	.LASF136:
 2044 0627 2E2E2F2E 		.ascii	"../../incl/ChibiOS/os/rt/src/chtrace.c\000"
 2044      2E2F696E 
 2044      636C2F43 
 2044      68696269 
 2044      4F532F6F 
 2045              	.LASF3:
 2046 064e 7369676E 		.ascii	"signed char\000"
 2046      65642063 
 2046      68617200 
 2047              	.LASF54:
 2048 065a 64656C74 		.ascii	"delta\000"
 2048      6100
 2049              	.LASF11:
 2050 0660 73686F72 		.ascii	"short unsigned int\000"
 2050      7420756E 
 2050      7369676E 
 2050      65642069 
 2050      6E7400
 2051              	.LASF72:
ARM GAS  /tmp/ccghJp3N.s 			page 43


 2052 0673 73746B61 		.ascii	"stkalign_t\000"
 2052      6C69676E 
 2052      5F7400
 2053              	.LASF103:
 2054 067e 6F66665F 		.ascii	"off_refs\000"
 2054      72656673 
 2054      00
 2055              	.LASF50:
 2056 0687 63757272 		.ascii	"current\000"
 2056      656E7400 
 2057              	.LASF107:
 2058 068f 63685F64 		.ascii	"ch_debug\000"
 2058      65627567 
 2058      00
 2059              	.LASF111:
 2060 0698 62617365 		.ascii	"basemem\000"
 2060      6D656D00 
 2061              	.LASF117:
 2062 06a0 616C6967 		.ascii	"align\000"
 2062      6E00
 2063              	.LASF28:
 2064 06a6 6F6C6465 		.ascii	"older\000"
 2064      7200
 2065              	.LASF76:
 2066 06ac 65786974 		.ascii	"exitcode\000"
 2066      636F6465 
 2066      00
 2067              	.LASF128:
 2068 06b5 73656D5F 		.ascii	"sem_list\000"
 2068      6C697374 
 2068      00
 2069              	.LASF39:
 2070 06be 6D706F6F 		.ascii	"mpool\000"
 2070      6C00
 2071              		.text
 2072              		.section	.gnu.lto_.profile.8b586410116c5838,"e",%progbits
 2073 0000 789CE360 		.ascii	"x\234\343``\004B \000\000\000]\000\013"
 2073      60044220 
 2073      0000005D 
 2073      000B
 2074              		.text
 2075              		.section	.gnu.lto_.icf.8b586410116c5838,"e",%progbits
 2076 0000 789CE360 		.ascii	"x\234\343``d`b@\006\000\000\316\000\014"
 2076      60646062 
 2076      40060000 
 2076      CE000C
 2077              		.text
 2078              		.section	.gnu.lto_.jmpfuncs.8b586410116c5838,"e",%progbits
 2079 0000 789CE360 		.ascii	"x\234\343``d`b@\006\000\000\316\000\014"
 2079      60646062 
 2079      40060000 
 2079      CE000C
 2080              		.text
 2081              		.section	.gnu.lto_.inline.8b586410116c5838,"e",%progbits
 2082 0000 789CE360 		.ascii	"x\234\343``d`b@\006\000\000\316\000\014"
 2082      60646062 
 2082      40060000 
ARM GAS  /tmp/ccghJp3N.s 			page 44


 2082      CE000C
 2083              		.text
 2084              		.section	.gnu.lto_.pureconst.8b586410116c5838,"e",%progbits
 2085 0000 789CE360 		.ascii	"x\234\343``\004B \000\000\000]\000\013"
 2085      60044220 
 2085      0000005D 
 2085      000B
 2086              		.text
 2087              		.section	.gnu.lto_.symbol_nodes.8b586410116c5838,"e",%progbits
 2088 0000 789CE360 		.ascii	"x\234\343``d`b\000\001\000\000n\000\014"
 2088      60646062 
 2088      00010000 
 2088      6E000C
 2089              		.text
 2090              		.section	.gnu.lto_.refs.8b586410116c5838,"e",%progbits
 2091 0000 789CE360 		.ascii	"x\234\343``\004B \000\000\000]\000\013"
 2091      60044220 
 2091      0000005D 
 2091      000B
 2092              		.text
 2093              		.section	.gnu.lto_.decls.8b586410116c5838,"e",%progbits
 2094 0000 789CE360 		.ascii	"x\234\343``d\000\001\020\251\002\304\377\201\000\304"
 2094      60640001 
 2094      10A902C4 
 2094      FF8100C4 
 2095 0010 BEC84000 		.ascii	"\276\310@\000\000\000\3015\004\375"
 2095      0000C135 
 2095      04FD
 2096              		.text
 2097              		.section	.gnu.lto_.symtab.8b586410116c5838,"e",%progbits
 2098              		.text
 2099              		.section	.gnu.lto_.opts,"e",%progbits
 2100 0000 272D666E 		.ascii	"'-fno-openmp' '-fno-openacc' '-fno-pie' '-mcpu=cort"
 2100      6F2D6F70 
 2100      656E6D70 
 2100      2720272D 
 2100      666E6F2D 
 2101 0033 65782D6D 		.ascii	"ex-m0' '-mthumb' '-mfloat-abi=soft' '-march=armv6s-"
 2101      30272027 
 2101      2D6D7468 
 2101      756D6227 
 2101      20272D6D 
 2102 0066 6D272027 		.ascii	"m' '-O2' '-fomit-frame-pointer' '-falign-functions="
 2102      2D4F3227 
 2102      20272D66 
 2102      6F6D6974 
 2102      2D667261 
 2103 0099 31362720 		.ascii	"16' '-ffunction-sections' '-fdata-sections' '-fno-c"
 2103      272D6666 
 2103      756E6374 
 2103      696F6E2D 
 2103      73656374 
 2104 00cc 6F6D6D6F 		.ascii	"ommon' '-flto'\000"
 2104      6E272027 
 2104      2D666C74 
 2104      6F2700
 2105              		.text
ARM GAS  /tmp/ccghJp3N.s 			page 45


 2106              		.comm	__gnu_lto_v1,1,1
 2107              		.comm	__gnu_lto_slim,1,1
 2108              		.ident	"GCC: (15:9-2019-q4-0ubuntu1) 9.2.1 20191025 (release) [ARM/arm-9-branch revision 277599]"
ARM GAS  /tmp/ccghJp3N.s 			page 46


DEFINED SYMBOLS
                            *ABS*:0000000000000000 chtrace.c
     /tmp/ccghJp3N.s:32     .gnu.debuglto_.debug_info:0000000000000000 chtrace.c.0b154cdc
                            *COM*:0000000000000001 __gnu_lto_v1
                            *COM*:0000000000000001 __gnu_lto_slim

NO UNDEFINED SYMBOLS
